<?xml version="1.0" encoding="UTF-8"?>
<testsuite name="examples.DoublyLinkedListNode_ESTest" tests="4" skipped="0" failures="3" errors="0" timestamp="2022-05-24T18:01:48" hostname="grtx" time="0.026">
  <properties/>
  <testcase name="test0" classname="examples.DoublyLinkedListNode_ESTest" time="0.017">
    <failure message="java.lang.AssertionError" type="java.lang.AssertionError">java.lang.AssertionError
	at examples.DoublyLinkedListNode.insertRight(DoublyLinkedListNode.java:49)
	at examples.DoublyLinkedListNode_ESTest.test0(DoublyLinkedListNode_ESTest.java:23)
	at sun.reflect.NativeMethodAccessorImpl.invoke0(Native Method)
	at sun.reflect.NativeMethodAccessorImpl.invoke(NativeMethodAccessorImpl.java:62)
	at sun.reflect.DelegatingMethodAccessorImpl.invoke(DelegatingMethodAccessorImpl.java:43)
	at java.lang.reflect.Method.invoke(Method.java:498)
	at org.junit.runners.model.FrameworkMethod$1.runReflectiveCall(FrameworkMethod.java:50)
	at org.junit.internal.runners.model.ReflectiveCallable.run(ReflectiveCallable.java:12)
	at org.junit.runners.model.FrameworkMethod.invokeExplosively(FrameworkMethod.java:47)
	at org.junit.internal.runners.statements.InvokeMethod.evaluate(InvokeMethod.java:17)
	at org.junit.internal.runners.statements.FailOnTimeout$CallableStatement.call(FailOnTimeout.java:298)
	at org.junit.internal.runners.statements.FailOnTimeout$CallableStatement.call(FailOnTimeout.java:292)
	at java.util.concurrent.FutureTask.run(FutureTask.java:266)
	at java.lang.Thread.run(Thread.java:748)
</failure>
  </testcase>
  <testcase name="test1" classname="examples.DoublyLinkedListNode_ESTest" time="0.002">
    <failure message="java.lang.AssertionError" type="java.lang.AssertionError">java.lang.AssertionError
	at examples.DoublyLinkedListNode.insertRight(DoublyLinkedListNode.java:49)
	at examples.DoublyLinkedListNode_ESTest.test1(DoublyLinkedListNode_ESTest.java:32)
	at sun.reflect.NativeMethodAccessorImpl.invoke0(Native Method)
	at sun.reflect.NativeMethodAccessorImpl.invoke(NativeMethodAccessorImpl.java:62)
	at sun.reflect.DelegatingMethodAccessorImpl.invoke(DelegatingMethodAccessorImpl.java:43)
	at java.lang.reflect.Method.invoke(Method.java:498)
	at org.junit.runners.model.FrameworkMethod$1.runReflectiveCall(FrameworkMethod.java:50)
	at org.junit.internal.runners.model.ReflectiveCallable.run(ReflectiveCallable.java:12)
	at org.junit.runners.model.FrameworkMethod.invokeExplosively(FrameworkMethod.java:47)
	at org.junit.internal.runners.statements.InvokeMethod.evaluate(InvokeMethod.java:17)
	at org.junit.internal.runners.statements.FailOnTimeout$CallableStatement.call(FailOnTimeout.java:298)
	at org.junit.internal.runners.statements.FailOnTimeout$CallableStatement.call(FailOnTimeout.java:292)
	at java.util.concurrent.FutureTask.run(FutureTask.java:266)
	at java.lang.Thread.run(Thread.java:748)
</failure>
  </testcase>
  <testcase name="test2" classname="examples.DoublyLinkedListNode_ESTest" time="0.002">
    <failure message="java.lang.AssertionError" type="java.lang.AssertionError">java.lang.AssertionError
	at examples.DoublyLinkedListNode.insertRight(DoublyLinkedListNode.java:49)
	at examples.DoublyLinkedListNode_ESTest.test2(DoublyLinkedListNode_ESTest.java:43)
	at sun.reflect.NativeMethodAccessorImpl.invoke0(Native Method)
	at sun.reflect.NativeMethodAccessorImpl.invoke(NativeMethodAccessorImpl.java:62)
	at sun.reflect.DelegatingMethodAccessorImpl.invoke(DelegatingMethodAccessorImpl.java:43)
	at java.lang.reflect.Method.invoke(Method.java:498)
	at org.junit.runners.model.FrameworkMethod$1.runReflectiveCall(FrameworkMethod.java:50)
	at org.junit.internal.runners.model.ReflectiveCallable.run(ReflectiveCallable.java:12)
	at org.junit.runners.model.FrameworkMethod.invokeExplosively(FrameworkMethod.java:47)
	at org.junit.internal.runners.statements.InvokeMethod.evaluate(InvokeMethod.java:17)
	at org.junit.internal.runners.statements.FailOnTimeout$CallableStatement.call(FailOnTimeout.java:298)
	at org.junit.internal.runners.statements.FailOnTimeout$CallableStatement.call(FailOnTimeout.java:292)
	at java.util.concurrent.FutureTask.run(FutureTask.java:266)
	at java.lang.Thread.run(Thread.java:748)
</failure>
  </testcase>
  <testcase name="test3" classname="examples.DoublyLinkedListNode_ESTest" time="0.005"/>
  <system-out><![CDATA[20:01:47.700 [Test worker] INFO  o.e.r.instrumentation.EvoClassLoader - Seeing class for first time: examples.DoublyLinkedListNode_ESTest
20:01:47.703 [Test worker] INFO  o.e.r.instrumentation.EvoClassLoader - Instrumenting class 'examples.DoublyLinkedListNode_ESTest'.
20:01:47.738 [Test worker] INFO  o.e.r.instrumentation.EvoClassLoader - Seeing class for first time: examples.DoublyLinkedListNode_ESTest_scaffolding
20:01:47.739 [Test worker] INFO  o.e.r.instrumentation.EvoClassLoader - Instrumenting class 'examples.DoublyLinkedListNode_ESTest_scaffolding'.
20:01:47.743 [Test worker] INFO  o.e.r.instrumentation.EvoClassLoader - Keeping class: examples.DoublyLinkedListNode_ESTest_scaffolding
20:01:47.743 [Test worker] INFO  o.e.r.instrumentation.EvoClassLoader - Keeping class: examples.DoublyLinkedListNode_ESTest
20:01:48.018 [Test worker] DEBUG o.e.runtime.sandbox.MSecurityManager - Adding privileged thread: "Reference Handler"
20:01:48.019 [Test worker] DEBUG o.e.runtime.sandbox.MSecurityManager - Adding privileged thread: "Finalizer"
20:01:48.019 [Test worker] DEBUG o.e.runtime.sandbox.MSecurityManager - Adding privileged thread: "Signal Dispatcher"
20:01:48.019 [Test worker] DEBUG o.e.runtime.sandbox.MSecurityManager - Adding privileged thread: "Attach Listener"
20:01:48.019 [Test worker] DEBUG o.e.runtime.sandbox.MSecurityManager - Adding privileged thread: "Java2D Disposer"
20:01:48.019 [Test worker] DEBUG o.e.runtime.sandbox.MSecurityManager - Adding privileged thread: "AWT-Shutdown"
20:01:48.020 [Test worker] DEBUG o.e.runtime.sandbox.MSecurityManager - Adding privileged thread: "AWT-Windows"
20:01:48.020 [Test worker] DEBUG o.e.runtime.sandbox.MSecurityManager - Adding privileged thread: "main"
20:01:48.020 [Test worker] DEBUG o.e.runtime.sandbox.MSecurityManager - Adding privileged thread: "Test worker"
20:01:48.020 [Test worker] DEBUG o.e.runtime.sandbox.MSecurityManager - Adding privileged thread: "/127.0.0.1:59172 to /127.0.0.1:59171 workers Thread 2"
20:01:48.020 [Test worker] DEBUG o.e.runtime.sandbox.MSecurityManager - Adding privileged thread: "/127.0.0.1:59172 to /127.0.0.1:59171 workers Thread 3"
20:01:48.089 [Test worker] INFO  o.e.r.instrumentation.EvoClassLoader - Seeing class for first time: examples.DoublyLinkedListNode
20:01:48.090 [Test worker] INFO  o.e.r.instrumentation.EvoClassLoader - Instrumenting class 'examples.DoublyLinkedListNode'.
20:01:48.111 [Test worker] INFO  o.e.r.i.MethodCallReplacementClassAdapter - Adding mock interface to class examples/DoublyLinkedListNode
20:01:48.322 [Test worker] INFO  o.e.r.i.CreateClassResetClassAdapter - Found static initializer in class examples/DoublyLinkedListNode
20:01:48.325 [Test worker] INFO  o.e.r.instrumentation.EvoClassLoader - Keeping class: examples.DoublyLinkedListNode
]]></system-out>
  <system-err><![CDATA[]]></system-err>
</testsuite>
