<?xml version="1.0" encoding="UTF-8"?>
<testsuite name="examples.SimpleMethods_ESTest" tests="2" skipped="0" failures="1" errors="0" timestamp="2022-05-25T16:00:37" hostname="grtx" time="0.029">
  <properties/>
  <testcase name="test1" classname="examples.SimpleMethods_ESTest" time="0.018"/>
  <testcase name="test0" classname="examples.SimpleMethods_ESTest" time="0.01">
    <failure message="java.lang.AssertionError: expected:&lt;4356&gt; but was:&lt;0&gt;" type="java.lang.AssertionError">java.lang.AssertionError: expected:&lt;4356&gt; but was:&lt;0&gt;
	at org.junit.Assert.fail(Assert.java:88)
	at org.junit.Assert.failNotEquals(Assert.java:834)
	at org.junit.Assert.assertEquals(Assert.java:645)
	at org.junit.Assert.assertEquals(Assert.java:631)
	at examples.SimpleMethods_ESTest.test0(SimpleMethods_ESTest.java:22)
	at sun.reflect.NativeMethodAccessorImpl.invoke0(Native Method)
	at sun.reflect.NativeMethodAccessorImpl.invoke(NativeMethodAccessorImpl.java:62)
	at sun.reflect.DelegatingMethodAccessorImpl.invoke(DelegatingMethodAccessorImpl.java:43)
	at java.lang.reflect.Method.invoke(Method.java:498)
	at org.junit.runners.model.FrameworkMethod$1.runReflectiveCall(FrameworkMethod.java:50)
	at org.junit.internal.runners.model.ReflectiveCallable.run(ReflectiveCallable.java:12)
	at org.junit.runners.model.FrameworkMethod.invokeExplosively(FrameworkMethod.java:47)
	at org.junit.internal.runners.statements.InvokeMethod.evaluate(InvokeMethod.java:17)
	at org.junit.internal.runners.statements.FailOnTimeout$CallableStatement.call(FailOnTimeout.java:298)
	at org.junit.internal.runners.statements.FailOnTimeout$CallableStatement.call(FailOnTimeout.java:292)
	at java.util.concurrent.FutureTask.run(FutureTask.java:266)
	at java.lang.Thread.run(Thread.java:748)
</failure>
  </testcase>
  <system-out><![CDATA[18:00:36.870 [Test worker] INFO  o.e.r.instrumentation.EvoClassLoader - Seeing class for first time: examples.SimpleMethods_ESTest
18:00:36.875 [Test worker] INFO  o.e.r.instrumentation.EvoClassLoader - Instrumenting class 'examples.SimpleMethods_ESTest'.
18:00:36.936 [Test worker] INFO  o.e.r.instrumentation.EvoClassLoader - Seeing class for first time: examples.SimpleMethods_ESTest_scaffolding
18:00:36.936 [Test worker] INFO  o.e.r.instrumentation.EvoClassLoader - Instrumenting class 'examples.SimpleMethods_ESTest_scaffolding'.
18:00:36.941 [Test worker] INFO  o.e.r.instrumentation.EvoClassLoader - Keeping class: examples.SimpleMethods_ESTest_scaffolding
18:00:36.941 [Test worker] INFO  o.e.r.instrumentation.EvoClassLoader - Keeping class: examples.SimpleMethods_ESTest
18:00:37.340 [Test worker] DEBUG o.e.runtime.sandbox.MSecurityManager - Adding privileged thread: "Reference Handler"
18:00:37.340 [Test worker] DEBUG o.e.runtime.sandbox.MSecurityManager - Adding privileged thread: "Finalizer"
18:00:37.340 [Test worker] DEBUG o.e.runtime.sandbox.MSecurityManager - Adding privileged thread: "Signal Dispatcher"
18:00:37.340 [Test worker] DEBUG o.e.runtime.sandbox.MSecurityManager - Adding privileged thread: "Attach Listener"
18:00:37.340 [Test worker] DEBUG o.e.runtime.sandbox.MSecurityManager - Adding privileged thread: "Java2D Disposer"
18:00:37.340 [Test worker] DEBUG o.e.runtime.sandbox.MSecurityManager - Adding privileged thread: "AWT-Shutdown"
18:00:37.340 [Test worker] DEBUG o.e.runtime.sandbox.MSecurityManager - Adding privileged thread: "AWT-Windows"
18:00:37.340 [Test worker] DEBUG o.e.runtime.sandbox.MSecurityManager - Adding privileged thread: "main"
18:00:37.340 [Test worker] DEBUG o.e.runtime.sandbox.MSecurityManager - Adding privileged thread: "Test worker"
18:00:37.340 [Test worker] DEBUG o.e.runtime.sandbox.MSecurityManager - Adding privileged thread: "/127.0.0.1:54240 to /127.0.0.1:54239 workers Thread 2"
18:00:37.340 [Test worker] DEBUG o.e.runtime.sandbox.MSecurityManager - Adding privileged thread: "/127.0.0.1:54240 to /127.0.0.1:54239 workers Thread 3"
18:00:37.475 [Test worker] INFO  o.e.r.instrumentation.EvoClassLoader - Seeing class for first time: examples.SimpleMethods
18:00:37.475 [Test worker] INFO  o.e.r.instrumentation.EvoClassLoader - Instrumenting class 'examples.SimpleMethods'.
18:00:37.496 [Test worker] INFO  o.e.r.i.MethodCallReplacementClassAdapter - Adding mock interface to class examples/SimpleMethods
18:00:37.795 [Test worker] INFO  o.e.r.i.CreateClassResetClassAdapter - Creating brand-new static initializer in class examples/SimpleMethods
18:00:37.803 [Test worker] INFO  o.e.r.instrumentation.EvoClassLoader - Keeping class: examples.SimpleMethods
]]></system-out>
  <system-err><![CDATA[]]></system-err>
</testsuite>
