<?xml version="1.0" encoding="UTF-8"?>
<testsuite name="DataStructures.StackAr_ESTest" tests="15" skipped="0" failures="7" errors="0" timestamp="2022-05-25T12:03:36" hostname="grtx" time="0.075">
  <properties/>
  <testcase name="test07" classname="DataStructures.StackAr_ESTest" time="0.018"/>
  <testcase name="test06" classname="DataStructures.StackAr_ESTest" time="0.008">
    <failure message="java.lang.AssertionError" type="java.lang.AssertionError">java.lang.AssertionError
	at DataStructures.StackAr.push(StackAr.java:104)
	at DataStructures.StackAr_ESTest.test06(StackAr_ESTest.java:70)
	at sun.reflect.NativeMethodAccessorImpl.invoke0(Native Method)
	at sun.reflect.NativeMethodAccessorImpl.invoke(NativeMethodAccessorImpl.java:62)
	at sun.reflect.DelegatingMethodAccessorImpl.invoke(DelegatingMethodAccessorImpl.java:43)
	at java.lang.reflect.Method.invoke(Method.java:498)
	at org.junit.runners.model.FrameworkMethod$1.runReflectiveCall(FrameworkMethod.java:50)
	at org.junit.internal.runners.model.ReflectiveCallable.run(ReflectiveCallable.java:12)
	at org.junit.runners.model.FrameworkMethod.invokeExplosively(FrameworkMethod.java:47)
	at org.junit.internal.runners.statements.InvokeMethod.evaluate(InvokeMethod.java:17)
	at org.junit.internal.runners.statements.FailOnTimeout$CallableStatement.call(FailOnTimeout.java:298)
	at org.junit.internal.runners.statements.FailOnTimeout$CallableStatement.call(FailOnTimeout.java:292)
	at java.util.concurrent.FutureTask.run(FutureTask.java:266)
	at java.lang.Thread.run(Thread.java:748)
</failure>
  </testcase>
  <testcase name="test09" classname="DataStructures.StackAr_ESTest" time="0.017"/>
  <testcase name="test08" classname="DataStructures.StackAr_ESTest" time="0.005"/>
  <testcase name="test10" classname="DataStructures.StackAr_ESTest" time="0.004">
    <failure message="java.lang.AssertionError" type="java.lang.AssertionError">java.lang.AssertionError
	at DataStructures.StackAr.push(StackAr.java:104)
	at DataStructures.StackAr_ESTest.test10(StackAr_ESTest.java:107)
	at sun.reflect.NativeMethodAccessorImpl.invoke0(Native Method)
	at sun.reflect.NativeMethodAccessorImpl.invoke(NativeMethodAccessorImpl.java:62)
	at sun.reflect.DelegatingMethodAccessorImpl.invoke(DelegatingMethodAccessorImpl.java:43)
	at java.lang.reflect.Method.invoke(Method.java:498)
	at org.junit.runners.model.FrameworkMethod$1.runReflectiveCall(FrameworkMethod.java:50)
	at org.junit.internal.runners.model.ReflectiveCallable.run(ReflectiveCallable.java:12)
	at org.junit.runners.model.FrameworkMethod.invokeExplosively(FrameworkMethod.java:47)
	at org.junit.internal.runners.statements.InvokeMethod.evaluate(InvokeMethod.java:17)
	at org.junit.internal.runners.statements.FailOnTimeout$CallableStatement.call(FailOnTimeout.java:298)
	at org.junit.internal.runners.statements.FailOnTimeout$CallableStatement.call(FailOnTimeout.java:292)
	at java.util.concurrent.FutureTask.run(FutureTask.java:266)
	at java.lang.Thread.run(Thread.java:748)
</failure>
  </testcase>
  <testcase name="test01" classname="DataStructures.StackAr_ESTest" time="0.003">
    <failure message="java.lang.AssertionError" type="java.lang.AssertionError">java.lang.AssertionError
	at DataStructures.StackAr.push(StackAr.java:104)
	at DataStructures.StackAr_ESTest.test01(StackAr_ESTest.java:30)
	at sun.reflect.NativeMethodAccessorImpl.invoke0(Native Method)
	at sun.reflect.NativeMethodAccessorImpl.invoke(NativeMethodAccessorImpl.java:62)
	at sun.reflect.DelegatingMethodAccessorImpl.invoke(DelegatingMethodAccessorImpl.java:43)
	at java.lang.reflect.Method.invoke(Method.java:498)
	at org.junit.runners.model.FrameworkMethod$1.runReflectiveCall(FrameworkMethod.java:50)
	at org.junit.internal.runners.model.ReflectiveCallable.run(ReflectiveCallable.java:12)
	at org.junit.runners.model.FrameworkMethod.invokeExplosively(FrameworkMethod.java:47)
	at org.junit.internal.runners.statements.InvokeMethod.evaluate(InvokeMethod.java:17)
	at org.junit.internal.runners.statements.FailOnTimeout$CallableStatement.call(FailOnTimeout.java:298)
	at org.junit.internal.runners.statements.FailOnTimeout$CallableStatement.call(FailOnTimeout.java:292)
	at java.util.concurrent.FutureTask.run(FutureTask.java:266)
	at java.lang.Thread.run(Thread.java:748)
</failure>
  </testcase>
  <testcase name="test12" classname="DataStructures.StackAr_ESTest" time="0.002"/>
  <testcase name="test00" classname="DataStructures.StackAr_ESTest" time="0.002">
    <failure message="java.lang.AssertionError" type="java.lang.AssertionError">java.lang.AssertionError
	at DataStructures.StackAr.push(StackAr.java:104)
	at DataStructures.StackAr_ESTest.test00(StackAr_ESTest.java:22)
	at sun.reflect.NativeMethodAccessorImpl.invoke0(Native Method)
	at sun.reflect.NativeMethodAccessorImpl.invoke(NativeMethodAccessorImpl.java:62)
	at sun.reflect.DelegatingMethodAccessorImpl.invoke(DelegatingMethodAccessorImpl.java:43)
	at java.lang.reflect.Method.invoke(Method.java:498)
	at org.junit.runners.model.FrameworkMethod$1.runReflectiveCall(FrameworkMethod.java:50)
	at org.junit.internal.runners.model.ReflectiveCallable.run(ReflectiveCallable.java:12)
	at org.junit.runners.model.FrameworkMethod.invokeExplosively(FrameworkMethod.java:47)
	at org.junit.internal.runners.statements.InvokeMethod.evaluate(InvokeMethod.java:17)
	at org.junit.internal.runners.statements.FailOnTimeout$CallableStatement.call(FailOnTimeout.java:298)
	at org.junit.internal.runners.statements.FailOnTimeout$CallableStatement.call(FailOnTimeout.java:292)
	at java.util.concurrent.FutureTask.run(FutureTask.java:266)
	at java.lang.Thread.run(Thread.java:748)
</failure>
  </testcase>
  <testcase name="test11" classname="DataStructures.StackAr_ESTest" time="0.002"/>
  <testcase name="test03" classname="DataStructures.StackAr_ESTest" time="0.002">
    <failure message="java.lang.AssertionError" type="java.lang.AssertionError">java.lang.AssertionError
	at DataStructures.StackAr.push(StackAr.java:104)
	at DataStructures.StackAr_ESTest.test03(StackAr_ESTest.java:48)
	at sun.reflect.NativeMethodAccessorImpl.invoke0(Native Method)
	at sun.reflect.NativeMethodAccessorImpl.invoke(NativeMethodAccessorImpl.java:62)
	at sun.reflect.DelegatingMethodAccessorImpl.invoke(DelegatingMethodAccessorImpl.java:43)
	at java.lang.reflect.Method.invoke(Method.java:498)
	at org.junit.runners.model.FrameworkMethod$1.runReflectiveCall(FrameworkMethod.java:50)
	at org.junit.internal.runners.model.ReflectiveCallable.run(ReflectiveCallable.java:12)
	at org.junit.runners.model.FrameworkMethod.invokeExplosively(FrameworkMethod.java:47)
	at org.junit.internal.runners.statements.InvokeMethod.evaluate(InvokeMethod.java:17)
	at org.junit.internal.runners.statements.FailOnTimeout$CallableStatement.call(FailOnTimeout.java:298)
	at org.junit.internal.runners.statements.FailOnTimeout$CallableStatement.call(FailOnTimeout.java:292)
	at java.util.concurrent.FutureTask.run(FutureTask.java:266)
	at java.lang.Thread.run(Thread.java:748)
</failure>
  </testcase>
  <testcase name="test14" classname="DataStructures.StackAr_ESTest" time="0.002"/>
  <testcase name="test02" classname="DataStructures.StackAr_ESTest" time="0.002">
    <failure message="java.lang.AssertionError" type="java.lang.AssertionError">java.lang.AssertionError
	at DataStructures.StackAr.push(StackAr.java:104)
	at DataStructures.StackAr_ESTest.test02(StackAr_ESTest.java:38)
	at sun.reflect.NativeMethodAccessorImpl.invoke0(Native Method)
	at sun.reflect.NativeMethodAccessorImpl.invoke(NativeMethodAccessorImpl.java:62)
	at sun.reflect.DelegatingMethodAccessorImpl.invoke(DelegatingMethodAccessorImpl.java:43)
	at java.lang.reflect.Method.invoke(Method.java:498)
	at org.junit.runners.model.FrameworkMethod$1.runReflectiveCall(FrameworkMethod.java:50)
	at org.junit.internal.runners.model.ReflectiveCallable.run(ReflectiveCallable.java:12)
	at org.junit.runners.model.FrameworkMethod.invokeExplosively(FrameworkMethod.java:47)
	at org.junit.internal.runners.statements.InvokeMethod.evaluate(InvokeMethod.java:17)
	at org.junit.internal.runners.statements.FailOnTimeout$CallableStatement.call(FailOnTimeout.java:298)
	at org.junit.internal.runners.statements.FailOnTimeout$CallableStatement.call(FailOnTimeout.java:292)
	at java.util.concurrent.FutureTask.run(FutureTask.java:266)
	at java.lang.Thread.run(Thread.java:748)
</failure>
  </testcase>
  <testcase name="test13" classname="DataStructures.StackAr_ESTest" time="0.001">
    <failure message="java.lang.AssertionError" type="java.lang.AssertionError">java.lang.AssertionError
	at DataStructures.StackAr.push(StackAr.java:104)
	at DataStructures.StackAr_ESTest.test13(StackAr_ESTest.java:137)
	at sun.reflect.NativeMethodAccessorImpl.invoke0(Native Method)
	at sun.reflect.NativeMethodAccessorImpl.invoke(NativeMethodAccessorImpl.java:62)
	at sun.reflect.DelegatingMethodAccessorImpl.invoke(DelegatingMethodAccessorImpl.java:43)
	at java.lang.reflect.Method.invoke(Method.java:498)
	at org.junit.runners.model.FrameworkMethod$1.runReflectiveCall(FrameworkMethod.java:50)
	at org.junit.internal.runners.model.ReflectiveCallable.run(ReflectiveCallable.java:12)
	at org.junit.runners.model.FrameworkMethod.invokeExplosively(FrameworkMethod.java:47)
	at org.junit.internal.runners.statements.InvokeMethod.evaluate(InvokeMethod.java:17)
	at org.junit.internal.runners.statements.FailOnTimeout$CallableStatement.call(FailOnTimeout.java:298)
	at org.junit.internal.runners.statements.FailOnTimeout$CallableStatement.call(FailOnTimeout.java:292)
	at java.util.concurrent.FutureTask.run(FutureTask.java:266)
	at java.lang.Thread.run(Thread.java:748)
</failure>
  </testcase>
  <testcase name="test05" classname="DataStructures.StackAr_ESTest" time="0.002"/>
  <testcase name="test04" classname="DataStructures.StackAr_ESTest" time="0.002"/>
  <system-out><![CDATA[14:03:35.310 [Test worker] INFO  o.e.r.instrumentation.EvoClassLoader - Seeing class for first time: DataStructures.StackAr_ESTest
14:03:35.313 [Test worker] INFO  o.e.r.instrumentation.EvoClassLoader - Instrumenting class 'DataStructures.StackAr_ESTest'.
14:03:35.350 [Test worker] INFO  o.e.r.instrumentation.EvoClassLoader - Seeing class for first time: DataStructures.StackAr_ESTest_scaffolding
14:03:35.350 [Test worker] INFO  o.e.r.instrumentation.EvoClassLoader - Instrumenting class 'DataStructures.StackAr_ESTest_scaffolding'.
14:03:35.353 [Test worker] INFO  o.e.r.instrumentation.EvoClassLoader - Keeping class: DataStructures.StackAr_ESTest_scaffolding
14:03:35.353 [Test worker] INFO  o.e.r.instrumentation.EvoClassLoader - Keeping class: DataStructures.StackAr_ESTest
14:03:35.694 [Test worker] DEBUG o.e.runtime.sandbox.MSecurityManager - Adding privileged thread: "Reference Handler"
14:03:35.694 [Test worker] DEBUG o.e.runtime.sandbox.MSecurityManager - Adding privileged thread: "Finalizer"
14:03:35.694 [Test worker] DEBUG o.e.runtime.sandbox.MSecurityManager - Adding privileged thread: "Signal Dispatcher"
14:03:35.694 [Test worker] DEBUG o.e.runtime.sandbox.MSecurityManager - Adding privileged thread: "Attach Listener"
14:03:35.694 [Test worker] DEBUG o.e.runtime.sandbox.MSecurityManager - Adding privileged thread: "Java2D Disposer"
14:03:35.695 [Test worker] DEBUG o.e.runtime.sandbox.MSecurityManager - Adding privileged thread: "AWT-Shutdown"
14:03:35.695 [Test worker] DEBUG o.e.runtime.sandbox.MSecurityManager - Adding privileged thread: "AWT-Windows"
14:03:35.695 [Test worker] DEBUG o.e.runtime.sandbox.MSecurityManager - Adding privileged thread: "main"
14:03:35.695 [Test worker] DEBUG o.e.runtime.sandbox.MSecurityManager - Adding privileged thread: "Test worker"
14:03:35.695 [Test worker] DEBUG o.e.runtime.sandbox.MSecurityManager - Adding privileged thread: "/127.0.0.1:60483 to /127.0.0.1:60482 workers Thread 2"
14:03:35.695 [Test worker] DEBUG o.e.runtime.sandbox.MSecurityManager - Adding privileged thread: "/127.0.0.1:60483 to /127.0.0.1:60482 workers Thread 3"
14:03:35.780 [Test worker] INFO  o.e.r.instrumentation.EvoClassLoader - Seeing class for first time: DataStructures.StackAr
14:03:35.781 [Test worker] INFO  o.e.r.instrumentation.EvoClassLoader - Instrumenting class 'DataStructures.StackAr'.
14:03:35.815 [Test worker] INFO  o.e.r.i.MethodCallReplacementClassAdapter - Adding mock interface to class DataStructures/StackAr
14:03:36.017 [Test worker] INFO  o.e.r.i.CreateClassResetClassAdapter - Found static initializer in class DataStructures/StackAr
14:03:36.019 [Test worker] INFO  o.e.r.instrumentation.EvoClassLoader - Keeping class: DataStructures.StackAr
14:03:36.019 [Test worker] INFO  o.e.r.instrumentation.EvoClassLoader - Seeing class for first time: DataStructures.Underflow
14:03:36.019 [Test worker] INFO  o.e.r.instrumentation.EvoClassLoader - Instrumenting class 'DataStructures.Underflow'.
14:03:36.020 [Test worker] INFO  o.e.r.i.MethodCallReplacementClassAdapter - Adding mock interface to class DataStructures/Underflow
14:03:36.021 [Test worker] INFO  o.e.r.i.CreateClassResetClassAdapter - Creating brand-new static initializer in class DataStructures/Underflow
14:03:36.021 [Test worker] INFO  o.e.r.instrumentation.EvoClassLoader - Keeping class: DataStructures.Underflow
14:03:36.021 [Test worker] INFO  o.e.r.instrumentation.EvoClassLoader - Seeing class for first time: DataStructures.Overflow
14:03:36.021 [Test worker] INFO  o.e.r.instrumentation.EvoClassLoader - Instrumenting class 'DataStructures.Overflow'.
14:03:36.022 [Test worker] INFO  o.e.r.i.MethodCallReplacementClassAdapter - Adding mock interface to class DataStructures/Overflow
14:03:36.023 [Test worker] INFO  o.e.r.i.CreateClassResetClassAdapter - Creating brand-new static initializer in class DataStructures/Overflow
14:03:36.023 [Test worker] INFO  o.e.r.instrumentation.EvoClassLoader - Keeping class: DataStructures.Overflow
14:03:36.094 [Test worker] INFO  o.e.runtime.thread.ThreadStopper - Found new thread
]]></system-out>
  <system-err><![CDATA[]]></system-err>
</testsuite>
