<?xml version="1.0" encoding="UTF-8"?>
<testsuite name="RegressionTest0" tests="258" skipped="0" failures="0" errors="0" timestamp="2022-05-25T11:36:24" hostname="grtx" time="0.034">
  <properties/>
  <testcase name="test001" classname="RegressionTest0" time="0.002"/>
  <testcase name="test002" classname="RegressionTest0" time="0.0"/>
  <testcase name="test003" classname="RegressionTest0" time="0.0"/>
  <testcase name="test004" classname="RegressionTest0" time="0.0"/>
  <testcase name="test005" classname="RegressionTest0" time="0.0"/>
  <testcase name="test006" classname="RegressionTest0" time="0.0"/>
  <testcase name="test007" classname="RegressionTest0" time="0.0"/>
  <testcase name="test008" classname="RegressionTest0" time="0.0"/>
  <testcase name="test009" classname="RegressionTest0" time="0.0"/>
  <testcase name="test010" classname="RegressionTest0" time="0.0"/>
  <testcase name="test011" classname="RegressionTest0" time="0.001"/>
  <testcase name="test012" classname="RegressionTest0" time="0.0"/>
  <testcase name="test013" classname="RegressionTest0" time="0.0"/>
  <testcase name="test014" classname="RegressionTest0" time="0.0"/>
  <testcase name="test015" classname="RegressionTest0" time="0.0"/>
  <testcase name="test016" classname="RegressionTest0" time="0.0"/>
  <testcase name="test017" classname="RegressionTest0" time="0.001"/>
  <testcase name="test018" classname="RegressionTest0" time="0.0"/>
  <testcase name="test019" classname="RegressionTest0" time="0.0"/>
  <testcase name="test020" classname="RegressionTest0" time="0.0"/>
  <testcase name="test021" classname="RegressionTest0" time="0.0"/>
  <testcase name="test022" classname="RegressionTest0" time="0.0"/>
  <testcase name="test023" classname="RegressionTest0" time="0.0"/>
  <testcase name="test024" classname="RegressionTest0" time="0.0"/>
  <testcase name="test025" classname="RegressionTest0" time="0.0"/>
  <testcase name="test026" classname="RegressionTest0" time="0.0"/>
  <testcase name="test027" classname="RegressionTest0" time="0.0"/>
  <testcase name="test028" classname="RegressionTest0" time="0.0"/>
  <testcase name="test029" classname="RegressionTest0" time="0.0"/>
  <testcase name="test030" classname="RegressionTest0" time="0.0"/>
  <testcase name="test031" classname="RegressionTest0" time="0.0"/>
  <testcase name="test032" classname="RegressionTest0" time="0.0"/>
  <testcase name="test033" classname="RegressionTest0" time="0.0"/>
  <testcase name="test034" classname="RegressionTest0" time="0.0"/>
  <testcase name="test035" classname="RegressionTest0" time="0.0"/>
  <testcase name="test036" classname="RegressionTest0" time="0.0"/>
  <testcase name="test037" classname="RegressionTest0" time="0.0"/>
  <testcase name="test038" classname="RegressionTest0" time="0.0"/>
  <testcase name="test039" classname="RegressionTest0" time="0.0"/>
  <testcase name="test040" classname="RegressionTest0" time="0.0"/>
  <testcase name="test041" classname="RegressionTest0" time="0.0"/>
  <testcase name="test042" classname="RegressionTest0" time="0.0"/>
  <testcase name="test043" classname="RegressionTest0" time="0.0"/>
  <testcase name="test044" classname="RegressionTest0" time="0.0"/>
  <testcase name="test045" classname="RegressionTest0" time="0.001"/>
  <testcase name="test046" classname="RegressionTest0" time="0.0"/>
  <testcase name="test047" classname="RegressionTest0" time="0.0"/>
  <testcase name="test048" classname="RegressionTest0" time="0.0"/>
  <testcase name="test049" classname="RegressionTest0" time="0.0"/>
  <testcase name="test050" classname="RegressionTest0" time="0.0"/>
  <testcase name="test051" classname="RegressionTest0" time="0.0"/>
  <testcase name="test052" classname="RegressionTest0" time="0.0"/>
  <testcase name="test053" classname="RegressionTest0" time="0.0"/>
  <testcase name="test054" classname="RegressionTest0" time="0.0"/>
  <testcase name="test055" classname="RegressionTest0" time="0.0"/>
  <testcase name="test056" classname="RegressionTest0" time="0.0"/>
  <testcase name="test057" classname="RegressionTest0" time="0.0"/>
  <testcase name="test058" classname="RegressionTest0" time="0.0"/>
  <testcase name="test059" classname="RegressionTest0" time="0.0"/>
  <testcase name="test060" classname="RegressionTest0" time="0.0"/>
  <testcase name="test061" classname="RegressionTest0" time="0.0"/>
  <testcase name="test062" classname="RegressionTest0" time="0.0"/>
  <testcase name="test063" classname="RegressionTest0" time="0.0"/>
  <testcase name="test064" classname="RegressionTest0" time="0.0"/>
  <testcase name="test065" classname="RegressionTest0" time="0.0"/>
  <testcase name="test066" classname="RegressionTest0" time="0.0"/>
  <testcase name="test067" classname="RegressionTest0" time="0.0"/>
  <testcase name="test068" classname="RegressionTest0" time="0.0"/>
  <testcase name="test069" classname="RegressionTest0" time="0.0"/>
  <testcase name="test070" classname="RegressionTest0" time="0.0"/>
  <testcase name="test071" classname="RegressionTest0" time="0.0"/>
  <testcase name="test072" classname="RegressionTest0" time="0.0"/>
  <testcase name="test073" classname="RegressionTest0" time="0.0"/>
  <testcase name="test074" classname="RegressionTest0" time="0.0"/>
  <testcase name="test075" classname="RegressionTest0" time="0.0"/>
  <testcase name="test076" classname="RegressionTest0" time="0.0"/>
  <testcase name="test077" classname="RegressionTest0" time="0.0"/>
  <testcase name="test078" classname="RegressionTest0" time="0.0"/>
  <testcase name="test079" classname="RegressionTest0" time="0.0"/>
  <testcase name="test080" classname="RegressionTest0" time="0.0"/>
  <testcase name="test081" classname="RegressionTest0" time="0.0"/>
  <testcase name="test082" classname="RegressionTest0" time="0.0"/>
  <testcase name="test083" classname="RegressionTest0" time="0.0"/>
  <testcase name="test084" classname="RegressionTest0" time="0.0"/>
  <testcase name="test085" classname="RegressionTest0" time="0.0"/>
  <testcase name="test086" classname="RegressionTest0" time="0.0"/>
  <testcase name="test087" classname="RegressionTest0" time="0.0"/>
  <testcase name="test088" classname="RegressionTest0" time="0.0"/>
  <testcase name="test089" classname="RegressionTest0" time="0.0"/>
  <testcase name="test090" classname="RegressionTest0" time="0.0"/>
  <testcase name="test091" classname="RegressionTest0" time="0.0"/>
  <testcase name="test092" classname="RegressionTest0" time="0.001"/>
  <testcase name="test093" classname="RegressionTest0" time="0.0"/>
  <testcase name="test094" classname="RegressionTest0" time="0.0"/>
  <testcase name="test095" classname="RegressionTest0" time="0.0"/>
  <testcase name="test096" classname="RegressionTest0" time="0.0"/>
  <testcase name="test097" classname="RegressionTest0" time="0.0"/>
  <testcase name="test098" classname="RegressionTest0" time="0.0"/>
  <testcase name="test099" classname="RegressionTest0" time="0.0"/>
  <testcase name="test100" classname="RegressionTest0" time="0.0"/>
  <testcase name="test101" classname="RegressionTest0" time="0.001"/>
  <testcase name="test102" classname="RegressionTest0" time="0.0"/>
  <testcase name="test103" classname="RegressionTest0" time="0.0"/>
  <testcase name="test104" classname="RegressionTest0" time="0.0"/>
  <testcase name="test105" classname="RegressionTest0" time="0.0"/>
  <testcase name="test106" classname="RegressionTest0" time="0.0"/>
  <testcase name="test107" classname="RegressionTest0" time="0.0"/>
  <testcase name="test108" classname="RegressionTest0" time="0.0"/>
  <testcase name="test109" classname="RegressionTest0" time="0.0"/>
  <testcase name="test110" classname="RegressionTest0" time="0.0"/>
  <testcase name="test111" classname="RegressionTest0" time="0.0"/>
  <testcase name="test112" classname="RegressionTest0" time="0.001"/>
  <testcase name="test113" classname="RegressionTest0" time="0.0"/>
  <testcase name="test114" classname="RegressionTest0" time="0.0"/>
  <testcase name="test115" classname="RegressionTest0" time="0.0"/>
  <testcase name="test116" classname="RegressionTest0" time="0.0"/>
  <testcase name="test117" classname="RegressionTest0" time="0.0"/>
  <testcase name="test118" classname="RegressionTest0" time="0.0"/>
  <testcase name="test119" classname="RegressionTest0" time="0.0"/>
  <testcase name="test120" classname="RegressionTest0" time="0.0"/>
  <testcase name="test121" classname="RegressionTest0" time="0.0"/>
  <testcase name="test122" classname="RegressionTest0" time="0.0"/>
  <testcase name="test123" classname="RegressionTest0" time="0.0"/>
  <testcase name="test124" classname="RegressionTest0" time="0.0"/>
  <testcase name="test125" classname="RegressionTest0" time="0.0"/>
  <testcase name="test126" classname="RegressionTest0" time="0.001"/>
  <testcase name="test127" classname="RegressionTest0" time="0.0"/>
  <testcase name="test128" classname="RegressionTest0" time="0.0"/>
  <testcase name="test129" classname="RegressionTest0" time="0.0"/>
  <testcase name="test001" classname="RegressionTest0" time="0.0"/>
  <testcase name="test002" classname="RegressionTest0" time="0.0"/>
  <testcase name="test003" classname="RegressionTest0" time="0.0"/>
  <testcase name="test004" classname="RegressionTest0" time="0.0"/>
  <testcase name="test005" classname="RegressionTest0" time="0.0"/>
  <testcase name="test006" classname="RegressionTest0" time="0.0"/>
  <testcase name="test007" classname="RegressionTest0" time="0.0"/>
  <testcase name="test008" classname="RegressionTest0" time="0.0"/>
  <testcase name="test009" classname="RegressionTest0" time="0.0"/>
  <testcase name="test010" classname="RegressionTest0" time="0.0"/>
  <testcase name="test011" classname="RegressionTest0" time="0.0"/>
  <testcase name="test012" classname="RegressionTest0" time="0.0"/>
  <testcase name="test013" classname="RegressionTest0" time="0.0"/>
  <testcase name="test014" classname="RegressionTest0" time="0.0"/>
  <testcase name="test015" classname="RegressionTest0" time="0.0"/>
  <testcase name="test016" classname="RegressionTest0" time="0.001"/>
  <testcase name="test017" classname="RegressionTest0" time="0.0"/>
  <testcase name="test018" classname="RegressionTest0" time="0.0"/>
  <testcase name="test019" classname="RegressionTest0" time="0.0"/>
  <testcase name="test020" classname="RegressionTest0" time="0.0"/>
  <testcase name="test021" classname="RegressionTest0" time="0.0"/>
  <testcase name="test022" classname="RegressionTest0" time="0.0"/>
  <testcase name="test023" classname="RegressionTest0" time="0.0"/>
  <testcase name="test024" classname="RegressionTest0" time="0.0"/>
  <testcase name="test025" classname="RegressionTest0" time="0.0"/>
  <testcase name="test026" classname="RegressionTest0" time="0.0"/>
  <testcase name="test027" classname="RegressionTest0" time="0.0"/>
  <testcase name="test028" classname="RegressionTest0" time="0.0"/>
  <testcase name="test029" classname="RegressionTest0" time="0.0"/>
  <testcase name="test030" classname="RegressionTest0" time="0.0"/>
  <testcase name="test031" classname="RegressionTest0" time="0.0"/>
  <testcase name="test032" classname="RegressionTest0" time="0.0"/>
  <testcase name="test033" classname="RegressionTest0" time="0.0"/>
  <testcase name="test034" classname="RegressionTest0" time="0.0"/>
  <testcase name="test035" classname="RegressionTest0" time="0.0"/>
  <testcase name="test036" classname="RegressionTest0" time="0.0"/>
  <testcase name="test037" classname="RegressionTest0" time="0.0"/>
  <testcase name="test038" classname="RegressionTest0" time="0.0"/>
  <testcase name="test039" classname="RegressionTest0" time="0.0"/>
  <testcase name="test040" classname="RegressionTest0" time="0.0"/>
  <testcase name="test041" classname="RegressionTest0" time="0.0"/>
  <testcase name="test042" classname="RegressionTest0" time="0.0"/>
  <testcase name="test043" classname="RegressionTest0" time="0.0"/>
  <testcase name="test044" classname="RegressionTest0" time="0.0"/>
  <testcase name="test045" classname="RegressionTest0" time="0.0"/>
  <testcase name="test046" classname="RegressionTest0" time="0.0"/>
  <testcase name="test047" classname="RegressionTest0" time="0.0"/>
  <testcase name="test048" classname="RegressionTest0" time="0.0"/>
  <testcase name="test049" classname="RegressionTest0" time="0.0"/>
  <testcase name="test050" classname="RegressionTest0" time="0.0"/>
  <testcase name="test051" classname="RegressionTest0" time="0.0"/>
  <testcase name="test052" classname="RegressionTest0" time="0.0"/>
  <testcase name="test053" classname="RegressionTest0" time="0.0"/>
  <testcase name="test054" classname="RegressionTest0" time="0.0"/>
  <testcase name="test055" classname="RegressionTest0" time="0.0"/>
  <testcase name="test056" classname="RegressionTest0" time="0.0"/>
  <testcase name="test057" classname="RegressionTest0" time="0.0"/>
  <testcase name="test058" classname="RegressionTest0" time="0.0"/>
  <testcase name="test059" classname="RegressionTest0" time="0.0"/>
  <testcase name="test060" classname="RegressionTest0" time="0.0"/>
  <testcase name="test061" classname="RegressionTest0" time="0.0"/>
  <testcase name="test062" classname="RegressionTest0" time="0.0"/>
  <testcase name="test063" classname="RegressionTest0" time="0.0"/>
  <testcase name="test064" classname="RegressionTest0" time="0.0"/>
  <testcase name="test065" classname="RegressionTest0" time="0.0"/>
  <testcase name="test066" classname="RegressionTest0" time="0.0"/>
  <testcase name="test067" classname="RegressionTest0" time="0.0"/>
  <testcase name="test068" classname="RegressionTest0" time="0.001"/>
  <testcase name="test069" classname="RegressionTest0" time="0.0"/>
  <testcase name="test070" classname="RegressionTest0" time="0.0"/>
  <testcase name="test071" classname="RegressionTest0" time="0.0"/>
  <testcase name="test072" classname="RegressionTest0" time="0.0"/>
  <testcase name="test073" classname="RegressionTest0" time="0.0"/>
  <testcase name="test074" classname="RegressionTest0" time="0.0"/>
  <testcase name="test075" classname="RegressionTest0" time="0.0"/>
  <testcase name="test076" classname="RegressionTest0" time="0.0"/>
  <testcase name="test077" classname="RegressionTest0" time="0.0"/>
  <testcase name="test078" classname="RegressionTest0" time="0.0"/>
  <testcase name="test079" classname="RegressionTest0" time="0.0"/>
  <testcase name="test080" classname="RegressionTest0" time="0.0"/>
  <testcase name="test081" classname="RegressionTest0" time="0.0"/>
  <testcase name="test082" classname="RegressionTest0" time="0.0"/>
  <testcase name="test083" classname="RegressionTest0" time="0.0"/>
  <testcase name="test084" classname="RegressionTest0" time="0.0"/>
  <testcase name="test085" classname="RegressionTest0" time="0.0"/>
  <testcase name="test086" classname="RegressionTest0" time="0.0"/>
  <testcase name="test087" classname="RegressionTest0" time="0.0"/>
  <testcase name="test088" classname="RegressionTest0" time="0.0"/>
  <testcase name="test089" classname="RegressionTest0" time="0.0"/>
  <testcase name="test090" classname="RegressionTest0" time="0.0"/>
  <testcase name="test091" classname="RegressionTest0" time="0.0"/>
  <testcase name="test092" classname="RegressionTest0" time="0.0"/>
  <testcase name="test093" classname="RegressionTest0" time="0.0"/>
  <testcase name="test094" classname="RegressionTest0" time="0.0"/>
  <testcase name="test095" classname="RegressionTest0" time="0.0"/>
  <testcase name="test096" classname="RegressionTest0" time="0.0"/>
  <testcase name="test097" classname="RegressionTest0" time="0.0"/>
  <testcase name="test098" classname="RegressionTest0" time="0.0"/>
  <testcase name="test099" classname="RegressionTest0" time="0.0"/>
  <testcase name="test100" classname="RegressionTest0" time="0.0"/>
  <testcase name="test101" classname="RegressionTest0" time="0.0"/>
  <testcase name="test102" classname="RegressionTest0" time="0.0"/>
  <testcase name="test103" classname="RegressionTest0" time="0.0"/>
  <testcase name="test104" classname="RegressionTest0" time="0.0"/>
  <testcase name="test105" classname="RegressionTest0" time="0.0"/>
  <testcase name="test106" classname="RegressionTest0" time="0.0"/>
  <testcase name="test107" classname="RegressionTest0" time="0.0"/>
  <testcase name="test108" classname="RegressionTest0" time="0.0"/>
  <testcase name="test109" classname="RegressionTest0" time="0.0"/>
  <testcase name="test110" classname="RegressionTest0" time="0.0"/>
  <testcase name="test111" classname="RegressionTest0" time="0.0"/>
  <testcase name="test112" classname="RegressionTest0" time="0.0"/>
  <testcase name="test113" classname="RegressionTest0" time="0.0"/>
  <testcase name="test114" classname="RegressionTest0" time="0.0"/>
  <testcase name="test115" classname="RegressionTest0" time="0.0"/>
  <testcase name="test116" classname="RegressionTest0" time="0.0"/>
  <testcase name="test117" classname="RegressionTest0" time="0.0"/>
  <testcase name="test118" classname="RegressionTest0" time="0.0"/>
  <testcase name="test119" classname="RegressionTest0" time="0.0"/>
  <testcase name="test120" classname="RegressionTest0" time="0.0"/>
  <testcase name="test121" classname="RegressionTest0" time="0.0"/>
  <testcase name="test122" classname="RegressionTest0" time="0.0"/>
  <testcase name="test123" classname="RegressionTest0" time="0.0"/>
  <testcase name="test124" classname="RegressionTest0" time="0.0"/>
  <testcase name="test125" classname="RegressionTest0" time="0.0"/>
  <testcase name="test126" classname="RegressionTest0" time="0.0"/>
  <testcase name="test127" classname="RegressionTest0" time="0.0"/>
  <testcase name="test128" classname="RegressionTest0" time="0.0"/>
  <testcase name="test129" classname="RegressionTest0" time="0.0"/>
  <system-out><![CDATA[]]></system-out>
  <system-err><![CDATA[]]></system-err>
</testsuite>
