<?xml version="1.0" encoding="UTF-8"?>
<testsuite name="examples.RingBuffer_ESTest" tests="19" skipped="0" failures="3" errors="0" timestamp="2022-05-25T11:36:24" hostname="grtx" time="0.056">
  <properties/>
  <testcase name="test08" classname="examples.RingBuffer_ESTest" time="0.017"/>
  <testcase name="test09" classname="examples.RingBuffer_ESTest" time="0.004"/>
  <testcase name="test06" classname="examples.RingBuffer_ESTest" time="0.002"/>
  <testcase name="test17" classname="examples.RingBuffer_ESTest" time="0.001"/>
  <testcase name="test07" classname="examples.RingBuffer_ESTest" time="0.002"/>
  <testcase name="test18" classname="examples.RingBuffer_ESTest" time="0.001"/>
  <testcase name="test04" classname="examples.RingBuffer_ESTest" time="0.001"/>
  <testcase name="test15" classname="examples.RingBuffer_ESTest" time="0.002"/>
  <testcase name="test05" classname="examples.RingBuffer_ESTest" time="0.001"/>
  <testcase name="test16" classname="examples.RingBuffer_ESTest" time="0.002"/>
  <testcase name="test02" classname="examples.RingBuffer_ESTest" time="0.005">
    <failure message="java.lang.AssertionError: expected:&lt;1&gt; but was:&lt;0&gt;" type="java.lang.AssertionError">java.lang.AssertionError: expected:&lt;1&gt; but was:&lt;0&gt;
	at org.junit.Assert.fail(Assert.java:88)
	at org.junit.Assert.failNotEquals(Assert.java:834)
	at org.junit.Assert.assertEquals(Assert.java:645)
	at org.junit.Assert.assertEquals(Assert.java:631)
	at examples.RingBuffer_ESTest.test02(RingBuffer_ESTest.java:44)
	at sun.reflect.NativeMethodAccessorImpl.invoke0(Native Method)
	at sun.reflect.NativeMethodAccessorImpl.invoke(NativeMethodAccessorImpl.java:62)
	at sun.reflect.DelegatingMethodAccessorImpl.invoke(DelegatingMethodAccessorImpl.java:43)
	at java.lang.reflect.Method.invoke(Method.java:498)
	at org.junit.runners.model.FrameworkMethod$1.runReflectiveCall(FrameworkMethod.java:50)
	at org.junit.internal.runners.model.ReflectiveCallable.run(ReflectiveCallable.java:12)
	at org.junit.runners.model.FrameworkMethod.invokeExplosively(FrameworkMethod.java:47)
	at org.junit.internal.runners.statements.InvokeMethod.evaluate(InvokeMethod.java:17)
	at org.junit.internal.runners.statements.FailOnTimeout$CallableStatement.call(FailOnTimeout.java:298)
	at org.junit.internal.runners.statements.FailOnTimeout$CallableStatement.call(FailOnTimeout.java:292)
	at java.util.concurrent.FutureTask.run(FutureTask.java:266)
	at java.lang.Thread.run(Thread.java:748)
</failure>
  </testcase>
  <testcase name="test13" classname="examples.RingBuffer_ESTest" time="0.001"/>
  <testcase name="test03" classname="examples.RingBuffer_ESTest" time="0.002"/>
  <testcase name="test14" classname="examples.RingBuffer_ESTest" time="0.001"/>
  <testcase name="test00" classname="examples.RingBuffer_ESTest" time="0.002">
    <failure message="java.lang.AssertionError: expected:&lt;1&gt; but was:&lt;0&gt;" type="java.lang.AssertionError">java.lang.AssertionError: expected:&lt;1&gt; but was:&lt;0&gt;
	at org.junit.Assert.fail(Assert.java:88)
	at org.junit.Assert.failNotEquals(Assert.java:834)
	at org.junit.Assert.assertEquals(Assert.java:645)
	at org.junit.Assert.assertEquals(Assert.java:631)
	at examples.RingBuffer_ESTest.test00(RingBuffer_ESTest.java:26)
	at sun.reflect.NativeMethodAccessorImpl.invoke0(Native Method)
	at sun.reflect.NativeMethodAccessorImpl.invoke(NativeMethodAccessorImpl.java:62)
	at sun.reflect.DelegatingMethodAccessorImpl.invoke(DelegatingMethodAccessorImpl.java:43)
	at java.lang.reflect.Method.invoke(Method.java:498)
	at org.junit.runners.model.FrameworkMethod$1.runReflectiveCall(FrameworkMethod.java:50)
	at org.junit.internal.runners.model.ReflectiveCallable.run(ReflectiveCallable.java:12)
	at org.junit.runners.model.FrameworkMethod.invokeExplosively(FrameworkMethod.java:47)
	at org.junit.internal.runners.statements.InvokeMethod.evaluate(InvokeMethod.java:17)
	at org.junit.internal.runners.statements.FailOnTimeout$CallableStatement.call(FailOnTimeout.java:298)
	at org.junit.internal.runners.statements.FailOnTimeout$CallableStatement.call(FailOnTimeout.java:292)
	at java.util.concurrent.FutureTask.run(FutureTask.java:266)
	at java.lang.Thread.run(Thread.java:748)
</failure>
  </testcase>
  <testcase name="test11" classname="examples.RingBuffer_ESTest" time="0.002">
    <failure message="java.lang.AssertionError: expected:&lt;1&gt; but was:&lt;-1&gt;" type="java.lang.AssertionError">java.lang.AssertionError: expected:&lt;1&gt; but was:&lt;-1&gt;
	at org.junit.Assert.fail(Assert.java:88)
	at org.junit.Assert.failNotEquals(Assert.java:834)
	at org.junit.Assert.assertEquals(Assert.java:645)
	at org.junit.Assert.assertEquals(Assert.java:631)
	at examples.RingBuffer_ESTest.test11(RingBuffer_ESTest.java:141)
	at sun.reflect.NativeMethodAccessorImpl.invoke0(Native Method)
	at sun.reflect.NativeMethodAccessorImpl.invoke(NativeMethodAccessorImpl.java:62)
	at sun.reflect.DelegatingMethodAccessorImpl.invoke(DelegatingMethodAccessorImpl.java:43)
	at java.lang.reflect.Method.invoke(Method.java:498)
	at org.junit.runners.model.FrameworkMethod$1.runReflectiveCall(FrameworkMethod.java:50)
	at org.junit.internal.runners.model.ReflectiveCallable.run(ReflectiveCallable.java:12)
	at org.junit.runners.model.FrameworkMethod.invokeExplosively(FrameworkMethod.java:47)
	at org.junit.internal.runners.statements.InvokeMethod.evaluate(InvokeMethod.java:17)
	at org.junit.internal.runners.statements.FailOnTimeout$CallableStatement.call(FailOnTimeout.java:298)
	at org.junit.internal.runners.statements.FailOnTimeout$CallableStatement.call(FailOnTimeout.java:292)
	at java.util.concurrent.FutureTask.run(FutureTask.java:266)
	at java.lang.Thread.run(Thread.java:748)
</failure>
  </testcase>
  <testcase name="test01" classname="examples.RingBuffer_ESTest" time="0.001"/>
  <testcase name="test12" classname="examples.RingBuffer_ESTest" time="0.002"/>
  <testcase name="test10" classname="examples.RingBuffer_ESTest" time="0.002"/>
  <system-out><![CDATA[13:36:23.888 [Test worker] INFO  o.e.r.instrumentation.EvoClassLoader - Seeing class for first time: examples.RingBuffer_ESTest
13:36:23.893 [Test worker] INFO  o.e.r.instrumentation.EvoClassLoader - Instrumenting class 'examples.RingBuffer_ESTest'.
13:36:23.942 [Test worker] INFO  o.e.r.instrumentation.EvoClassLoader - Seeing class for first time: examples.RingBuffer_ESTest_scaffolding
13:36:23.942 [Test worker] INFO  o.e.r.instrumentation.EvoClassLoader - Instrumenting class 'examples.RingBuffer_ESTest_scaffolding'.
13:36:23.945 [Test worker] INFO  o.e.r.instrumentation.EvoClassLoader - Keeping class: examples.RingBuffer_ESTest_scaffolding
13:36:23.946 [Test worker] INFO  o.e.r.instrumentation.EvoClassLoader - Keeping class: examples.RingBuffer_ESTest
13:36:24.304 [Test worker] DEBUG o.e.runtime.sandbox.MSecurityManager - Adding privileged thread: "Reference Handler"
13:36:24.304 [Test worker] DEBUG o.e.runtime.sandbox.MSecurityManager - Adding privileged thread: "Finalizer"
13:36:24.304 [Test worker] DEBUG o.e.runtime.sandbox.MSecurityManager - Adding privileged thread: "Signal Dispatcher"
13:36:24.304 [Test worker] DEBUG o.e.runtime.sandbox.MSecurityManager - Adding privileged thread: "Attach Listener"
13:36:24.305 [Test worker] DEBUG o.e.runtime.sandbox.MSecurityManager - Adding privileged thread: "Java2D Disposer"
13:36:24.305 [Test worker] DEBUG o.e.runtime.sandbox.MSecurityManager - Adding privileged thread: "AWT-Shutdown"
13:36:24.305 [Test worker] DEBUG o.e.runtime.sandbox.MSecurityManager - Adding privileged thread: "AWT-Windows"
13:36:24.305 [Test worker] DEBUG o.e.runtime.sandbox.MSecurityManager - Adding privileged thread: "main"
13:36:24.305 [Test worker] DEBUG o.e.runtime.sandbox.MSecurityManager - Adding privileged thread: "Test worker"
13:36:24.305 [Test worker] DEBUG o.e.runtime.sandbox.MSecurityManager - Adding privileged thread: "/127.0.0.1:57642 to /127.0.0.1:57641 workers Thread 2"
13:36:24.305 [Test worker] DEBUG o.e.runtime.sandbox.MSecurityManager - Adding privileged thread: "/127.0.0.1:57642 to /127.0.0.1:57641 workers Thread 3"
13:36:24.406 [Test worker] INFO  o.e.r.instrumentation.EvoClassLoader - Seeing class for first time: examples.RingBuffer
13:36:24.406 [Test worker] INFO  o.e.r.instrumentation.EvoClassLoader - Instrumenting class 'examples.RingBuffer'.
13:36:24.445 [Test worker] INFO  o.e.r.i.MethodCallReplacementClassAdapter - Adding mock interface to class examples/RingBuffer
13:36:24.749 [Test worker] INFO  o.e.r.i.CreateClassResetClassAdapter - Creating brand-new static initializer in class examples/RingBuffer
13:36:24.750 [Test worker] INFO  o.e.r.instrumentation.EvoClassLoader - Keeping class: examples.RingBuffer
13:36:24.773 [Test worker] INFO  o.e.runtime.thread.ThreadStopper - Found new thread
]]></system-out>
  <system-err><![CDATA[]]></system-err>
</testsuite>
