<?xml version="1.0" encoding="UTF-8"?>
<testsuite name="examples.MaxBag_ESTest" tests="19" skipped="0" failures="0" errors="0" timestamp="2022-07-13T13:55:30" hostname="grtx" time="0.028">
  <properties/>
  <testcase name="test01" classname="examples.MaxBag_ESTest" time="0.007"/>
  <testcase name="test12" classname="examples.MaxBag_ESTest" time="0.002"/>
  <testcase name="test00" classname="examples.MaxBag_ESTest" time="0.001"/>
  <testcase name="test11" classname="examples.MaxBag_ESTest" time="0.001"/>
  <testcase name="test10" classname="examples.MaxBag_ESTest" time="0.0"/>
  <testcase name="test05" classname="examples.MaxBag_ESTest" time="0.002"/>
  <testcase name="test16" classname="examples.MaxBag_ESTest" time="0.001"/>
  <testcase name="test04" classname="examples.MaxBag_ESTest" time="0.001"/>
  <testcase name="test15" classname="examples.MaxBag_ESTest" time="0.001"/>
  <testcase name="test03" classname="examples.MaxBag_ESTest" time="0.001"/>
  <testcase name="test14" classname="examples.MaxBag_ESTest" time="0.001"/>
  <testcase name="test02" classname="examples.MaxBag_ESTest" time="0.001"/>
  <testcase name="test13" classname="examples.MaxBag_ESTest" time="0.001"/>
  <testcase name="test09" classname="examples.MaxBag_ESTest" time="0.001"/>
  <testcase name="test08" classname="examples.MaxBag_ESTest" time="0.001"/>
  <testcase name="test07" classname="examples.MaxBag_ESTest" time="0.002"/>
  <testcase name="test18" classname="examples.MaxBag_ESTest" time="0.001"/>
  <testcase name="test06" classname="examples.MaxBag_ESTest" time="0.001"/>
  <testcase name="test17" classname="examples.MaxBag_ESTest" time="0.0"/>
  <system-out><![CDATA[15:55:30.347 [Test worker] INFO  o.e.r.instrumentation.EvoClassLoader - Seeing class for first time: examples.MaxBag_ESTest
15:55:30.349 [Test worker] INFO  o.e.r.instrumentation.EvoClassLoader - Instrumenting class 'examples.MaxBag_ESTest'.
15:55:30.372 [Test worker] INFO  o.e.r.instrumentation.EvoClassLoader - Seeing class for first time: examples.MaxBag_ESTest_scaffolding
15:55:30.372 [Test worker] INFO  o.e.r.instrumentation.EvoClassLoader - Instrumenting class 'examples.MaxBag_ESTest_scaffolding'.
15:55:30.374 [Test worker] INFO  o.e.r.instrumentation.EvoClassLoader - Keeping class: examples.MaxBag_ESTest_scaffolding
15:55:30.375 [Test worker] INFO  o.e.r.instrumentation.EvoClassLoader - Keeping class: examples.MaxBag_ESTest
15:55:30.659 [Test worker] DEBUG o.e.runtime.sandbox.MSecurityManager - Adding privileged thread: "Reference Handler"
15:55:30.659 [Test worker] DEBUG o.e.runtime.sandbox.MSecurityManager - Adding privileged thread: "Finalizer"
15:55:30.659 [Test worker] DEBUG o.e.runtime.sandbox.MSecurityManager - Adding privileged thread: "Signal Dispatcher"
15:55:30.659 [Test worker] DEBUG o.e.runtime.sandbox.MSecurityManager - Adding privileged thread: "Attach Listener"
15:55:30.659 [Test worker] DEBUG o.e.runtime.sandbox.MSecurityManager - Adding privileged thread: "Java2D Disposer"
15:55:30.659 [Test worker] DEBUG o.e.runtime.sandbox.MSecurityManager - Adding privileged thread: "AWT-Shutdown"
15:55:30.659 [Test worker] DEBUG o.e.runtime.sandbox.MSecurityManager - Adding privileged thread: "AWT-Windows"
15:55:30.659 [Test worker] DEBUG o.e.runtime.sandbox.MSecurityManager - Adding privileged thread: "main"
15:55:30.659 [Test worker] DEBUG o.e.runtime.sandbox.MSecurityManager - Adding privileged thread: "Test worker"
15:55:30.659 [Test worker] DEBUG o.e.runtime.sandbox.MSecurityManager - Adding privileged thread: "/127.0.0.1:61885 to /127.0.0.1:61884 workers Thread 2"
15:55:30.659 [Test worker] DEBUG o.e.runtime.sandbox.MSecurityManager - Adding privileged thread: "/127.0.0.1:61885 to /127.0.0.1:61884 workers Thread 3"
15:55:30.697 [Test worker] INFO  o.e.r.instrumentation.EvoClassLoader - Seeing class for first time: examples.MaxBag
15:55:30.697 [Test worker] INFO  o.e.r.instrumentation.EvoClassLoader - Instrumenting class 'examples.MaxBag'.
15:55:30.710 [Test worker] INFO  o.e.r.i.MethodCallReplacementClassAdapter - Adding mock interface to class examples/MaxBag
15:55:30.831 [Test worker] INFO  o.e.r.i.CreateClassResetClassAdapter - Creating brand-new static initializer in class examples/MaxBag
15:55:30.832 [Test worker] INFO  o.e.r.instrumentation.EvoClassLoader - Keeping class: examples.MaxBag
15:55:30.832 [Test worker] INFO  o.e.r.instrumentation.EvoClassLoader - Seeing class for first time: examples._Type328393
15:55:30.832 [Test worker] INFO  o.e.r.instrumentation.EvoClassLoader - Instrumenting class 'examples._Type328393'.
15:55:30.833 [Test worker] INFO  o.e.r.i.MethodCallReplacementClassAdapter - Adding mock interface to class examples/_Type328393
15:55:30.834 [Test worker] INFO  o.e.r.i.CreateClassResetClassAdapter - Creating brand-new static initializer in class examples/_Type328393
15:55:30.834 [Test worker] INFO  o.e.r.instrumentation.EvoClassLoader - Keeping class: examples._Type328393
]]></system-out>
  <system-err><![CDATA[]]></system-err>
</testsuite>
