<?xml version="1.0" encoding="UTF-8"?>
<testsuite name="org.nibor.autolink.internal.EmailScanner_ESTest" tests="26" skipped="0" failures="2" errors="0" timestamp="2022-08-05T07:18:54" hostname="grtx" time="0.117">
  <properties/>
  <testcase name="test21" classname="org.nibor.autolink.internal.EmailScanner_ESTest" time="0.02"/>
  <testcase name="test20" classname="org.nibor.autolink.internal.EmailScanner_ESTest" time="0.004"/>
  <testcase name="test01" classname="org.nibor.autolink.internal.EmailScanner_ESTest" time="0.002"/>
  <testcase name="test23" classname="org.nibor.autolink.internal.EmailScanner_ESTest" time="0.002"/>
  <testcase name="test00" classname="org.nibor.autolink.internal.EmailScanner_ESTest" time="0.002"/>
  <testcase name="test22" classname="org.nibor.autolink.internal.EmailScanner_ESTest" time="0.005"/>
  <testcase name="test03" classname="org.nibor.autolink.internal.EmailScanner_ESTest" time="0.011">
    <failure message="java.lang.AssertionError: expected:&lt;5&gt; but was:&lt;4&gt;" type="java.lang.AssertionError">java.lang.AssertionError: expected:&lt;5&gt; but was:&lt;4&gt;
	at org.junit.Assert.fail(Assert.java:88)
	at org.junit.Assert.failNotEquals(Assert.java:834)
	at org.junit.Assert.assertEquals(Assert.java:645)
	at org.junit.Assert.assertEquals(Assert.java:631)
	at org.nibor.autolink.internal.EmailScanner_ESTest.test03(EmailScanner_ESTest.java:66)
	at sun.reflect.NativeMethodAccessorImpl.invoke0(Native Method)
	at sun.reflect.NativeMethodAccessorImpl.invoke(NativeMethodAccessorImpl.java:62)
	at sun.reflect.DelegatingMethodAccessorImpl.invoke(DelegatingMethodAccessorImpl.java:43)
	at java.lang.reflect.Method.invoke(Method.java:498)
	at org.junit.runners.model.FrameworkMethod$1.runReflectiveCall(FrameworkMethod.java:50)
	at org.junit.internal.runners.model.ReflectiveCallable.run(ReflectiveCallable.java:12)
	at org.junit.runners.model.FrameworkMethod.invokeExplosively(FrameworkMethod.java:47)
	at org.junit.internal.runners.statements.InvokeMethod.evaluate(InvokeMethod.java:17)
	at org.junit.internal.runners.statements.FailOnTimeout$CallableStatement.call(FailOnTimeout.java:298)
	at org.junit.internal.runners.statements.FailOnTimeout$CallableStatement.call(FailOnTimeout.java:292)
	at java.util.concurrent.FutureTask.run(FutureTask.java:266)
	at java.lang.Thread.run(Thread.java:748)
</failure>
  </testcase>
  <testcase name="test25" classname="org.nibor.autolink.internal.EmailScanner_ESTest" time="0.003"/>
  <testcase name="test02" classname="org.nibor.autolink.internal.EmailScanner_ESTest" time="0.004">
    <failure message="java.lang.AssertionError: expected:&lt;6&gt; but was:&lt;5&gt;" type="java.lang.AssertionError">java.lang.AssertionError: expected:&lt;6&gt; but was:&lt;5&gt;
	at org.junit.Assert.fail(Assert.java:88)
	at org.junit.Assert.failNotEquals(Assert.java:834)
	at org.junit.Assert.assertEquals(Assert.java:645)
	at org.junit.Assert.assertEquals(Assert.java:631)
	at org.nibor.autolink.internal.EmailScanner_ESTest.test02(EmailScanner_ESTest.java:52)
	at sun.reflect.NativeMethodAccessorImpl.invoke0(Native Method)
	at sun.reflect.NativeMethodAccessorImpl.invoke(NativeMethodAccessorImpl.java:62)
	at sun.reflect.DelegatingMethodAccessorImpl.invoke(DelegatingMethodAccessorImpl.java:43)
	at java.lang.reflect.Method.invoke(Method.java:498)
	at org.junit.runners.model.FrameworkMethod$1.runReflectiveCall(FrameworkMethod.java:50)
	at org.junit.internal.runners.model.ReflectiveCallable.run(ReflectiveCallable.java:12)
	at org.junit.runners.model.FrameworkMethod.invokeExplosively(FrameworkMethod.java:47)
	at org.junit.internal.runners.statements.InvokeMethod.evaluate(InvokeMethod.java:17)
	at org.junit.internal.runners.statements.FailOnTimeout$CallableStatement.call(FailOnTimeout.java:298)
	at org.junit.internal.runners.statements.FailOnTimeout$CallableStatement.call(FailOnTimeout.java:292)
	at java.util.concurrent.FutureTask.run(FutureTask.java:266)
	at java.lang.Thread.run(Thread.java:748)
</failure>
  </testcase>
  <testcase name="test24" classname="org.nibor.autolink.internal.EmailScanner_ESTest" time="0.003"/>
  <testcase name="test05" classname="org.nibor.autolink.internal.EmailScanner_ESTest" time="0.003"/>
  <testcase name="test04" classname="org.nibor.autolink.internal.EmailScanner_ESTest" time="0.002"/>
  <testcase name="test07" classname="org.nibor.autolink.internal.EmailScanner_ESTest" time="0.003"/>
  <testcase name="test06" classname="org.nibor.autolink.internal.EmailScanner_ESTest" time="0.003"/>
  <testcase name="test09" classname="org.nibor.autolink.internal.EmailScanner_ESTest" time="0.002"/>
  <testcase name="test08" classname="org.nibor.autolink.internal.EmailScanner_ESTest" time="0.006"/>
  <testcase name="test10" classname="org.nibor.autolink.internal.EmailScanner_ESTest" time="0.003"/>
  <testcase name="test12" classname="org.nibor.autolink.internal.EmailScanner_ESTest" time="0.002"/>
  <testcase name="test11" classname="org.nibor.autolink.internal.EmailScanner_ESTest" time="0.002"/>
  <testcase name="test14" classname="org.nibor.autolink.internal.EmailScanner_ESTest" time="0.005"/>
  <testcase name="test13" classname="org.nibor.autolink.internal.EmailScanner_ESTest" time="0.002"/>
  <testcase name="test16" classname="org.nibor.autolink.internal.EmailScanner_ESTest" time="0.003"/>
  <testcase name="test15" classname="org.nibor.autolink.internal.EmailScanner_ESTest" time="0.003"/>
  <testcase name="test18" classname="org.nibor.autolink.internal.EmailScanner_ESTest" time="0.003"/>
  <testcase name="test17" classname="org.nibor.autolink.internal.EmailScanner_ESTest" time="0.011"/>
  <testcase name="test19" classname="org.nibor.autolink.internal.EmailScanner_ESTest" time="0.002"/>
  <system-out><![CDATA[09:18:53.234 [Test worker] INFO  o.e.r.instrumentation.EvoClassLoader - Seeing class for first time: org.nibor.autolink.internal.EmailScanner_ESTest
09:18:53.239 [Test worker] INFO  o.e.r.instrumentation.EvoClassLoader - Instrumenting class 'org.nibor.autolink.internal.EmailScanner_ESTest'.
09:18:53.287 [Test worker] INFO  o.e.r.instrumentation.EvoClassLoader - Seeing class for first time: org.nibor.autolink.internal.EmailScanner_ESTest_scaffolding
09:18:53.287 [Test worker] INFO  o.e.r.instrumentation.EvoClassLoader - Instrumenting class 'org.nibor.autolink.internal.EmailScanner_ESTest_scaffolding'.
09:18:53.293 [Test worker] INFO  o.e.r.instrumentation.EvoClassLoader - Keeping class: org.nibor.autolink.internal.EmailScanner_ESTest_scaffolding
09:18:53.293 [Test worker] INFO  o.e.r.instrumentation.EvoClassLoader - Keeping class: org.nibor.autolink.internal.EmailScanner_ESTest
09:18:53.877 [Test worker] DEBUG o.e.runtime.sandbox.MSecurityManager - Adding privileged thread: "Reference Handler"
09:18:53.877 [Test worker] DEBUG o.e.runtime.sandbox.MSecurityManager - Adding privileged thread: "Finalizer"
09:18:53.878 [Test worker] DEBUG o.e.runtime.sandbox.MSecurityManager - Adding privileged thread: "Signal Dispatcher"
09:18:53.878 [Test worker] DEBUG o.e.runtime.sandbox.MSecurityManager - Adding privileged thread: "Attach Listener"
09:18:53.878 [Test worker] DEBUG o.e.runtime.sandbox.MSecurityManager - Adding privileged thread: "Java2D Disposer"
09:18:53.878 [Test worker] DEBUG o.e.runtime.sandbox.MSecurityManager - Adding privileged thread: "AWT-Shutdown"
09:18:53.878 [Test worker] DEBUG o.e.runtime.sandbox.MSecurityManager - Adding privileged thread: "AWT-Windows"
09:18:53.878 [Test worker] DEBUG o.e.runtime.sandbox.MSecurityManager - Adding privileged thread: "main"
09:18:53.879 [Test worker] DEBUG o.e.runtime.sandbox.MSecurityManager - Adding privileged thread: "Test worker"
09:18:53.879 [Test worker] DEBUG o.e.runtime.sandbox.MSecurityManager - Adding privileged thread: "/127.0.0.1:63593 to /127.0.0.1:63592 workers Thread 2"
09:18:53.879 [Test worker] DEBUG o.e.runtime.sandbox.MSecurityManager - Adding privileged thread: "/127.0.0.1:63593 to /127.0.0.1:63592 workers Thread 3"
09:18:53.998 [Test worker] INFO  o.e.r.instrumentation.EvoClassLoader - Seeing class for first time: org.nibor.autolink.LinkSpan
09:18:53.998 [Test worker] INFO  o.e.r.instrumentation.EvoClassLoader - Instrumenting class 'org.nibor.autolink.LinkSpan'.
09:18:54.220 [Test worker] INFO  o.e.r.instrumentation.EvoClassLoader - Defined package (3): package org.nibor.autolink, 855953847
09:18:54.220 [Test worker] INFO  o.e.r.instrumentation.EvoClassLoader - Seeing class for first time: org.nibor.autolink.Span
09:18:54.221 [Test worker] INFO  o.e.r.instrumentation.EvoClassLoader - Instrumenting class 'org.nibor.autolink.Span'.
09:18:54.225 [Test worker] INFO  o.e.r.instrumentation.EvoClassLoader - Keeping class: org.nibor.autolink.Span
09:18:54.225 [Test worker] INFO  o.e.r.instrumentation.EvoClassLoader - Keeping class: org.nibor.autolink.LinkSpan
09:18:54.226 [Test worker] INFO  o.e.r.instrumentation.EvoClassLoader - Seeing class for first time: org.nibor.autolink.internal.LinkSpanImpl
09:18:54.226 [Test worker] INFO  o.e.r.instrumentation.EvoClassLoader - Instrumenting class 'org.nibor.autolink.internal.LinkSpanImpl'.
09:18:54.232 [Test worker] INFO  o.e.r.i.MethodCallReplacementClassAdapter - Adding mock interface to class org/nibor/autolink/internal/LinkSpanImpl
09:18:54.372 [Test worker] INFO  o.e.r.i.CreateClassResetClassAdapter - Creating brand-new static initializer in class org/nibor/autolink/internal/LinkSpanImpl
09:18:54.375 [Test worker] INFO  o.e.r.instrumentation.EvoClassLoader - Keeping class: org.nibor.autolink.internal.LinkSpanImpl
09:18:54.376 [Test worker] INFO  o.e.r.instrumentation.EvoClassLoader - Seeing class for first time: org.nibor.autolink.LinkType
09:18:54.376 [Test worker] INFO  o.e.r.instrumentation.EvoClassLoader - Instrumenting class 'org.nibor.autolink.LinkType'.
09:18:54.379 [Test worker] INFO  o.e.r.i.MethodCallReplacementClassAdapter - Adding mock interface to class org/nibor/autolink/LinkType
09:18:54.383 [Test worker] INFO  o.e.r.i.CreateClassResetClassAdapter - Found static initializer in class org/nibor/autolink/LinkType
09:18:54.384 [Test worker] INFO  o.e.r.instrumentation.EvoClassLoader - Keeping class: org.nibor.autolink.LinkType
09:18:54.385 [Test worker] INFO  o.e.r.instrumentation.EvoClassLoader - Seeing class for first time: org.nibor.autolink.internal.EmailScanner
09:18:54.385 [Test worker] INFO  o.e.r.instrumentation.EvoClassLoader - Instrumenting class 'org.nibor.autolink.internal.EmailScanner'.
09:18:54.388 [Test worker] INFO  o.e.r.i.MethodCallReplacementClassAdapter - Adding mock interface to class org/nibor/autolink/internal/EmailScanner
09:18:54.391 [Test worker] INFO  o.e.r.i.CreateClassResetClassAdapter - Creating brand-new static initializer in class org/nibor/autolink/internal/EmailScanner
09:18:54.392 [Test worker] INFO  o.e.r.instrumentation.EvoClassLoader - Seeing class for first time: org.nibor.autolink.internal.Scanner
09:18:54.392 [Test worker] INFO  o.e.r.instrumentation.EvoClassLoader - Instrumenting class 'org.nibor.autolink.internal.Scanner'.
09:18:54.396 [Test worker] INFO  o.e.r.instrumentation.EvoClassLoader - Keeping class: org.nibor.autolink.internal.Scanner
09:18:54.396 [Test worker] INFO  o.e.r.instrumentation.EvoClassLoader - Keeping class: org.nibor.autolink.internal.EmailScanner
09:18:54.397 [Test worker] INFO  o.e.r.instrumentation.EvoClassLoader - Seeing class for first time: org.nibor.autolink.internal.Scanners
09:18:54.397 [Test worker] INFO  o.e.r.instrumentation.EvoClassLoader - Instrumenting class 'org.nibor.autolink.internal.Scanners'.
09:18:54.399 [Test worker] INFO  o.e.r.i.MethodCallReplacementClassAdapter - Adding mock interface to class org/nibor/autolink/internal/Scanners
09:18:54.401 [Test worker] INFO  o.e.r.i.CreateClassResetClassAdapter - Creating brand-new static initializer in class org/nibor/autolink/internal/Scanners
09:18:54.402 [Test worker] INFO  o.e.r.instrumentation.EvoClassLoader - Keeping class: org.nibor.autolink.internal.Scanners
]]></system-out>
  <system-err><![CDATA[]]></system-err>
</testsuite>
