<?xml version="1.0" encoding="UTF-8"?>
<testsuite name="examples.SimpleMethods_ESTest" tests="4" skipped="0" failures="0" errors="0" timestamp="2022-07-12T17:13:22" hostname="grtx" time="0.013">
  <properties/>
  <testcase name="test1" classname="examples.SimpleMethods_ESTest" time="0.008"/>
  <testcase name="test0" classname="examples.SimpleMethods_ESTest" time="0.001"/>
  <testcase name="test3" classname="examples.SimpleMethods_ESTest" time="0.002"/>
  <testcase name="test2" classname="examples.SimpleMethods_ESTest" time="0.001"/>
  <system-out><![CDATA[19:13:21.594 [Test worker] INFO  o.e.r.instrumentation.EvoClassLoader - Seeing class for first time: examples.SimpleMethods_ESTest
19:13:21.596 [Test worker] INFO  o.e.r.instrumentation.EvoClassLoader - Instrumenting class 'examples.SimpleMethods_ESTest'.
19:13:21.618 [Test worker] INFO  o.e.r.instrumentation.EvoClassLoader - Seeing class for first time: examples.SimpleMethods_ESTest_scaffolding
19:13:21.618 [Test worker] INFO  o.e.r.instrumentation.EvoClassLoader - Instrumenting class 'examples.SimpleMethods_ESTest_scaffolding'.
19:13:21.620 [Test worker] INFO  o.e.r.instrumentation.EvoClassLoader - Keeping class: examples.SimpleMethods_ESTest_scaffolding
19:13:21.620 [Test worker] INFO  o.e.r.instrumentation.EvoClassLoader - Keeping class: examples.SimpleMethods_ESTest
19:13:21.808 [Test worker] DEBUG o.e.runtime.sandbox.MSecurityManager - Adding privileged thread: "Reference Handler"
19:13:21.808 [Test worker] DEBUG o.e.runtime.sandbox.MSecurityManager - Adding privileged thread: "Finalizer"
19:13:21.808 [Test worker] DEBUG o.e.runtime.sandbox.MSecurityManager - Adding privileged thread: "Signal Dispatcher"
19:13:21.808 [Test worker] DEBUG o.e.runtime.sandbox.MSecurityManager - Adding privileged thread: "Attach Listener"
19:13:21.808 [Test worker] DEBUG o.e.runtime.sandbox.MSecurityManager - Adding privileged thread: "Java2D Disposer"
19:13:21.808 [Test worker] DEBUG o.e.runtime.sandbox.MSecurityManager - Adding privileged thread: "AWT-Shutdown"
19:13:21.808 [Test worker] DEBUG o.e.runtime.sandbox.MSecurityManager - Adding privileged thread: "AWT-Windows"
19:13:21.808 [Test worker] DEBUG o.e.runtime.sandbox.MSecurityManager - Adding privileged thread: "main"
19:13:21.808 [Test worker] DEBUG o.e.runtime.sandbox.MSecurityManager - Adding privileged thread: "Test worker"
19:13:21.808 [Test worker] DEBUG o.e.runtime.sandbox.MSecurityManager - Adding privileged thread: "/127.0.0.1:51372 to /127.0.0.1:51371 workers Thread 2"
19:13:21.809 [Test worker] DEBUG o.e.runtime.sandbox.MSecurityManager - Adding privileged thread: "/127.0.0.1:51372 to /127.0.0.1:51371 workers Thread 3"
19:13:21.858 [Test worker] INFO  o.e.r.instrumentation.EvoClassLoader - Seeing class for first time: examples.SimpleMethods
19:13:21.858 [Test worker] INFO  o.e.r.instrumentation.EvoClassLoader - Instrumenting class 'examples.SimpleMethods'.
19:13:21.877 [Test worker] INFO  o.e.r.i.MethodCallReplacementClassAdapter - Adding mock interface to class examples/SimpleMethods
19:13:22.030 [Test worker] INFO  o.e.r.i.CreateClassResetClassAdapter - Creating brand-new static initializer in class examples/SimpleMethods
19:13:22.030 [Test worker] INFO  o.e.r.instrumentation.EvoClassLoader - Keeping class: examples.SimpleMethods
]]></system-out>
  <system-err><![CDATA[]]></system-err>
</testsuite>
