<?xml version="1.0" encoding="UTF-8"?>
<testsuite name="lang3.BooleanUtils_ESTest" tests="3" skipped="0" failures="2" errors="0" timestamp="2022-05-24T16:49:08" hostname="grtx" time="0.036">
  <properties/>
  <testcase name="test0" classname="lang3.BooleanUtils_ESTest" time="0.025">
    <failure message="java.lang.AssertionError: expected:&lt;-1&gt; but was:&lt;0&gt;" type="java.lang.AssertionError">java.lang.AssertionError: expected:&lt;-1&gt; but was:&lt;0&gt;
	at org.junit.Assert.fail(Assert.java:88)
	at org.junit.Assert.failNotEquals(Assert.java:834)
	at org.junit.Assert.assertEquals(Assert.java:645)
	at org.junit.Assert.assertEquals(Assert.java:631)
	at lang3.BooleanUtils_ESTest.test0(BooleanUtils_ESTest.java:22)
	at sun.reflect.NativeMethodAccessorImpl.invoke0(Native Method)
	at sun.reflect.NativeMethodAccessorImpl.invoke(NativeMethodAccessorImpl.java:62)
	at sun.reflect.DelegatingMethodAccessorImpl.invoke(DelegatingMethodAccessorImpl.java:43)
	at java.lang.reflect.Method.invoke(Method.java:498)
	at org.junit.runners.model.FrameworkMethod$1.runReflectiveCall(FrameworkMethod.java:50)
	at org.junit.internal.runners.model.ReflectiveCallable.run(ReflectiveCallable.java:12)
	at org.junit.runners.model.FrameworkMethod.invokeExplosively(FrameworkMethod.java:47)
	at org.junit.internal.runners.statements.InvokeMethod.evaluate(InvokeMethod.java:17)
	at org.junit.internal.runners.statements.FailOnTimeout$CallableStatement.call(FailOnTimeout.java:298)
	at org.junit.internal.runners.statements.FailOnTimeout$CallableStatement.call(FailOnTimeout.java:292)
	at java.util.concurrent.FutureTask.run(FutureTask.java:266)
	at java.lang.Thread.run(Thread.java:748)
</failure>
  </testcase>
  <testcase name="test1" classname="lang3.BooleanUtils_ESTest" time="0.005"/>
  <testcase name="test2" classname="lang3.BooleanUtils_ESTest" time="0.005">
    <failure message="java.lang.AssertionError: expected:&lt;1&gt; but was:&lt;0&gt;" type="java.lang.AssertionError">java.lang.AssertionError: expected:&lt;1&gt; but was:&lt;0&gt;
	at org.junit.Assert.fail(Assert.java:88)
	at org.junit.Assert.failNotEquals(Assert.java:834)
	at org.junit.Assert.assertEquals(Assert.java:645)
	at org.junit.Assert.assertEquals(Assert.java:631)
	at lang3.BooleanUtils_ESTest.test2(BooleanUtils_ESTest.java:36)
	at sun.reflect.NativeMethodAccessorImpl.invoke0(Native Method)
	at sun.reflect.NativeMethodAccessorImpl.invoke(NativeMethodAccessorImpl.java:62)
	at sun.reflect.DelegatingMethodAccessorImpl.invoke(DelegatingMethodAccessorImpl.java:43)
	at java.lang.reflect.Method.invoke(Method.java:498)
	at org.junit.runners.model.FrameworkMethod$1.runReflectiveCall(FrameworkMethod.java:50)
	at org.junit.internal.runners.model.ReflectiveCallable.run(ReflectiveCallable.java:12)
	at org.junit.runners.model.FrameworkMethod.invokeExplosively(FrameworkMethod.java:47)
	at org.junit.internal.runners.statements.InvokeMethod.evaluate(InvokeMethod.java:17)
	at org.junit.internal.runners.statements.FailOnTimeout$CallableStatement.call(FailOnTimeout.java:298)
	at org.junit.internal.runners.statements.FailOnTimeout$CallableStatement.call(FailOnTimeout.java:292)
	at java.util.concurrent.FutureTask.run(FutureTask.java:266)
	at java.lang.Thread.run(Thread.java:748)
</failure>
  </testcase>
  <system-out><![CDATA[18:49:07.201 [Test worker] INFO  o.e.r.instrumentation.EvoClassLoader - Seeing class for first time: lang3.BooleanUtils_ESTest
18:49:07.204 [Test worker] INFO  o.e.r.instrumentation.EvoClassLoader - Instrumenting class 'lang3.BooleanUtils_ESTest'.
18:49:07.238 [Test worker] INFO  o.e.r.instrumentation.EvoClassLoader - Seeing class for first time: lang3.BooleanUtils_ESTest_scaffolding
18:49:07.238 [Test worker] INFO  o.e.r.instrumentation.EvoClassLoader - Instrumenting class 'lang3.BooleanUtils_ESTest_scaffolding'.
18:49:07.242 [Test worker] INFO  o.e.r.instrumentation.EvoClassLoader - Keeping class: lang3.BooleanUtils_ESTest_scaffolding
18:49:07.244 [Test worker] INFO  o.e.r.instrumentation.EvoClassLoader - Keeping class: lang3.BooleanUtils_ESTest
18:49:07.625 [Test worker] DEBUG o.e.runtime.sandbox.MSecurityManager - Adding privileged thread: "Reference Handler"
18:49:07.626 [Test worker] DEBUG o.e.runtime.sandbox.MSecurityManager - Adding privileged thread: "Finalizer"
18:49:07.626 [Test worker] DEBUG o.e.runtime.sandbox.MSecurityManager - Adding privileged thread: "Signal Dispatcher"
18:49:07.626 [Test worker] DEBUG o.e.runtime.sandbox.MSecurityManager - Adding privileged thread: "Attach Listener"
18:49:07.626 [Test worker] DEBUG o.e.runtime.sandbox.MSecurityManager - Adding privileged thread: "Java2D Disposer"
18:49:07.626 [Test worker] DEBUG o.e.runtime.sandbox.MSecurityManager - Adding privileged thread: "AWT-Shutdown"
18:49:07.626 [Test worker] DEBUG o.e.runtime.sandbox.MSecurityManager - Adding privileged thread: "AWT-Windows"
18:49:07.626 [Test worker] DEBUG o.e.runtime.sandbox.MSecurityManager - Adding privileged thread: "main"
18:49:07.627 [Test worker] DEBUG o.e.runtime.sandbox.MSecurityManager - Adding privileged thread: "Test worker"
18:49:07.627 [Test worker] DEBUG o.e.runtime.sandbox.MSecurityManager - Adding privileged thread: "/127.0.0.1:65175 to /127.0.0.1:65174 workers Thread 2"
18:49:07.627 [Test worker] DEBUG o.e.runtime.sandbox.MSecurityManager - Adding privileged thread: "/127.0.0.1:65175 to /127.0.0.1:65174 workers Thread 3"
18:49:07.721 [Test worker] INFO  o.e.r.instrumentation.EvoClassLoader - Seeing class for first time: lang3.BooleanUtils
18:49:07.721 [Test worker] INFO  o.e.r.instrumentation.EvoClassLoader - Instrumenting class 'lang3.BooleanUtils'.
18:49:07.747 [Test worker] INFO  o.e.r.i.MethodCallReplacementClassAdapter - Adding mock interface to class lang3/BooleanUtils
18:49:08.055 [Test worker] INFO  o.e.r.i.CreateClassResetClassAdapter - Creating brand-new static initializer in class lang3/BooleanUtils
18:49:08.055 [Test worker] INFO  o.e.r.instrumentation.EvoClassLoader - Keeping class: lang3.BooleanUtils
]]></system-out>
  <system-err><![CDATA[]]></system-err>
</testsuite>
