<?xml version="1.0" encoding="UTF-8"?>
<testsuite name="testers.BooleanUtilsTester0" tests="273" skipped="0" failures="0" errors="0" timestamp="2022-05-24T16:49:08" hostname="grtx" time="0.025">
  <properties/>
  <testcase name="test001" classname="testers.BooleanUtilsTester0" time="0.0"/>
  <testcase name="test002" classname="testers.BooleanUtilsTester0" time="0.0"/>
  <testcase name="test003" classname="testers.BooleanUtilsTester0" time="0.0"/>
  <testcase name="test004" classname="testers.BooleanUtilsTester0" time="0.0"/>
  <testcase name="test005" classname="testers.BooleanUtilsTester0" time="0.0"/>
  <testcase name="test006" classname="testers.BooleanUtilsTester0" time="0.0"/>
  <testcase name="test007" classname="testers.BooleanUtilsTester0" time="0.0"/>
  <testcase name="test008" classname="testers.BooleanUtilsTester0" time="0.0"/>
  <testcase name="test009" classname="testers.BooleanUtilsTester0" time="0.0"/>
  <testcase name="test010" classname="testers.BooleanUtilsTester0" time="0.0"/>
  <testcase name="test011" classname="testers.BooleanUtilsTester0" time="0.0"/>
  <testcase name="test012" classname="testers.BooleanUtilsTester0" time="0.0"/>
  <testcase name="test013" classname="testers.BooleanUtilsTester0" time="0.0"/>
  <testcase name="test014" classname="testers.BooleanUtilsTester0" time="0.0"/>
  <testcase name="test015" classname="testers.BooleanUtilsTester0" time="0.0"/>
  <testcase name="test016" classname="testers.BooleanUtilsTester0" time="0.001"/>
  <testcase name="test017" classname="testers.BooleanUtilsTester0" time="0.0"/>
  <testcase name="test018" classname="testers.BooleanUtilsTester0" time="0.0"/>
  <testcase name="test019" classname="testers.BooleanUtilsTester0" time="0.0"/>
  <testcase name="test020" classname="testers.BooleanUtilsTester0" time="0.0"/>
  <testcase name="test021" classname="testers.BooleanUtilsTester0" time="0.0"/>
  <testcase name="test022" classname="testers.BooleanUtilsTester0" time="0.0"/>
  <testcase name="test023" classname="testers.BooleanUtilsTester0" time="0.0"/>
  <testcase name="test024" classname="testers.BooleanUtilsTester0" time="0.0"/>
  <testcase name="test025" classname="testers.BooleanUtilsTester0" time="0.0"/>
  <testcase name="test026" classname="testers.BooleanUtilsTester0" time="0.0"/>
  <testcase name="test027" classname="testers.BooleanUtilsTester0" time="0.0"/>
  <testcase name="test028" classname="testers.BooleanUtilsTester0" time="0.0"/>
  <testcase name="test029" classname="testers.BooleanUtilsTester0" time="0.0"/>
  <testcase name="test030" classname="testers.BooleanUtilsTester0" time="0.0"/>
  <testcase name="test031" classname="testers.BooleanUtilsTester0" time="0.0"/>
  <testcase name="test032" classname="testers.BooleanUtilsTester0" time="0.001"/>
  <testcase name="test033" classname="testers.BooleanUtilsTester0" time="0.0"/>
  <testcase name="test034" classname="testers.BooleanUtilsTester0" time="0.0"/>
  <testcase name="test035" classname="testers.BooleanUtilsTester0" time="0.0"/>
  <testcase name="test036" classname="testers.BooleanUtilsTester0" time="0.0"/>
  <testcase name="test037" classname="testers.BooleanUtilsTester0" time="0.0"/>
  <testcase name="test038" classname="testers.BooleanUtilsTester0" time="0.0"/>
  <testcase name="test039" classname="testers.BooleanUtilsTester0" time="0.0"/>
  <testcase name="test040" classname="testers.BooleanUtilsTester0" time="0.0"/>
  <testcase name="test041" classname="testers.BooleanUtilsTester0" time="0.0"/>
  <testcase name="test042" classname="testers.BooleanUtilsTester0" time="0.0"/>
  <testcase name="test043" classname="testers.BooleanUtilsTester0" time="0.0"/>
  <testcase name="test044" classname="testers.BooleanUtilsTester0" time="0.0"/>
  <testcase name="test045" classname="testers.BooleanUtilsTester0" time="0.0"/>
  <testcase name="test046" classname="testers.BooleanUtilsTester0" time="0.0"/>
  <testcase name="test047" classname="testers.BooleanUtilsTester0" time="0.0"/>
  <testcase name="test048" classname="testers.BooleanUtilsTester0" time="0.0"/>
  <testcase name="test049" classname="testers.BooleanUtilsTester0" time="0.0"/>
  <testcase name="test050" classname="testers.BooleanUtilsTester0" time="0.0"/>
  <testcase name="test051" classname="testers.BooleanUtilsTester0" time="0.0"/>
  <testcase name="test052" classname="testers.BooleanUtilsTester0" time="0.0"/>
  <testcase name="test053" classname="testers.BooleanUtilsTester0" time="0.0"/>
  <testcase name="test054" classname="testers.BooleanUtilsTester0" time="0.0"/>
  <testcase name="test055" classname="testers.BooleanUtilsTester0" time="0.0"/>
  <testcase name="test056" classname="testers.BooleanUtilsTester0" time="0.0"/>
  <testcase name="test057" classname="testers.BooleanUtilsTester0" time="0.0"/>
  <testcase name="test058" classname="testers.BooleanUtilsTester0" time="0.0"/>
  <testcase name="test059" classname="testers.BooleanUtilsTester0" time="0.0"/>
  <testcase name="test060" classname="testers.BooleanUtilsTester0" time="0.0"/>
  <testcase name="test061" classname="testers.BooleanUtilsTester0" time="0.0"/>
  <testcase name="test062" classname="testers.BooleanUtilsTester0" time="0.0"/>
  <testcase name="test063" classname="testers.BooleanUtilsTester0" time="0.0"/>
  <testcase name="test064" classname="testers.BooleanUtilsTester0" time="0.001"/>
  <testcase name="test065" classname="testers.BooleanUtilsTester0" time="0.0"/>
  <testcase name="test066" classname="testers.BooleanUtilsTester0" time="0.0"/>
  <testcase name="test067" classname="testers.BooleanUtilsTester0" time="0.0"/>
  <testcase name="test068" classname="testers.BooleanUtilsTester0" time="0.0"/>
  <testcase name="test069" classname="testers.BooleanUtilsTester0" time="0.0"/>
  <testcase name="test070" classname="testers.BooleanUtilsTester0" time="0.0"/>
  <testcase name="test071" classname="testers.BooleanUtilsTester0" time="0.0"/>
  <testcase name="test072" classname="testers.BooleanUtilsTester0" time="0.0"/>
  <testcase name="test073" classname="testers.BooleanUtilsTester0" time="0.0"/>
  <testcase name="test074" classname="testers.BooleanUtilsTester0" time="0.0"/>
  <testcase name="test075" classname="testers.BooleanUtilsTester0" time="0.0"/>
  <testcase name="test076" classname="testers.BooleanUtilsTester0" time="0.0"/>
  <testcase name="test077" classname="testers.BooleanUtilsTester0" time="0.0"/>
  <testcase name="test078" classname="testers.BooleanUtilsTester0" time="0.0"/>
  <testcase name="test079" classname="testers.BooleanUtilsTester0" time="0.0"/>
  <testcase name="test080" classname="testers.BooleanUtilsTester0" time="0.0"/>
  <testcase name="test081" classname="testers.BooleanUtilsTester0" time="0.0"/>
  <testcase name="test082" classname="testers.BooleanUtilsTester0" time="0.0"/>
  <testcase name="test083" classname="testers.BooleanUtilsTester0" time="0.0"/>
  <testcase name="test084" classname="testers.BooleanUtilsTester0" time="0.0"/>
  <testcase name="test085" classname="testers.BooleanUtilsTester0" time="0.0"/>
  <testcase name="test086" classname="testers.BooleanUtilsTester0" time="0.0"/>
  <testcase name="test087" classname="testers.BooleanUtilsTester0" time="0.0"/>
  <testcase name="test088" classname="testers.BooleanUtilsTester0" time="0.0"/>
  <testcase name="test089" classname="testers.BooleanUtilsTester0" time="0.0"/>
  <testcase name="test090" classname="testers.BooleanUtilsTester0" time="0.0"/>
  <testcase name="test091" classname="testers.BooleanUtilsTester0" time="0.0"/>
  <testcase name="test092" classname="testers.BooleanUtilsTester0" time="0.0"/>
  <testcase name="test093" classname="testers.BooleanUtilsTester0" time="0.0"/>
  <testcase name="test094" classname="testers.BooleanUtilsTester0" time="0.0"/>
  <testcase name="test095" classname="testers.BooleanUtilsTester0" time="0.0"/>
  <testcase name="test096" classname="testers.BooleanUtilsTester0" time="0.0"/>
  <testcase name="test097" classname="testers.BooleanUtilsTester0" time="0.0"/>
  <testcase name="test098" classname="testers.BooleanUtilsTester0" time="0.0"/>
  <testcase name="test099" classname="testers.BooleanUtilsTester0" time="0.0"/>
  <testcase name="test100" classname="testers.BooleanUtilsTester0" time="0.0"/>
  <testcase name="test101" classname="testers.BooleanUtilsTester0" time="0.0"/>
  <testcase name="test102" classname="testers.BooleanUtilsTester0" time="0.0"/>
  <testcase name="test103" classname="testers.BooleanUtilsTester0" time="0.0"/>
  <testcase name="test104" classname="testers.BooleanUtilsTester0" time="0.0"/>
  <testcase name="test105" classname="testers.BooleanUtilsTester0" time="0.0"/>
  <testcase name="test106" classname="testers.BooleanUtilsTester0" time="0.0"/>
  <testcase name="test107" classname="testers.BooleanUtilsTester0" time="0.0"/>
  <testcase name="test108" classname="testers.BooleanUtilsTester0" time="0.0"/>
  <testcase name="test109" classname="testers.BooleanUtilsTester0" time="0.0"/>
  <testcase name="test110" classname="testers.BooleanUtilsTester0" time="0.0"/>
  <testcase name="test111" classname="testers.BooleanUtilsTester0" time="0.0"/>
  <testcase name="test112" classname="testers.BooleanUtilsTester0" time="0.0"/>
  <testcase name="test113" classname="testers.BooleanUtilsTester0" time="0.0"/>
  <testcase name="test114" classname="testers.BooleanUtilsTester0" time="0.0"/>
  <testcase name="test115" classname="testers.BooleanUtilsTester0" time="0.0"/>
  <testcase name="test116" classname="testers.BooleanUtilsTester0" time="0.0"/>
  <testcase name="test117" classname="testers.BooleanUtilsTester0" time="0.0"/>
  <testcase name="test118" classname="testers.BooleanUtilsTester0" time="0.001"/>
  <testcase name="test119" classname="testers.BooleanUtilsTester0" time="0.0"/>
  <testcase name="test120" classname="testers.BooleanUtilsTester0" time="0.0"/>
  <testcase name="test121" classname="testers.BooleanUtilsTester0" time="0.0"/>
  <testcase name="test122" classname="testers.BooleanUtilsTester0" time="0.0"/>
  <testcase name="test123" classname="testers.BooleanUtilsTester0" time="0.0"/>
  <testcase name="test124" classname="testers.BooleanUtilsTester0" time="0.0"/>
  <testcase name="test125" classname="testers.BooleanUtilsTester0" time="0.0"/>
  <testcase name="test126" classname="testers.BooleanUtilsTester0" time="0.0"/>
  <testcase name="test127" classname="testers.BooleanUtilsTester0" time="0.0"/>
  <testcase name="test128" classname="testers.BooleanUtilsTester0" time="0.0"/>
  <testcase name="test129" classname="testers.BooleanUtilsTester0" time="0.0"/>
  <testcase name="test130" classname="testers.BooleanUtilsTester0" time="0.0"/>
  <testcase name="test131" classname="testers.BooleanUtilsTester0" time="0.0"/>
  <testcase name="test132" classname="testers.BooleanUtilsTester0" time="0.0"/>
  <testcase name="test133" classname="testers.BooleanUtilsTester0" time="0.0"/>
  <testcase name="test134" classname="testers.BooleanUtilsTester0" time="0.0"/>
  <testcase name="test135" classname="testers.BooleanUtilsTester0" time="0.0"/>
  <testcase name="test136" classname="testers.BooleanUtilsTester0" time="0.0"/>
  <testcase name="test137" classname="testers.BooleanUtilsTester0" time="0.0"/>
  <testcase name="test138" classname="testers.BooleanUtilsTester0" time="0.0"/>
  <testcase name="test139" classname="testers.BooleanUtilsTester0" time="0.0"/>
  <testcase name="test140" classname="testers.BooleanUtilsTester0" time="0.0"/>
  <testcase name="test141" classname="testers.BooleanUtilsTester0" time="0.0"/>
  <testcase name="test142" classname="testers.BooleanUtilsTester0" time="0.001"/>
  <testcase name="test143" classname="testers.BooleanUtilsTester0" time="0.0"/>
  <testcase name="test144" classname="testers.BooleanUtilsTester0" time="0.0"/>
  <testcase name="test145" classname="testers.BooleanUtilsTester0" time="0.0"/>
  <testcase name="test146" classname="testers.BooleanUtilsTester0" time="0.0"/>
  <testcase name="test147" classname="testers.BooleanUtilsTester0" time="0.0"/>
  <testcase name="test148" classname="testers.BooleanUtilsTester0" time="0.0"/>
  <testcase name="test149" classname="testers.BooleanUtilsTester0" time="0.0"/>
  <testcase name="test150" classname="testers.BooleanUtilsTester0" time="0.0"/>
  <testcase name="test151" classname="testers.BooleanUtilsTester0" time="0.0"/>
  <testcase name="test152" classname="testers.BooleanUtilsTester0" time="0.0"/>
  <testcase name="test153" classname="testers.BooleanUtilsTester0" time="0.0"/>
  <testcase name="test154" classname="testers.BooleanUtilsTester0" time="0.0"/>
  <testcase name="test155" classname="testers.BooleanUtilsTester0" time="0.0"/>
  <testcase name="test156" classname="testers.BooleanUtilsTester0" time="0.0"/>
  <testcase name="test157" classname="testers.BooleanUtilsTester0" time="0.0"/>
  <testcase name="test158" classname="testers.BooleanUtilsTester0" time="0.0"/>
  <testcase name="test159" classname="testers.BooleanUtilsTester0" time="0.0"/>
  <testcase name="test160" classname="testers.BooleanUtilsTester0" time="0.001"/>
  <testcase name="test161" classname="testers.BooleanUtilsTester0" time="0.0"/>
  <testcase name="test162" classname="testers.BooleanUtilsTester0" time="0.0"/>
  <testcase name="test163" classname="testers.BooleanUtilsTester0" time="0.0"/>
  <testcase name="test164" classname="testers.BooleanUtilsTester0" time="0.0"/>
  <testcase name="test165" classname="testers.BooleanUtilsTester0" time="0.0"/>
  <testcase name="test166" classname="testers.BooleanUtilsTester0" time="0.0"/>
  <testcase name="test167" classname="testers.BooleanUtilsTester0" time="0.0"/>
  <testcase name="test168" classname="testers.BooleanUtilsTester0" time="0.0"/>
  <testcase name="test169" classname="testers.BooleanUtilsTester0" time="0.0"/>
  <testcase name="test170" classname="testers.BooleanUtilsTester0" time="0.0"/>
  <testcase name="test171" classname="testers.BooleanUtilsTester0" time="0.0"/>
  <testcase name="test172" classname="testers.BooleanUtilsTester0" time="0.0"/>
  <testcase name="test173" classname="testers.BooleanUtilsTester0" time="0.0"/>
  <testcase name="test174" classname="testers.BooleanUtilsTester0" time="0.0"/>
  <testcase name="test175" classname="testers.BooleanUtilsTester0" time="0.0"/>
  <testcase name="test176" classname="testers.BooleanUtilsTester0" time="0.0"/>
  <testcase name="test177" classname="testers.BooleanUtilsTester0" time="0.0"/>
  <testcase name="test178" classname="testers.BooleanUtilsTester0" time="0.0"/>
  <testcase name="test179" classname="testers.BooleanUtilsTester0" time="0.0"/>
  <testcase name="test180" classname="testers.BooleanUtilsTester0" time="0.0"/>
  <testcase name="test181" classname="testers.BooleanUtilsTester0" time="0.0"/>
  <testcase name="test182" classname="testers.BooleanUtilsTester0" time="0.0"/>
  <testcase name="test183" classname="testers.BooleanUtilsTester0" time="0.0"/>
  <testcase name="test184" classname="testers.BooleanUtilsTester0" time="0.0"/>
  <testcase name="test185" classname="testers.BooleanUtilsTester0" time="0.0"/>
  <testcase name="test186" classname="testers.BooleanUtilsTester0" time="0.0"/>
  <testcase name="test187" classname="testers.BooleanUtilsTester0" time="0.0"/>
  <testcase name="test188" classname="testers.BooleanUtilsTester0" time="0.0"/>
  <testcase name="test189" classname="testers.BooleanUtilsTester0" time="0.0"/>
  <testcase name="test190" classname="testers.BooleanUtilsTester0" time="0.0"/>
  <testcase name="test191" classname="testers.BooleanUtilsTester0" time="0.0"/>
  <testcase name="test192" classname="testers.BooleanUtilsTester0" time="0.0"/>
  <testcase name="test193" classname="testers.BooleanUtilsTester0" time="0.0"/>
  <testcase name="test194" classname="testers.BooleanUtilsTester0" time="0.0"/>
  <testcase name="test195" classname="testers.BooleanUtilsTester0" time="0.0"/>
  <testcase name="test196" classname="testers.BooleanUtilsTester0" time="0.0"/>
  <testcase name="test197" classname="testers.BooleanUtilsTester0" time="0.0"/>
  <testcase name="test198" classname="testers.BooleanUtilsTester0" time="0.0"/>
  <testcase name="test199" classname="testers.BooleanUtilsTester0" time="0.001"/>
  <testcase name="test200" classname="testers.BooleanUtilsTester0" time="0.0"/>
  <testcase name="test201" classname="testers.BooleanUtilsTester0" time="0.0"/>
  <testcase name="test202" classname="testers.BooleanUtilsTester0" time="0.0"/>
  <testcase name="test203" classname="testers.BooleanUtilsTester0" time="0.0"/>
  <testcase name="test204" classname="testers.BooleanUtilsTester0" time="0.0"/>
  <testcase name="test205" classname="testers.BooleanUtilsTester0" time="0.0"/>
  <testcase name="test206" classname="testers.BooleanUtilsTester0" time="0.0"/>
  <testcase name="test207" classname="testers.BooleanUtilsTester0" time="0.0"/>
  <testcase name="test208" classname="testers.BooleanUtilsTester0" time="0.0"/>
  <testcase name="test209" classname="testers.BooleanUtilsTester0" time="0.0"/>
  <testcase name="test210" classname="testers.BooleanUtilsTester0" time="0.0"/>
  <testcase name="test211" classname="testers.BooleanUtilsTester0" time="0.0"/>
  <testcase name="test212" classname="testers.BooleanUtilsTester0" time="0.0"/>
  <testcase name="test213" classname="testers.BooleanUtilsTester0" time="0.0"/>
  <testcase name="test214" classname="testers.BooleanUtilsTester0" time="0.0"/>
  <testcase name="test215" classname="testers.BooleanUtilsTester0" time="0.0"/>
  <testcase name="test216" classname="testers.BooleanUtilsTester0" time="0.0"/>
  <testcase name="test217" classname="testers.BooleanUtilsTester0" time="0.0"/>
  <testcase name="test218" classname="testers.BooleanUtilsTester0" time="0.0"/>
  <testcase name="test219" classname="testers.BooleanUtilsTester0" time="0.0"/>
  <testcase name="test220" classname="testers.BooleanUtilsTester0" time="0.0"/>
  <testcase name="test221" classname="testers.BooleanUtilsTester0" time="0.0"/>
  <testcase name="test222" classname="testers.BooleanUtilsTester0" time="0.0"/>
  <testcase name="test223" classname="testers.BooleanUtilsTester0" time="0.0"/>
  <testcase name="test224" classname="testers.BooleanUtilsTester0" time="0.0"/>
  <testcase name="test225" classname="testers.BooleanUtilsTester0" time="0.0"/>
  <testcase name="test226" classname="testers.BooleanUtilsTester0" time="0.0"/>
  <testcase name="test227" classname="testers.BooleanUtilsTester0" time="0.0"/>
  <testcase name="test228" classname="testers.BooleanUtilsTester0" time="0.0"/>
  <testcase name="test229" classname="testers.BooleanUtilsTester0" time="0.0"/>
  <testcase name="test230" classname="testers.BooleanUtilsTester0" time="0.0"/>
  <testcase name="test231" classname="testers.BooleanUtilsTester0" time="0.0"/>
  <testcase name="test232" classname="testers.BooleanUtilsTester0" time="0.0"/>
  <testcase name="test233" classname="testers.BooleanUtilsTester0" time="0.0"/>
  <testcase name="test234" classname="testers.BooleanUtilsTester0" time="0.0"/>
  <testcase name="test235" classname="testers.BooleanUtilsTester0" time="0.0"/>
  <testcase name="test236" classname="testers.BooleanUtilsTester0" time="0.0"/>
  <testcase name="test237" classname="testers.BooleanUtilsTester0" time="0.0"/>
  <testcase name="test238" classname="testers.BooleanUtilsTester0" time="0.0"/>
  <testcase name="test239" classname="testers.BooleanUtilsTester0" time="0.0"/>
  <testcase name="test240" classname="testers.BooleanUtilsTester0" time="0.0"/>
  <testcase name="test241" classname="testers.BooleanUtilsTester0" time="0.0"/>
  <testcase name="test242" classname="testers.BooleanUtilsTester0" time="0.0"/>
  <testcase name="test243" classname="testers.BooleanUtilsTester0" time="0.0"/>
  <testcase name="test244" classname="testers.BooleanUtilsTester0" time="0.0"/>
  <testcase name="test245" classname="testers.BooleanUtilsTester0" time="0.0"/>
  <testcase name="test246" classname="testers.BooleanUtilsTester0" time="0.0"/>
  <testcase name="test247" classname="testers.BooleanUtilsTester0" time="0.0"/>
  <testcase name="test248" classname="testers.BooleanUtilsTester0" time="0.0"/>
  <testcase name="test249" classname="testers.BooleanUtilsTester0" time="0.0"/>
  <testcase name="test250" classname="testers.BooleanUtilsTester0" time="0.0"/>
  <testcase name="test251" classname="testers.BooleanUtilsTester0" time="0.0"/>
  <testcase name="test252" classname="testers.BooleanUtilsTester0" time="0.0"/>
  <testcase name="test253" classname="testers.BooleanUtilsTester0" time="0.0"/>
  <testcase name="test254" classname="testers.BooleanUtilsTester0" time="0.0"/>
  <testcase name="test255" classname="testers.BooleanUtilsTester0" time="0.0"/>
  <testcase name="test256" classname="testers.BooleanUtilsTester0" time="0.0"/>
  <testcase name="test257" classname="testers.BooleanUtilsTester0" time="0.0"/>
  <testcase name="test258" classname="testers.BooleanUtilsTester0" time="0.0"/>
  <testcase name="test259" classname="testers.BooleanUtilsTester0" time="0.0"/>
  <testcase name="test260" classname="testers.BooleanUtilsTester0" time="0.0"/>
  <testcase name="test261" classname="testers.BooleanUtilsTester0" time="0.0"/>
  <testcase name="test262" classname="testers.BooleanUtilsTester0" time="0.0"/>
  <testcase name="test263" classname="testers.BooleanUtilsTester0" time="0.0"/>
  <testcase name="test264" classname="testers.BooleanUtilsTester0" time="0.0"/>
  <testcase name="test265" classname="testers.BooleanUtilsTester0" time="0.0"/>
  <testcase name="test266" classname="testers.BooleanUtilsTester0" time="0.0"/>
  <testcase name="test267" classname="testers.BooleanUtilsTester0" time="0.0"/>
  <testcase name="test268" classname="testers.BooleanUtilsTester0" time="0.0"/>
  <testcase name="test269" classname="testers.BooleanUtilsTester0" time="0.0"/>
  <testcase name="test270" classname="testers.BooleanUtilsTester0" time="0.0"/>
  <testcase name="test271" classname="testers.BooleanUtilsTester0" time="0.0"/>
  <testcase name="test272" classname="testers.BooleanUtilsTester0" time="0.0"/>
  <testcase name="test273" classname="testers.BooleanUtilsTester0" time="0.0"/>
  <system-out><![CDATA[]]></system-out>
  <system-err><![CDATA[]]></system-err>
</testsuite>
