<?xml version="1.0" encoding="UTF-8"?>
<testsuite name="DataStructures.QueueAr_ESTest" tests="14" skipped="0" failures="0" errors="0" timestamp="2022-05-26T11:39:42" hostname="grtx" time="0.022">
  <properties/>
  <testcase name="test06" classname="DataStructures.QueueAr_ESTest" time="0.007"/>
  <testcase name="test07" classname="DataStructures.QueueAr_ESTest" time="0.002"/>
  <testcase name="test08" classname="DataStructures.QueueAr_ESTest" time="0.001"/>
  <testcase name="test09" classname="DataStructures.QueueAr_ESTest" time="0.001"/>
  <testcase name="test10" classname="DataStructures.QueueAr_ESTest" time="0.001"/>
  <testcase name="test00" classname="DataStructures.QueueAr_ESTest" time="0.001"/>
  <testcase name="test11" classname="DataStructures.QueueAr_ESTest" time="0.002"/>
  <testcase name="test01" classname="DataStructures.QueueAr_ESTest" time="0.001"/>
  <testcase name="test12" classname="DataStructures.QueueAr_ESTest" time="0.001"/>
  <testcase name="test02" classname="DataStructures.QueueAr_ESTest" time="0.001"/>
  <testcase name="test13" classname="DataStructures.QueueAr_ESTest" time="0.001"/>
  <testcase name="test03" classname="DataStructures.QueueAr_ESTest" time="0.001"/>
  <testcase name="test04" classname="DataStructures.QueueAr_ESTest" time="0.001"/>
  <testcase name="test05" classname="DataStructures.QueueAr_ESTest" time="0.0"/>
  <system-out><![CDATA[13:39:41.965 [Test worker] INFO  o.e.r.instrumentation.EvoClassLoader - Seeing class for first time: DataStructures.QueueAr_ESTest
13:39:41.967 [Test worker] INFO  o.e.r.instrumentation.EvoClassLoader - Instrumenting class 'DataStructures.QueueAr_ESTest'.
13:39:41.988 [Test worker] INFO  o.e.r.instrumentation.EvoClassLoader - Seeing class for first time: DataStructures.QueueAr_ESTest_scaffolding
13:39:41.989 [Test worker] INFO  o.e.r.instrumentation.EvoClassLoader - Instrumenting class 'DataStructures.QueueAr_ESTest_scaffolding'.
13:39:41.990 [Test worker] INFO  o.e.r.instrumentation.EvoClassLoader - Keeping class: DataStructures.QueueAr_ESTest_scaffolding
13:39:41.990 [Test worker] INFO  o.e.r.instrumentation.EvoClassLoader - Keeping class: DataStructures.QueueAr_ESTest
13:39:42.188 [Test worker] DEBUG o.e.runtime.sandbox.MSecurityManager - Adding privileged thread: "Reference Handler"
13:39:42.188 [Test worker] DEBUG o.e.runtime.sandbox.MSecurityManager - Adding privileged thread: "Finalizer"
13:39:42.188 [Test worker] DEBUG o.e.runtime.sandbox.MSecurityManager - Adding privileged thread: "Signal Dispatcher"
13:39:42.188 [Test worker] DEBUG o.e.runtime.sandbox.MSecurityManager - Adding privileged thread: "Attach Listener"
13:39:42.188 [Test worker] DEBUG o.e.runtime.sandbox.MSecurityManager - Adding privileged thread: "Java2D Disposer"
13:39:42.188 [Test worker] DEBUG o.e.runtime.sandbox.MSecurityManager - Adding privileged thread: "AWT-Shutdown"
13:39:42.188 [Test worker] DEBUG o.e.runtime.sandbox.MSecurityManager - Adding privileged thread: "AWT-Windows"
13:39:42.188 [Test worker] DEBUG o.e.runtime.sandbox.MSecurityManager - Adding privileged thread: "main"
13:39:42.188 [Test worker] DEBUG o.e.runtime.sandbox.MSecurityManager - Adding privileged thread: "Test worker"
13:39:42.188 [Test worker] DEBUG o.e.runtime.sandbox.MSecurityManager - Adding privileged thread: "/127.0.0.1:52798 to /127.0.0.1:52797 workers Thread 2"
13:39:42.188 [Test worker] DEBUG o.e.runtime.sandbox.MSecurityManager - Adding privileged thread: "/127.0.0.1:52798 to /127.0.0.1:52797 workers Thread 3"
13:39:42.231 [Test worker] INFO  o.e.r.instrumentation.EvoClassLoader - Seeing class for first time: DataStructures.QueueAr
13:39:42.231 [Test worker] INFO  o.e.r.instrumentation.EvoClassLoader - Instrumenting class 'DataStructures.QueueAr'.
13:39:42.244 [Test worker] INFO  o.e.r.i.MethodCallReplacementClassAdapter - Adding mock interface to class DataStructures/QueueAr
13:39:42.361 [Test worker] INFO  o.e.r.i.CreateClassResetClassAdapter - Creating brand-new static initializer in class DataStructures/QueueAr
13:39:42.361 [Test worker] INFO  o.e.r.instrumentation.EvoClassLoader - Keeping class: DataStructures.QueueAr
13:39:42.361 [Test worker] INFO  o.e.r.instrumentation.EvoClassLoader - Seeing class for first time: DataStructures.Overflow
13:39:42.361 [Test worker] INFO  o.e.r.instrumentation.EvoClassLoader - Instrumenting class 'DataStructures.Overflow'.
13:39:42.362 [Test worker] INFO  o.e.r.i.MethodCallReplacementClassAdapter - Adding mock interface to class DataStructures/Overflow
13:39:42.363 [Test worker] INFO  o.e.r.i.CreateClassResetClassAdapter - Creating brand-new static initializer in class DataStructures/Overflow
13:39:42.363 [Test worker] INFO  o.e.r.instrumentation.EvoClassLoader - Keeping class: DataStructures.Overflow
]]></system-out>
  <system-err><![CDATA[]]></system-err>
</testsuite>
