<?xml version="1.0" encoding="UTF-8"?>
<testsuite name="examples.RingBuffer_ESTest" tests="19" skipped="0" failures="0" errors="0" timestamp="2022-05-25T12:45:26" hostname="grtx" time="0.107">
  <properties/>
  <testcase name="test08" classname="examples.RingBuffer_ESTest" time="0.029"/>
  <testcase name="test09" classname="examples.RingBuffer_ESTest" time="0.006"/>
  <testcase name="test06" classname="examples.RingBuffer_ESTest" time="0.002"/>
  <testcase name="test17" classname="examples.RingBuffer_ESTest" time="0.002"/>
  <testcase name="test07" classname="examples.RingBuffer_ESTest" time="0.002"/>
  <testcase name="test18" classname="examples.RingBuffer_ESTest" time="0.004"/>
  <testcase name="test04" classname="examples.RingBuffer_ESTest" time="0.008"/>
  <testcase name="test15" classname="examples.RingBuffer_ESTest" time="0.002"/>
  <testcase name="test05" classname="examples.RingBuffer_ESTest" time="0.001"/>
  <testcase name="test16" classname="examples.RingBuffer_ESTest" time="0.001"/>
  <testcase name="test02" classname="examples.RingBuffer_ESTest" time="0.001"/>
  <testcase name="test13" classname="examples.RingBuffer_ESTest" time="0.002"/>
  <testcase name="test03" classname="examples.RingBuffer_ESTest" time="0.001"/>
  <testcase name="test14" classname="examples.RingBuffer_ESTest" time="0.002"/>
  <testcase name="test00" classname="examples.RingBuffer_ESTest" time="0.001"/>
  <testcase name="test11" classname="examples.RingBuffer_ESTest" time="0.004"/>
  <testcase name="test01" classname="examples.RingBuffer_ESTest" time="0.002"/>
  <testcase name="test12" classname="examples.RingBuffer_ESTest" time="0.01"/>
  <testcase name="test10" classname="examples.RingBuffer_ESTest" time="0.02"/>
  <system-out><![CDATA[14:45:25.750 [Test worker] INFO  o.e.r.instrumentation.EvoClassLoader - Seeing class for first time: examples.RingBuffer_ESTest
14:45:25.754 [Test worker] INFO  o.e.r.instrumentation.EvoClassLoader - Instrumenting class 'examples.RingBuffer_ESTest'.
14:45:25.800 [Test worker] INFO  o.e.r.instrumentation.EvoClassLoader - Seeing class for first time: examples.RingBuffer_ESTest_scaffolding
14:45:25.801 [Test worker] INFO  o.e.r.instrumentation.EvoClassLoader - Instrumenting class 'examples.RingBuffer_ESTest_scaffolding'.
14:45:25.804 [Test worker] INFO  o.e.r.instrumentation.EvoClassLoader - Keeping class: examples.RingBuffer_ESTest_scaffolding
14:45:25.804 [Test worker] INFO  o.e.r.instrumentation.EvoClassLoader - Keeping class: examples.RingBuffer_ESTest
14:45:26.229 [Test worker] DEBUG o.e.runtime.sandbox.MSecurityManager - Adding privileged thread: "Reference Handler"
14:45:26.229 [Test worker] DEBUG o.e.runtime.sandbox.MSecurityManager - Adding privileged thread: "Finalizer"
14:45:26.229 [Test worker] DEBUG o.e.runtime.sandbox.MSecurityManager - Adding privileged thread: "Signal Dispatcher"
14:45:26.229 [Test worker] DEBUG o.e.runtime.sandbox.MSecurityManager - Adding privileged thread: "Attach Listener"
14:45:26.229 [Test worker] DEBUG o.e.runtime.sandbox.MSecurityManager - Adding privileged thread: "Java2D Disposer"
14:45:26.229 [Test worker] DEBUG o.e.runtime.sandbox.MSecurityManager - Adding privileged thread: "AWT-Shutdown"
14:45:26.229 [Test worker] DEBUG o.e.runtime.sandbox.MSecurityManager - Adding privileged thread: "AWT-Windows"
14:45:26.229 [Test worker] DEBUG o.e.runtime.sandbox.MSecurityManager - Adding privileged thread: "main"
14:45:26.229 [Test worker] DEBUG o.e.runtime.sandbox.MSecurityManager - Adding privileged thread: "Test worker"
14:45:26.229 [Test worker] DEBUG o.e.runtime.sandbox.MSecurityManager - Adding privileged thread: "/127.0.0.1:65180 to /127.0.0.1:65179 workers Thread 2"
14:45:26.230 [Test worker] DEBUG o.e.runtime.sandbox.MSecurityManager - Adding privileged thread: "/127.0.0.1:65180 to /127.0.0.1:65179 workers Thread 3"
14:45:26.289 [Test worker] INFO  o.e.r.instrumentation.EvoClassLoader - Seeing class for first time: examples.RingBuffer
14:45:26.289 [Test worker] INFO  o.e.r.instrumentation.EvoClassLoader - Instrumenting class 'examples.RingBuffer'.
14:45:26.311 [Test worker] INFO  o.e.r.i.MethodCallReplacementClassAdapter - Adding mock interface to class examples/RingBuffer
14:45:26.581 [Test worker] INFO  o.e.r.i.CreateClassResetClassAdapter - Creating brand-new static initializer in class examples/RingBuffer
14:45:26.583 [Test worker] INFO  o.e.r.instrumentation.EvoClassLoader - Keeping class: examples.RingBuffer
14:45:26.671 [Test worker] INFO  o.e.runtime.thread.ThreadStopper - Found new thread
]]></system-out>
  <system-err><![CDATA[]]></system-err>
</testsuite>
