<?xml version="1.0" encoding="UTF-8"?>
<testsuite name="testers.MathUtilsNewTester0" tests="499" skipped="0" failures="0" errors="0" timestamp="2022-05-25T02:42:15" hostname="grtx" time="0.03">
  <properties/>
  <testcase name="test001" classname="testers.MathUtilsNewTester0" time="0.001"/>
  <testcase name="test002" classname="testers.MathUtilsNewTester0" time="0.0"/>
  <testcase name="test003" classname="testers.MathUtilsNewTester0" time="0.0"/>
  <testcase name="test004" classname="testers.MathUtilsNewTester0" time="0.0"/>
  <testcase name="test005" classname="testers.MathUtilsNewTester0" time="0.0"/>
  <testcase name="test006" classname="testers.MathUtilsNewTester0" time="0.0"/>
  <testcase name="test007" classname="testers.MathUtilsNewTester0" time="0.0"/>
  <testcase name="test008" classname="testers.MathUtilsNewTester0" time="0.0"/>
  <testcase name="test009" classname="testers.MathUtilsNewTester0" time="0.0"/>
  <testcase name="test010" classname="testers.MathUtilsNewTester0" time="0.0"/>
  <testcase name="test011" classname="testers.MathUtilsNewTester0" time="0.0"/>
  <testcase name="test012" classname="testers.MathUtilsNewTester0" time="0.0"/>
  <testcase name="test013" classname="testers.MathUtilsNewTester0" time="0.0"/>
  <testcase name="test014" classname="testers.MathUtilsNewTester0" time="0.0"/>
  <testcase name="test015" classname="testers.MathUtilsNewTester0" time="0.0"/>
  <testcase name="test016" classname="testers.MathUtilsNewTester0" time="0.0"/>
  <testcase name="test017" classname="testers.MathUtilsNewTester0" time="0.0"/>
  <testcase name="test018" classname="testers.MathUtilsNewTester0" time="0.0"/>
  <testcase name="test019" classname="testers.MathUtilsNewTester0" time="0.0"/>
  <testcase name="test020" classname="testers.MathUtilsNewTester0" time="0.0"/>
  <testcase name="test021" classname="testers.MathUtilsNewTester0" time="0.0"/>
  <testcase name="test022" classname="testers.MathUtilsNewTester0" time="0.0"/>
  <testcase name="test023" classname="testers.MathUtilsNewTester0" time="0.0"/>
  <testcase name="test024" classname="testers.MathUtilsNewTester0" time="0.0"/>
  <testcase name="test025" classname="testers.MathUtilsNewTester0" time="0.0"/>
  <testcase name="test026" classname="testers.MathUtilsNewTester0" time="0.0"/>
  <testcase name="test027" classname="testers.MathUtilsNewTester0" time="0.0"/>
  <testcase name="test028" classname="testers.MathUtilsNewTester0" time="0.0"/>
  <testcase name="test029" classname="testers.MathUtilsNewTester0" time="0.0"/>
  <testcase name="test030" classname="testers.MathUtilsNewTester0" time="0.0"/>
  <testcase name="test031" classname="testers.MathUtilsNewTester0" time="0.0"/>
  <testcase name="test032" classname="testers.MathUtilsNewTester0" time="0.0"/>
  <testcase name="test033" classname="testers.MathUtilsNewTester0" time="0.0"/>
  <testcase name="test034" classname="testers.MathUtilsNewTester0" time="0.0"/>
  <testcase name="test035" classname="testers.MathUtilsNewTester0" time="0.0"/>
  <testcase name="test036" classname="testers.MathUtilsNewTester0" time="0.0"/>
  <testcase name="test037" classname="testers.MathUtilsNewTester0" time="0.0"/>
  <testcase name="test038" classname="testers.MathUtilsNewTester0" time="0.0"/>
  <testcase name="test039" classname="testers.MathUtilsNewTester0" time="0.0"/>
  <testcase name="test040" classname="testers.MathUtilsNewTester0" time="0.0"/>
  <testcase name="test041" classname="testers.MathUtilsNewTester0" time="0.0"/>
  <testcase name="test042" classname="testers.MathUtilsNewTester0" time="0.0"/>
  <testcase name="test043" classname="testers.MathUtilsNewTester0" time="0.0"/>
  <testcase name="test044" classname="testers.MathUtilsNewTester0" time="0.0"/>
  <testcase name="test045" classname="testers.MathUtilsNewTester0" time="0.0"/>
  <testcase name="test046" classname="testers.MathUtilsNewTester0" time="0.0"/>
  <testcase name="test047" classname="testers.MathUtilsNewTester0" time="0.0"/>
  <testcase name="test048" classname="testers.MathUtilsNewTester0" time="0.0"/>
  <testcase name="test049" classname="testers.MathUtilsNewTester0" time="0.0"/>
  <testcase name="test050" classname="testers.MathUtilsNewTester0" time="0.0"/>
  <testcase name="test051" classname="testers.MathUtilsNewTester0" time="0.0"/>
  <testcase name="test052" classname="testers.MathUtilsNewTester0" time="0.0"/>
  <testcase name="test053" classname="testers.MathUtilsNewTester0" time="0.0"/>
  <testcase name="test054" classname="testers.MathUtilsNewTester0" time="0.0"/>
  <testcase name="test055" classname="testers.MathUtilsNewTester0" time="0.0"/>
  <testcase name="test056" classname="testers.MathUtilsNewTester0" time="0.0"/>
  <testcase name="test057" classname="testers.MathUtilsNewTester0" time="0.0"/>
  <testcase name="test058" classname="testers.MathUtilsNewTester0" time="0.0"/>
  <testcase name="test059" classname="testers.MathUtilsNewTester0" time="0.0"/>
  <testcase name="test060" classname="testers.MathUtilsNewTester0" time="0.0"/>
  <testcase name="test061" classname="testers.MathUtilsNewTester0" time="0.0"/>
  <testcase name="test062" classname="testers.MathUtilsNewTester0" time="0.0"/>
  <testcase name="test063" classname="testers.MathUtilsNewTester0" time="0.0"/>
  <testcase name="test064" classname="testers.MathUtilsNewTester0" time="0.0"/>
  <testcase name="test065" classname="testers.MathUtilsNewTester0" time="0.0"/>
  <testcase name="test066" classname="testers.MathUtilsNewTester0" time="0.0"/>
  <testcase name="test067" classname="testers.MathUtilsNewTester0" time="0.0"/>
  <testcase name="test068" classname="testers.MathUtilsNewTester0" time="0.0"/>
  <testcase name="test069" classname="testers.MathUtilsNewTester0" time="0.0"/>
  <testcase name="test070" classname="testers.MathUtilsNewTester0" time="0.0"/>
  <testcase name="test071" classname="testers.MathUtilsNewTester0" time="0.0"/>
  <testcase name="test072" classname="testers.MathUtilsNewTester0" time="0.0"/>
  <testcase name="test073" classname="testers.MathUtilsNewTester0" time="0.0"/>
  <testcase name="test074" classname="testers.MathUtilsNewTester0" time="0.0"/>
  <testcase name="test075" classname="testers.MathUtilsNewTester0" time="0.0"/>
  <testcase name="test076" classname="testers.MathUtilsNewTester0" time="0.0"/>
  <testcase name="test077" classname="testers.MathUtilsNewTester0" time="0.0"/>
  <testcase name="test078" classname="testers.MathUtilsNewTester0" time="0.0"/>
  <testcase name="test079" classname="testers.MathUtilsNewTester0" time="0.0"/>
  <testcase name="test080" classname="testers.MathUtilsNewTester0" time="0.0"/>
  <testcase name="test081" classname="testers.MathUtilsNewTester0" time="0.0"/>
  <testcase name="test082" classname="testers.MathUtilsNewTester0" time="0.0"/>
  <testcase name="test083" classname="testers.MathUtilsNewTester0" time="0.0"/>
  <testcase name="test084" classname="testers.MathUtilsNewTester0" time="0.0"/>
  <testcase name="test085" classname="testers.MathUtilsNewTester0" time="0.0"/>
  <testcase name="test086" classname="testers.MathUtilsNewTester0" time="0.0"/>
  <testcase name="test087" classname="testers.MathUtilsNewTester0" time="0.0"/>
  <testcase name="test088" classname="testers.MathUtilsNewTester0" time="0.0"/>
  <testcase name="test089" classname="testers.MathUtilsNewTester0" time="0.0"/>
  <testcase name="test090" classname="testers.MathUtilsNewTester0" time="0.0"/>
  <testcase name="test091" classname="testers.MathUtilsNewTester0" time="0.0"/>
  <testcase name="test092" classname="testers.MathUtilsNewTester0" time="0.0"/>
  <testcase name="test093" classname="testers.MathUtilsNewTester0" time="0.0"/>
  <testcase name="test094" classname="testers.MathUtilsNewTester0" time="0.0"/>
  <testcase name="test095" classname="testers.MathUtilsNewTester0" time="0.0"/>
  <testcase name="test096" classname="testers.MathUtilsNewTester0" time="0.0"/>
  <testcase name="test097" classname="testers.MathUtilsNewTester0" time="0.0"/>
  <testcase name="test098" classname="testers.MathUtilsNewTester0" time="0.0"/>
  <testcase name="test099" classname="testers.MathUtilsNewTester0" time="0.0"/>
  <testcase name="test100" classname="testers.MathUtilsNewTester0" time="0.0"/>
  <testcase name="test101" classname="testers.MathUtilsNewTester0" time="0.0"/>
  <testcase name="test102" classname="testers.MathUtilsNewTester0" time="0.001"/>
  <testcase name="test103" classname="testers.MathUtilsNewTester0" time="0.0"/>
  <testcase name="test104" classname="testers.MathUtilsNewTester0" time="0.0"/>
  <testcase name="test105" classname="testers.MathUtilsNewTester0" time="0.0"/>
  <testcase name="test106" classname="testers.MathUtilsNewTester0" time="0.0"/>
  <testcase name="test107" classname="testers.MathUtilsNewTester0" time="0.0"/>
  <testcase name="test108" classname="testers.MathUtilsNewTester0" time="0.0"/>
  <testcase name="test109" classname="testers.MathUtilsNewTester0" time="0.0"/>
  <testcase name="test110" classname="testers.MathUtilsNewTester0" time="0.0"/>
  <testcase name="test111" classname="testers.MathUtilsNewTester0" time="0.0"/>
  <testcase name="test112" classname="testers.MathUtilsNewTester0" time="0.0"/>
  <testcase name="test113" classname="testers.MathUtilsNewTester0" time="0.0"/>
  <testcase name="test114" classname="testers.MathUtilsNewTester0" time="0.0"/>
  <testcase name="test115" classname="testers.MathUtilsNewTester0" time="0.0"/>
  <testcase name="test116" classname="testers.MathUtilsNewTester0" time="0.0"/>
  <testcase name="test117" classname="testers.MathUtilsNewTester0" time="0.0"/>
  <testcase name="test118" classname="testers.MathUtilsNewTester0" time="0.0"/>
  <testcase name="test119" classname="testers.MathUtilsNewTester0" time="0.0"/>
  <testcase name="test120" classname="testers.MathUtilsNewTester0" time="0.0"/>
  <testcase name="test121" classname="testers.MathUtilsNewTester0" time="0.0"/>
  <testcase name="test122" classname="testers.MathUtilsNewTester0" time="0.0"/>
  <testcase name="test123" classname="testers.MathUtilsNewTester0" time="0.0"/>
  <testcase name="test124" classname="testers.MathUtilsNewTester0" time="0.0"/>
  <testcase name="test125" classname="testers.MathUtilsNewTester0" time="0.0"/>
  <testcase name="test126" classname="testers.MathUtilsNewTester0" time="0.0"/>
  <testcase name="test127" classname="testers.MathUtilsNewTester0" time="0.0"/>
  <testcase name="test128" classname="testers.MathUtilsNewTester0" time="0.0"/>
  <testcase name="test129" classname="testers.MathUtilsNewTester0" time="0.0"/>
  <testcase name="test130" classname="testers.MathUtilsNewTester0" time="0.0"/>
  <testcase name="test131" classname="testers.MathUtilsNewTester0" time="0.0"/>
  <testcase name="test132" classname="testers.MathUtilsNewTester0" time="0.0"/>
  <testcase name="test133" classname="testers.MathUtilsNewTester0" time="0.0"/>
  <testcase name="test134" classname="testers.MathUtilsNewTester0" time="0.0"/>
  <testcase name="test135" classname="testers.MathUtilsNewTester0" time="0.0"/>
  <testcase name="test136" classname="testers.MathUtilsNewTester0" time="0.0"/>
  <testcase name="test137" classname="testers.MathUtilsNewTester0" time="0.0"/>
  <testcase name="test138" classname="testers.MathUtilsNewTester0" time="0.0"/>
  <testcase name="test139" classname="testers.MathUtilsNewTester0" time="0.0"/>
  <testcase name="test140" classname="testers.MathUtilsNewTester0" time="0.0"/>
  <testcase name="test141" classname="testers.MathUtilsNewTester0" time="0.0"/>
  <testcase name="test142" classname="testers.MathUtilsNewTester0" time="0.0"/>
  <testcase name="test143" classname="testers.MathUtilsNewTester0" time="0.0"/>
  <testcase name="test144" classname="testers.MathUtilsNewTester0" time="0.0"/>
  <testcase name="test145" classname="testers.MathUtilsNewTester0" time="0.0"/>
  <testcase name="test146" classname="testers.MathUtilsNewTester0" time="0.0"/>
  <testcase name="test147" classname="testers.MathUtilsNewTester0" time="0.0"/>
  <testcase name="test148" classname="testers.MathUtilsNewTester0" time="0.0"/>
  <testcase name="test149" classname="testers.MathUtilsNewTester0" time="0.0"/>
  <testcase name="test150" classname="testers.MathUtilsNewTester0" time="0.0"/>
  <testcase name="test151" classname="testers.MathUtilsNewTester0" time="0.0"/>
  <testcase name="test152" classname="testers.MathUtilsNewTester0" time="0.0"/>
  <testcase name="test153" classname="testers.MathUtilsNewTester0" time="0.0"/>
  <testcase name="test154" classname="testers.MathUtilsNewTester0" time="0.0"/>
  <testcase name="test155" classname="testers.MathUtilsNewTester0" time="0.0"/>
  <testcase name="test156" classname="testers.MathUtilsNewTester0" time="0.0"/>
  <testcase name="test157" classname="testers.MathUtilsNewTester0" time="0.0"/>
  <testcase name="test158" classname="testers.MathUtilsNewTester0" time="0.0"/>
  <testcase name="test159" classname="testers.MathUtilsNewTester0" time="0.0"/>
  <testcase name="test160" classname="testers.MathUtilsNewTester0" time="0.0"/>
  <testcase name="test161" classname="testers.MathUtilsNewTester0" time="0.0"/>
  <testcase name="test162" classname="testers.MathUtilsNewTester0" time="0.0"/>
  <testcase name="test163" classname="testers.MathUtilsNewTester0" time="0.0"/>
  <testcase name="test164" classname="testers.MathUtilsNewTester0" time="0.0"/>
  <testcase name="test165" classname="testers.MathUtilsNewTester0" time="0.0"/>
  <testcase name="test166" classname="testers.MathUtilsNewTester0" time="0.0"/>
  <testcase name="test167" classname="testers.MathUtilsNewTester0" time="0.0"/>
  <testcase name="test168" classname="testers.MathUtilsNewTester0" time="0.0"/>
  <testcase name="test169" classname="testers.MathUtilsNewTester0" time="0.0"/>
  <testcase name="test170" classname="testers.MathUtilsNewTester0" time="0.0"/>
  <testcase name="test171" classname="testers.MathUtilsNewTester0" time="0.0"/>
  <testcase name="test172" classname="testers.MathUtilsNewTester0" time="0.0"/>
  <testcase name="test173" classname="testers.MathUtilsNewTester0" time="0.0"/>
  <testcase name="test174" classname="testers.MathUtilsNewTester0" time="0.0"/>
  <testcase name="test175" classname="testers.MathUtilsNewTester0" time="0.0"/>
  <testcase name="test176" classname="testers.MathUtilsNewTester0" time="0.0"/>
  <testcase name="test177" classname="testers.MathUtilsNewTester0" time="0.0"/>
  <testcase name="test178" classname="testers.MathUtilsNewTester0" time="0.0"/>
  <testcase name="test179" classname="testers.MathUtilsNewTester0" time="0.0"/>
  <testcase name="test180" classname="testers.MathUtilsNewTester0" time="0.0"/>
  <testcase name="test181" classname="testers.MathUtilsNewTester0" time="0.0"/>
  <testcase name="test182" classname="testers.MathUtilsNewTester0" time="0.0"/>
  <testcase name="test183" classname="testers.MathUtilsNewTester0" time="0.0"/>
  <testcase name="test184" classname="testers.MathUtilsNewTester0" time="0.0"/>
  <testcase name="test185" classname="testers.MathUtilsNewTester0" time="0.0"/>
  <testcase name="test186" classname="testers.MathUtilsNewTester0" time="0.0"/>
  <testcase name="test187" classname="testers.MathUtilsNewTester0" time="0.0"/>
  <testcase name="test188" classname="testers.MathUtilsNewTester0" time="0.0"/>
  <testcase name="test189" classname="testers.MathUtilsNewTester0" time="0.0"/>
  <testcase name="test190" classname="testers.MathUtilsNewTester0" time="0.0"/>
  <testcase name="test191" classname="testers.MathUtilsNewTester0" time="0.001"/>
  <testcase name="test192" classname="testers.MathUtilsNewTester0" time="0.0"/>
  <testcase name="test193" classname="testers.MathUtilsNewTester0" time="0.0"/>
  <testcase name="test194" classname="testers.MathUtilsNewTester0" time="0.0"/>
  <testcase name="test195" classname="testers.MathUtilsNewTester0" time="0.0"/>
  <testcase name="test196" classname="testers.MathUtilsNewTester0" time="0.0"/>
  <testcase name="test197" classname="testers.MathUtilsNewTester0" time="0.0"/>
  <testcase name="test198" classname="testers.MathUtilsNewTester0" time="0.0"/>
  <testcase name="test199" classname="testers.MathUtilsNewTester0" time="0.0"/>
  <testcase name="test200" classname="testers.MathUtilsNewTester0" time="0.0"/>
  <testcase name="test201" classname="testers.MathUtilsNewTester0" time="0.0"/>
  <testcase name="test202" classname="testers.MathUtilsNewTester0" time="0.0"/>
  <testcase name="test203" classname="testers.MathUtilsNewTester0" time="0.0"/>
  <testcase name="test204" classname="testers.MathUtilsNewTester0" time="0.0"/>
  <testcase name="test205" classname="testers.MathUtilsNewTester0" time="0.0"/>
  <testcase name="test206" classname="testers.MathUtilsNewTester0" time="0.0"/>
  <testcase name="test207" classname="testers.MathUtilsNewTester0" time="0.0"/>
  <testcase name="test208" classname="testers.MathUtilsNewTester0" time="0.0"/>
  <testcase name="test209" classname="testers.MathUtilsNewTester0" time="0.0"/>
  <testcase name="test210" classname="testers.MathUtilsNewTester0" time="0.0"/>
  <testcase name="test211" classname="testers.MathUtilsNewTester0" time="0.0"/>
  <testcase name="test212" classname="testers.MathUtilsNewTester0" time="0.0"/>
  <testcase name="test213" classname="testers.MathUtilsNewTester0" time="0.0"/>
  <testcase name="test214" classname="testers.MathUtilsNewTester0" time="0.0"/>
  <testcase name="test215" classname="testers.MathUtilsNewTester0" time="0.0"/>
  <testcase name="test216" classname="testers.MathUtilsNewTester0" time="0.0"/>
  <testcase name="test217" classname="testers.MathUtilsNewTester0" time="0.0"/>
  <testcase name="test218" classname="testers.MathUtilsNewTester0" time="0.0"/>
  <testcase name="test219" classname="testers.MathUtilsNewTester0" time="0.0"/>
  <testcase name="test220" classname="testers.MathUtilsNewTester0" time="0.0"/>
  <testcase name="test221" classname="testers.MathUtilsNewTester0" time="0.0"/>
  <testcase name="test222" classname="testers.MathUtilsNewTester0" time="0.0"/>
  <testcase name="test223" classname="testers.MathUtilsNewTester0" time="0.0"/>
  <testcase name="test224" classname="testers.MathUtilsNewTester0" time="0.0"/>
  <testcase name="test225" classname="testers.MathUtilsNewTester0" time="0.0"/>
  <testcase name="test226" classname="testers.MathUtilsNewTester0" time="0.0"/>
  <testcase name="test227" classname="testers.MathUtilsNewTester0" time="0.0"/>
  <testcase name="test228" classname="testers.MathUtilsNewTester0" time="0.0"/>
  <testcase name="test229" classname="testers.MathUtilsNewTester0" time="0.0"/>
  <testcase name="test230" classname="testers.MathUtilsNewTester0" time="0.0"/>
  <testcase name="test231" classname="testers.MathUtilsNewTester0" time="0.0"/>
  <testcase name="test232" classname="testers.MathUtilsNewTester0" time="0.0"/>
  <testcase name="test233" classname="testers.MathUtilsNewTester0" time="0.0"/>
  <testcase name="test234" classname="testers.MathUtilsNewTester0" time="0.0"/>
  <testcase name="test235" classname="testers.MathUtilsNewTester0" time="0.0"/>
  <testcase name="test236" classname="testers.MathUtilsNewTester0" time="0.0"/>
  <testcase name="test237" classname="testers.MathUtilsNewTester0" time="0.0"/>
  <testcase name="test238" classname="testers.MathUtilsNewTester0" time="0.0"/>
  <testcase name="test239" classname="testers.MathUtilsNewTester0" time="0.0"/>
  <testcase name="test240" classname="testers.MathUtilsNewTester0" time="0.0"/>
  <testcase name="test241" classname="testers.MathUtilsNewTester0" time="0.0"/>
  <testcase name="test242" classname="testers.MathUtilsNewTester0" time="0.0"/>
  <testcase name="test243" classname="testers.MathUtilsNewTester0" time="0.0"/>
  <testcase name="test244" classname="testers.MathUtilsNewTester0" time="0.0"/>
  <testcase name="test245" classname="testers.MathUtilsNewTester0" time="0.0"/>
  <testcase name="test246" classname="testers.MathUtilsNewTester0" time="0.0"/>
  <testcase name="test247" classname="testers.MathUtilsNewTester0" time="0.0"/>
  <testcase name="test248" classname="testers.MathUtilsNewTester0" time="0.0"/>
  <testcase name="test249" classname="testers.MathUtilsNewTester0" time="0.0"/>
  <testcase name="test250" classname="testers.MathUtilsNewTester0" time="0.0"/>
  <testcase name="test251" classname="testers.MathUtilsNewTester0" time="0.0"/>
  <testcase name="test252" classname="testers.MathUtilsNewTester0" time="0.0"/>
  <testcase name="test253" classname="testers.MathUtilsNewTester0" time="0.0"/>
  <testcase name="test254" classname="testers.MathUtilsNewTester0" time="0.0"/>
  <testcase name="test255" classname="testers.MathUtilsNewTester0" time="0.0"/>
  <testcase name="test256" classname="testers.MathUtilsNewTester0" time="0.0"/>
  <testcase name="test257" classname="testers.MathUtilsNewTester0" time="0.0"/>
  <testcase name="test258" classname="testers.MathUtilsNewTester0" time="0.0"/>
  <testcase name="test259" classname="testers.MathUtilsNewTester0" time="0.0"/>
  <testcase name="test260" classname="testers.MathUtilsNewTester0" time="0.0"/>
  <testcase name="test261" classname="testers.MathUtilsNewTester0" time="0.0"/>
  <testcase name="test262" classname="testers.MathUtilsNewTester0" time="0.0"/>
  <testcase name="test263" classname="testers.MathUtilsNewTester0" time="0.0"/>
  <testcase name="test264" classname="testers.MathUtilsNewTester0" time="0.0"/>
  <testcase name="test265" classname="testers.MathUtilsNewTester0" time="0.0"/>
  <testcase name="test266" classname="testers.MathUtilsNewTester0" time="0.0"/>
  <testcase name="test267" classname="testers.MathUtilsNewTester0" time="0.0"/>
  <testcase name="test268" classname="testers.MathUtilsNewTester0" time="0.0"/>
  <testcase name="test269" classname="testers.MathUtilsNewTester0" time="0.0"/>
  <testcase name="test270" classname="testers.MathUtilsNewTester0" time="0.0"/>
  <testcase name="test271" classname="testers.MathUtilsNewTester0" time="0.0"/>
  <testcase name="test272" classname="testers.MathUtilsNewTester0" time="0.0"/>
  <testcase name="test273" classname="testers.MathUtilsNewTester0" time="0.0"/>
  <testcase name="test274" classname="testers.MathUtilsNewTester0" time="0.0"/>
  <testcase name="test275" classname="testers.MathUtilsNewTester0" time="0.0"/>
  <testcase name="test276" classname="testers.MathUtilsNewTester0" time="0.0"/>
  <testcase name="test277" classname="testers.MathUtilsNewTester0" time="0.0"/>
  <testcase name="test278" classname="testers.MathUtilsNewTester0" time="0.0"/>
  <testcase name="test279" classname="testers.MathUtilsNewTester0" time="0.0"/>
  <testcase name="test280" classname="testers.MathUtilsNewTester0" time="0.0"/>
  <testcase name="test281" classname="testers.MathUtilsNewTester0" time="0.0"/>
  <testcase name="test282" classname="testers.MathUtilsNewTester0" time="0.0"/>
  <testcase name="test283" classname="testers.MathUtilsNewTester0" time="0.0"/>
  <testcase name="test284" classname="testers.MathUtilsNewTester0" time="0.0"/>
  <testcase name="test285" classname="testers.MathUtilsNewTester0" time="0.0"/>
  <testcase name="test286" classname="testers.MathUtilsNewTester0" time="0.0"/>
  <testcase name="test287" classname="testers.MathUtilsNewTester0" time="0.0"/>
  <testcase name="test288" classname="testers.MathUtilsNewTester0" time="0.0"/>
  <testcase name="test289" classname="testers.MathUtilsNewTester0" time="0.0"/>
  <testcase name="test290" classname="testers.MathUtilsNewTester0" time="0.0"/>
  <testcase name="test291" classname="testers.MathUtilsNewTester0" time="0.0"/>
  <testcase name="test292" classname="testers.MathUtilsNewTester0" time="0.0"/>
  <testcase name="test293" classname="testers.MathUtilsNewTester0" time="0.0"/>
  <testcase name="test294" classname="testers.MathUtilsNewTester0" time="0.0"/>
  <testcase name="test295" classname="testers.MathUtilsNewTester0" time="0.0"/>
  <testcase name="test296" classname="testers.MathUtilsNewTester0" time="0.0"/>
  <testcase name="test297" classname="testers.MathUtilsNewTester0" time="0.0"/>
  <testcase name="test298" classname="testers.MathUtilsNewTester0" time="0.0"/>
  <testcase name="test299" classname="testers.MathUtilsNewTester0" time="0.0"/>
  <testcase name="test300" classname="testers.MathUtilsNewTester0" time="0.0"/>
  <testcase name="test301" classname="testers.MathUtilsNewTester0" time="0.0"/>
  <testcase name="test302" classname="testers.MathUtilsNewTester0" time="0.0"/>
  <testcase name="test303" classname="testers.MathUtilsNewTester0" time="0.0"/>
  <testcase name="test304" classname="testers.MathUtilsNewTester0" time="0.0"/>
  <testcase name="test305" classname="testers.MathUtilsNewTester0" time="0.0"/>
  <testcase name="test306" classname="testers.MathUtilsNewTester0" time="0.0"/>
  <testcase name="test307" classname="testers.MathUtilsNewTester0" time="0.0"/>
  <testcase name="test308" classname="testers.MathUtilsNewTester0" time="0.0"/>
  <testcase name="test309" classname="testers.MathUtilsNewTester0" time="0.0"/>
  <testcase name="test310" classname="testers.MathUtilsNewTester0" time="0.0"/>
  <testcase name="test311" classname="testers.MathUtilsNewTester0" time="0.0"/>
  <testcase name="test312" classname="testers.MathUtilsNewTester0" time="0.0"/>
  <testcase name="test313" classname="testers.MathUtilsNewTester0" time="0.0"/>
  <testcase name="test314" classname="testers.MathUtilsNewTester0" time="0.0"/>
  <testcase name="test315" classname="testers.MathUtilsNewTester0" time="0.0"/>
  <testcase name="test316" classname="testers.MathUtilsNewTester0" time="0.0"/>
  <testcase name="test317" classname="testers.MathUtilsNewTester0" time="0.0"/>
  <testcase name="test318" classname="testers.MathUtilsNewTester0" time="0.0"/>
  <testcase name="test319" classname="testers.MathUtilsNewTester0" time="0.0"/>
  <testcase name="test320" classname="testers.MathUtilsNewTester0" time="0.0"/>
  <testcase name="test321" classname="testers.MathUtilsNewTester0" time="0.0"/>
  <testcase name="test322" classname="testers.MathUtilsNewTester0" time="0.0"/>
  <testcase name="test323" classname="testers.MathUtilsNewTester0" time="0.0"/>
  <testcase name="test324" classname="testers.MathUtilsNewTester0" time="0.0"/>
  <testcase name="test325" classname="testers.MathUtilsNewTester0" time="0.0"/>
  <testcase name="test326" classname="testers.MathUtilsNewTester0" time="0.0"/>
  <testcase name="test327" classname="testers.MathUtilsNewTester0" time="0.0"/>
  <testcase name="test328" classname="testers.MathUtilsNewTester0" time="0.0"/>
  <testcase name="test329" classname="testers.MathUtilsNewTester0" time="0.0"/>
  <testcase name="test330" classname="testers.MathUtilsNewTester0" time="0.0"/>
  <testcase name="test331" classname="testers.MathUtilsNewTester0" time="0.0"/>
  <testcase name="test332" classname="testers.MathUtilsNewTester0" time="0.0"/>
  <testcase name="test333" classname="testers.MathUtilsNewTester0" time="0.0"/>
  <testcase name="test334" classname="testers.MathUtilsNewTester0" time="0.0"/>
  <testcase name="test335" classname="testers.MathUtilsNewTester0" time="0.0"/>
  <testcase name="test336" classname="testers.MathUtilsNewTester0" time="0.0"/>
  <testcase name="test337" classname="testers.MathUtilsNewTester0" time="0.0"/>
  <testcase name="test338" classname="testers.MathUtilsNewTester0" time="0.0"/>
  <testcase name="test339" classname="testers.MathUtilsNewTester0" time="0.0"/>
  <testcase name="test340" classname="testers.MathUtilsNewTester0" time="0.0"/>
  <testcase name="test341" classname="testers.MathUtilsNewTester0" time="0.0"/>
  <testcase name="test342" classname="testers.MathUtilsNewTester0" time="0.0"/>
  <testcase name="test343" classname="testers.MathUtilsNewTester0" time="0.0"/>
  <testcase name="test344" classname="testers.MathUtilsNewTester0" time="0.0"/>
  <testcase name="test345" classname="testers.MathUtilsNewTester0" time="0.0"/>
  <testcase name="test346" classname="testers.MathUtilsNewTester0" time="0.0"/>
  <testcase name="test347" classname="testers.MathUtilsNewTester0" time="0.0"/>
  <testcase name="test348" classname="testers.MathUtilsNewTester0" time="0.0"/>
  <testcase name="test349" classname="testers.MathUtilsNewTester0" time="0.0"/>
  <testcase name="test350" classname="testers.MathUtilsNewTester0" time="0.0"/>
  <testcase name="test351" classname="testers.MathUtilsNewTester0" time="0.0"/>
  <testcase name="test352" classname="testers.MathUtilsNewTester0" time="0.0"/>
  <testcase name="test353" classname="testers.MathUtilsNewTester0" time="0.0"/>
  <testcase name="test354" classname="testers.MathUtilsNewTester0" time="0.0"/>
  <testcase name="test355" classname="testers.MathUtilsNewTester0" time="0.0"/>
  <testcase name="test356" classname="testers.MathUtilsNewTester0" time="0.0"/>
  <testcase name="test357" classname="testers.MathUtilsNewTester0" time="0.0"/>
  <testcase name="test358" classname="testers.MathUtilsNewTester0" time="0.0"/>
  <testcase name="test359" classname="testers.MathUtilsNewTester0" time="0.0"/>
  <testcase name="test360" classname="testers.MathUtilsNewTester0" time="0.0"/>
  <testcase name="test361" classname="testers.MathUtilsNewTester0" time="0.0"/>
  <testcase name="test362" classname="testers.MathUtilsNewTester0" time="0.0"/>
  <testcase name="test363" classname="testers.MathUtilsNewTester0" time="0.0"/>
  <testcase name="test364" classname="testers.MathUtilsNewTester0" time="0.0"/>
  <testcase name="test365" classname="testers.MathUtilsNewTester0" time="0.0"/>
  <testcase name="test366" classname="testers.MathUtilsNewTester0" time="0.0"/>
  <testcase name="test367" classname="testers.MathUtilsNewTester0" time="0.0"/>
  <testcase name="test368" classname="testers.MathUtilsNewTester0" time="0.0"/>
  <testcase name="test369" classname="testers.MathUtilsNewTester0" time="0.0"/>
  <testcase name="test370" classname="testers.MathUtilsNewTester0" time="0.0"/>
  <testcase name="test371" classname="testers.MathUtilsNewTester0" time="0.0"/>
  <testcase name="test372" classname="testers.MathUtilsNewTester0" time="0.0"/>
  <testcase name="test373" classname="testers.MathUtilsNewTester0" time="0.001"/>
  <testcase name="test374" classname="testers.MathUtilsNewTester0" time="0.0"/>
  <testcase name="test375" classname="testers.MathUtilsNewTester0" time="0.0"/>
  <testcase name="test376" classname="testers.MathUtilsNewTester0" time="0.0"/>
  <testcase name="test377" classname="testers.MathUtilsNewTester0" time="0.0"/>
  <testcase name="test378" classname="testers.MathUtilsNewTester0" time="0.0"/>
  <testcase name="test379" classname="testers.MathUtilsNewTester0" time="0.0"/>
  <testcase name="test380" classname="testers.MathUtilsNewTester0" time="0.0"/>
  <testcase name="test381" classname="testers.MathUtilsNewTester0" time="0.0"/>
  <testcase name="test382" classname="testers.MathUtilsNewTester0" time="0.0"/>
  <testcase name="test383" classname="testers.MathUtilsNewTester0" time="0.0"/>
  <testcase name="test384" classname="testers.MathUtilsNewTester0" time="0.0"/>
  <testcase name="test385" classname="testers.MathUtilsNewTester0" time="0.0"/>
  <testcase name="test386" classname="testers.MathUtilsNewTester0" time="0.0"/>
  <testcase name="test387" classname="testers.MathUtilsNewTester0" time="0.0"/>
  <testcase name="test388" classname="testers.MathUtilsNewTester0" time="0.0"/>
  <testcase name="test389" classname="testers.MathUtilsNewTester0" time="0.0"/>
  <testcase name="test390" classname="testers.MathUtilsNewTester0" time="0.0"/>
  <testcase name="test391" classname="testers.MathUtilsNewTester0" time="0.0"/>
  <testcase name="test392" classname="testers.MathUtilsNewTester0" time="0.0"/>
  <testcase name="test393" classname="testers.MathUtilsNewTester0" time="0.0"/>
  <testcase name="test394" classname="testers.MathUtilsNewTester0" time="0.0"/>
  <testcase name="test395" classname="testers.MathUtilsNewTester0" time="0.0"/>
  <testcase name="test396" classname="testers.MathUtilsNewTester0" time="0.0"/>
  <testcase name="test397" classname="testers.MathUtilsNewTester0" time="0.0"/>
  <testcase name="test398" classname="testers.MathUtilsNewTester0" time="0.0"/>
  <testcase name="test399" classname="testers.MathUtilsNewTester0" time="0.0"/>
  <testcase name="test400" classname="testers.MathUtilsNewTester0" time="0.0"/>
  <testcase name="test401" classname="testers.MathUtilsNewTester0" time="0.0"/>
  <testcase name="test402" classname="testers.MathUtilsNewTester0" time="0.0"/>
  <testcase name="test403" classname="testers.MathUtilsNewTester0" time="0.0"/>
  <testcase name="test404" classname="testers.MathUtilsNewTester0" time="0.0"/>
  <testcase name="test405" classname="testers.MathUtilsNewTester0" time="0.0"/>
  <testcase name="test406" classname="testers.MathUtilsNewTester0" time="0.0"/>
  <testcase name="test407" classname="testers.MathUtilsNewTester0" time="0.0"/>
  <testcase name="test408" classname="testers.MathUtilsNewTester0" time="0.0"/>
  <testcase name="test409" classname="testers.MathUtilsNewTester0" time="0.0"/>
  <testcase name="test410" classname="testers.MathUtilsNewTester0" time="0.0"/>
  <testcase name="test411" classname="testers.MathUtilsNewTester0" time="0.0"/>
  <testcase name="test412" classname="testers.MathUtilsNewTester0" time="0.0"/>
  <testcase name="test413" classname="testers.MathUtilsNewTester0" time="0.0"/>
  <testcase name="test414" classname="testers.MathUtilsNewTester0" time="0.0"/>
  <testcase name="test415" classname="testers.MathUtilsNewTester0" time="0.0"/>
  <testcase name="test416" classname="testers.MathUtilsNewTester0" time="0.0"/>
  <testcase name="test417" classname="testers.MathUtilsNewTester0" time="0.0"/>
  <testcase name="test418" classname="testers.MathUtilsNewTester0" time="0.0"/>
  <testcase name="test419" classname="testers.MathUtilsNewTester0" time="0.0"/>
  <testcase name="test420" classname="testers.MathUtilsNewTester0" time="0.0"/>
  <testcase name="test421" classname="testers.MathUtilsNewTester0" time="0.0"/>
  <testcase name="test422" classname="testers.MathUtilsNewTester0" time="0.0"/>
  <testcase name="test423" classname="testers.MathUtilsNewTester0" time="0.0"/>
  <testcase name="test424" classname="testers.MathUtilsNewTester0" time="0.0"/>
  <testcase name="test425" classname="testers.MathUtilsNewTester0" time="0.0"/>
  <testcase name="test426" classname="testers.MathUtilsNewTester0" time="0.0"/>
  <testcase name="test427" classname="testers.MathUtilsNewTester0" time="0.0"/>
  <testcase name="test428" classname="testers.MathUtilsNewTester0" time="0.0"/>
  <testcase name="test429" classname="testers.MathUtilsNewTester0" time="0.0"/>
  <testcase name="test430" classname="testers.MathUtilsNewTester0" time="0.0"/>
  <testcase name="test431" classname="testers.MathUtilsNewTester0" time="0.0"/>
  <testcase name="test432" classname="testers.MathUtilsNewTester0" time="0.0"/>
  <testcase name="test433" classname="testers.MathUtilsNewTester0" time="0.0"/>
  <testcase name="test434" classname="testers.MathUtilsNewTester0" time="0.0"/>
  <testcase name="test435" classname="testers.MathUtilsNewTester0" time="0.0"/>
  <testcase name="test436" classname="testers.MathUtilsNewTester0" time="0.0"/>
  <testcase name="test437" classname="testers.MathUtilsNewTester0" time="0.0"/>
  <testcase name="test438" classname="testers.MathUtilsNewTester0" time="0.0"/>
  <testcase name="test439" classname="testers.MathUtilsNewTester0" time="0.0"/>
  <testcase name="test440" classname="testers.MathUtilsNewTester0" time="0.0"/>
  <testcase name="test441" classname="testers.MathUtilsNewTester0" time="0.0"/>
  <testcase name="test442" classname="testers.MathUtilsNewTester0" time="0.0"/>
  <testcase name="test443" classname="testers.MathUtilsNewTester0" time="0.001"/>
  <testcase name="test444" classname="testers.MathUtilsNewTester0" time="0.0"/>
  <testcase name="test445" classname="testers.MathUtilsNewTester0" time="0.0"/>
  <testcase name="test446" classname="testers.MathUtilsNewTester0" time="0.0"/>
  <testcase name="test447" classname="testers.MathUtilsNewTester0" time="0.0"/>
  <testcase name="test448" classname="testers.MathUtilsNewTester0" time="0.0"/>
  <testcase name="test449" classname="testers.MathUtilsNewTester0" time="0.0"/>
  <testcase name="test450" classname="testers.MathUtilsNewTester0" time="0.0"/>
  <testcase name="test451" classname="testers.MathUtilsNewTester0" time="0.0"/>
  <testcase name="test452" classname="testers.MathUtilsNewTester0" time="0.0"/>
  <testcase name="test453" classname="testers.MathUtilsNewTester0" time="0.0"/>
  <testcase name="test454" classname="testers.MathUtilsNewTester0" time="0.0"/>
  <testcase name="test455" classname="testers.MathUtilsNewTester0" time="0.0"/>
  <testcase name="test456" classname="testers.MathUtilsNewTester0" time="0.0"/>
  <testcase name="test457" classname="testers.MathUtilsNewTester0" time="0.0"/>
  <testcase name="test458" classname="testers.MathUtilsNewTester0" time="0.0"/>
  <testcase name="test459" classname="testers.MathUtilsNewTester0" time="0.0"/>
  <testcase name="test460" classname="testers.MathUtilsNewTester0" time="0.0"/>
  <testcase name="test461" classname="testers.MathUtilsNewTester0" time="0.0"/>
  <testcase name="test462" classname="testers.MathUtilsNewTester0" time="0.0"/>
  <testcase name="test463" classname="testers.MathUtilsNewTester0" time="0.0"/>
  <testcase name="test464" classname="testers.MathUtilsNewTester0" time="0.0"/>
  <testcase name="test465" classname="testers.MathUtilsNewTester0" time="0.0"/>
  <testcase name="test466" classname="testers.MathUtilsNewTester0" time="0.0"/>
  <testcase name="test467" classname="testers.MathUtilsNewTester0" time="0.0"/>
  <testcase name="test468" classname="testers.MathUtilsNewTester0" time="0.0"/>
  <testcase name="test469" classname="testers.MathUtilsNewTester0" time="0.0"/>
  <testcase name="test470" classname="testers.MathUtilsNewTester0" time="0.0"/>
  <testcase name="test471" classname="testers.MathUtilsNewTester0" time="0.0"/>
  <testcase name="test472" classname="testers.MathUtilsNewTester0" time="0.0"/>
  <testcase name="test473" classname="testers.MathUtilsNewTester0" time="0.0"/>
  <testcase name="test474" classname="testers.MathUtilsNewTester0" time="0.0"/>
  <testcase name="test475" classname="testers.MathUtilsNewTester0" time="0.0"/>
  <testcase name="test476" classname="testers.MathUtilsNewTester0" time="0.0"/>
  <testcase name="test477" classname="testers.MathUtilsNewTester0" time="0.0"/>
  <testcase name="test478" classname="testers.MathUtilsNewTester0" time="0.0"/>
  <testcase name="test479" classname="testers.MathUtilsNewTester0" time="0.0"/>
  <testcase name="test480" classname="testers.MathUtilsNewTester0" time="0.0"/>
  <testcase name="test481" classname="testers.MathUtilsNewTester0" time="0.0"/>
  <testcase name="test482" classname="testers.MathUtilsNewTester0" time="0.0"/>
  <testcase name="test483" classname="testers.MathUtilsNewTester0" time="0.0"/>
  <testcase name="test484" classname="testers.MathUtilsNewTester0" time="0.0"/>
  <testcase name="test485" classname="testers.MathUtilsNewTester0" time="0.0"/>
  <testcase name="test486" classname="testers.MathUtilsNewTester0" time="0.0"/>
  <testcase name="test487" classname="testers.MathUtilsNewTester0" time="0.0"/>
  <testcase name="test488" classname="testers.MathUtilsNewTester0" time="0.0"/>
  <testcase name="test489" classname="testers.MathUtilsNewTester0" time="0.0"/>
  <testcase name="test490" classname="testers.MathUtilsNewTester0" time="0.0"/>
  <testcase name="test491" classname="testers.MathUtilsNewTester0" time="0.0"/>
  <testcase name="test492" classname="testers.MathUtilsNewTester0" time="0.0"/>
  <testcase name="test493" classname="testers.MathUtilsNewTester0" time="0.0"/>
  <testcase name="test494" classname="testers.MathUtilsNewTester0" time="0.0"/>
  <testcase name="test495" classname="testers.MathUtilsNewTester0" time="0.0"/>
  <testcase name="test496" classname="testers.MathUtilsNewTester0" time="0.0"/>
  <testcase name="test497" classname="testers.MathUtilsNewTester0" time="0.0"/>
  <testcase name="test498" classname="testers.MathUtilsNewTester0" time="0.0"/>
  <testcase name="test499" classname="testers.MathUtilsNewTester0" time="0.0"/>
  <system-out><![CDATA[]]></system-out>
  <system-err><![CDATA[]]></system-err>
</testsuite>
