<?xml version="1.0" encoding="UTF-8"?>
<testsuite name="DataStructures.QueueAr_ESTest" tests="13" skipped="0" failures="0" errors="0" timestamp="2022-05-26T12:09:11" hostname="grtx" time="0.022">
  <properties/>
  <testcase name="test06" classname="DataStructures.QueueAr_ESTest" time="0.007"/>
  <testcase name="test07" classname="DataStructures.QueueAr_ESTest" time="0.002"/>
  <testcase name="test08" classname="DataStructures.QueueAr_ESTest" time="0.001"/>
  <testcase name="test09" classname="DataStructures.QueueAr_ESTest" time="0.001"/>
  <testcase name="test10" classname="DataStructures.QueueAr_ESTest" time="0.001"/>
  <testcase name="test00" classname="DataStructures.QueueAr_ESTest" time="0.001"/>
  <testcase name="test11" classname="DataStructures.QueueAr_ESTest" time="0.002"/>
  <testcase name="test01" classname="DataStructures.QueueAr_ESTest" time="0.001"/>
  <testcase name="test12" classname="DataStructures.QueueAr_ESTest" time="0.001"/>
  <testcase name="test02" classname="DataStructures.QueueAr_ESTest" time="0.001"/>
  <testcase name="test03" classname="DataStructures.QueueAr_ESTest" time="0.001"/>
  <testcase name="test04" classname="DataStructures.QueueAr_ESTest" time="0.001"/>
  <testcase name="test05" classname="DataStructures.QueueAr_ESTest" time="0.001"/>
  <system-out><![CDATA[14:09:10.808 [Test worker] INFO  o.e.r.instrumentation.EvoClassLoader - Seeing class for first time: DataStructures.QueueAr_ESTest
14:09:10.810 [Test worker] INFO  o.e.r.instrumentation.EvoClassLoader - Instrumenting class 'DataStructures.QueueAr_ESTest'.
14:09:10.832 [Test worker] INFO  o.e.r.instrumentation.EvoClassLoader - Seeing class for first time: DataStructures.QueueAr_ESTest_scaffolding
14:09:10.832 [Test worker] INFO  o.e.r.instrumentation.EvoClassLoader - Instrumenting class 'DataStructures.QueueAr_ESTest_scaffolding'.
14:09:10.834 [Test worker] INFO  o.e.r.instrumentation.EvoClassLoader - Keeping class: DataStructures.QueueAr_ESTest_scaffolding
14:09:10.834 [Test worker] INFO  o.e.r.instrumentation.EvoClassLoader - Keeping class: DataStructures.QueueAr_ESTest
14:09:10.911 [Test worker] DEBUG o.e.runtime.sandbox.MSecurityManager - Adding privileged thread: "Reference Handler"
14:09:10.911 [Test worker] DEBUG o.e.runtime.sandbox.MSecurityManager - Adding privileged thread: "Finalizer"
14:09:10.911 [Test worker] DEBUG o.e.runtime.sandbox.MSecurityManager - Adding privileged thread: "Signal Dispatcher"
14:09:10.911 [Test worker] DEBUG o.e.runtime.sandbox.MSecurityManager - Adding privileged thread: "Attach Listener"
14:09:10.911 [Test worker] DEBUG o.e.runtime.sandbox.MSecurityManager - Adding privileged thread: "Java2D Disposer"
14:09:10.911 [Test worker] DEBUG o.e.runtime.sandbox.MSecurityManager - Adding privileged thread: "AWT-Shutdown"
14:09:10.911 [Test worker] DEBUG o.e.runtime.sandbox.MSecurityManager - Adding privileged thread: "AWT-Windows"
14:09:10.911 [Test worker] DEBUG o.e.runtime.sandbox.MSecurityManager - Adding privileged thread: "main"
14:09:10.911 [Test worker] DEBUG o.e.runtime.sandbox.MSecurityManager - Adding privileged thread: "Test worker"
14:09:10.911 [Test worker] DEBUG o.e.runtime.sandbox.MSecurityManager - Adding privileged thread: "/127.0.0.1:53648 to /127.0.0.1:53647 workers Thread 2"
14:09:10.911 [Test worker] DEBUG o.e.runtime.sandbox.MSecurityManager - Adding privileged thread: "/127.0.0.1:53648 to /127.0.0.1:53647 workers Thread 3"
14:09:10.952 [Test worker] INFO  o.e.r.instrumentation.EvoClassLoader - Seeing class for first time: DataStructures.QueueAr
14:09:10.952 [Test worker] INFO  o.e.r.instrumentation.EvoClassLoader - Instrumenting class 'DataStructures.QueueAr'.
14:09:10.965 [Test worker] INFO  o.e.r.i.MethodCallReplacementClassAdapter - Adding mock interface to class DataStructures/QueueAr
14:09:11.081 [Test worker] INFO  o.e.r.i.CreateClassResetClassAdapter - Creating brand-new static initializer in class DataStructures/QueueAr
14:09:11.081 [Test worker] INFO  o.e.r.instrumentation.EvoClassLoader - Keeping class: DataStructures.QueueAr
14:09:11.082 [Test worker] INFO  o.e.r.instrumentation.EvoClassLoader - Seeing class for first time: DataStructures.Overflow
14:09:11.082 [Test worker] INFO  o.e.r.instrumentation.EvoClassLoader - Instrumenting class 'DataStructures.Overflow'.
14:09:11.083 [Test worker] INFO  o.e.r.i.MethodCallReplacementClassAdapter - Adding mock interface to class DataStructures/Overflow
14:09:11.083 [Test worker] INFO  o.e.r.i.CreateClassResetClassAdapter - Creating brand-new static initializer in class DataStructures/Overflow
14:09:11.083 [Test worker] INFO  o.e.r.instrumentation.EvoClassLoader - Keeping class: DataStructures.Overflow
]]></system-out>
  <system-err><![CDATA[]]></system-err>
</testsuite>
