<?xml version="1.0" encoding="UTF-8"?>
<testsuite name="DataStructures.QueueAr_ESTest" tests="15" skipped="0" failures="0" errors="0" timestamp="2022-05-26T06:47:18" hostname="grtx" time="0.023">
  <properties/>
  <testcase name="test06" classname="DataStructures.QueueAr_ESTest" time="0.007"/>
  <testcase name="test07" classname="DataStructures.QueueAr_ESTest" time="0.002"/>
  <testcase name="test08" classname="DataStructures.QueueAr_ESTest" time="0.001"/>
  <testcase name="test09" classname="DataStructures.QueueAr_ESTest" time="0.001"/>
  <testcase name="test10" classname="DataStructures.QueueAr_ESTest" time="0.001"/>
  <testcase name="test00" classname="DataStructures.QueueAr_ESTest" time="0.001"/>
  <testcase name="test11" classname="DataStructures.QueueAr_ESTest" time="0.003"/>
  <testcase name="test01" classname="DataStructures.QueueAr_ESTest" time="0.001"/>
  <testcase name="test12" classname="DataStructures.QueueAr_ESTest" time="0.001"/>
  <testcase name="test02" classname="DataStructures.QueueAr_ESTest" time="0.001"/>
  <testcase name="test13" classname="DataStructures.QueueAr_ESTest" time="0.001"/>
  <testcase name="test03" classname="DataStructures.QueueAr_ESTest" time="0.001"/>
  <testcase name="test14" classname="DataStructures.QueueAr_ESTest" time="0.001"/>
  <testcase name="test04" classname="DataStructures.QueueAr_ESTest" time="0.001"/>
  <testcase name="test05" classname="DataStructures.QueueAr_ESTest" time="0.0"/>
  <system-out><![CDATA[08:47:18.430 [Test worker] INFO  o.e.r.instrumentation.EvoClassLoader - Seeing class for first time: DataStructures.QueueAr_ESTest
08:47:18.432 [Test worker] INFO  o.e.r.instrumentation.EvoClassLoader - Instrumenting class 'DataStructures.QueueAr_ESTest'.
08:47:18.453 [Test worker] INFO  o.e.r.instrumentation.EvoClassLoader - Seeing class for first time: DataStructures.QueueAr_ESTest_scaffolding
08:47:18.453 [Test worker] INFO  o.e.r.instrumentation.EvoClassLoader - Instrumenting class 'DataStructures.QueueAr_ESTest_scaffolding'.
08:47:18.455 [Test worker] INFO  o.e.r.instrumentation.EvoClassLoader - Keeping class: DataStructures.QueueAr_ESTest_scaffolding
08:47:18.455 [Test worker] INFO  o.e.r.instrumentation.EvoClassLoader - Keeping class: DataStructures.QueueAr_ESTest
08:47:18.611 [Test worker] DEBUG o.e.runtime.sandbox.MSecurityManager - Adding privileged thread: "Reference Handler"
08:47:18.611 [Test worker] DEBUG o.e.runtime.sandbox.MSecurityManager - Adding privileged thread: "Finalizer"
08:47:18.611 [Test worker] DEBUG o.e.runtime.sandbox.MSecurityManager - Adding privileged thread: "Signal Dispatcher"
08:47:18.611 [Test worker] DEBUG o.e.runtime.sandbox.MSecurityManager - Adding privileged thread: "Attach Listener"
08:47:18.611 [Test worker] DEBUG o.e.runtime.sandbox.MSecurityManager - Adding privileged thread: "Java2D Disposer"
08:47:18.611 [Test worker] DEBUG o.e.runtime.sandbox.MSecurityManager - Adding privileged thread: "AWT-Shutdown"
08:47:18.611 [Test worker] DEBUG o.e.runtime.sandbox.MSecurityManager - Adding privileged thread: "AWT-Windows"
08:47:18.611 [Test worker] DEBUG o.e.runtime.sandbox.MSecurityManager - Adding privileged thread: "main"
08:47:18.611 [Test worker] DEBUG o.e.runtime.sandbox.MSecurityManager - Adding privileged thread: "Test worker"
08:47:18.611 [Test worker] DEBUG o.e.runtime.sandbox.MSecurityManager - Adding privileged thread: "/127.0.0.1:64680 to /127.0.0.1:64679 workers Thread 2"
08:47:18.611 [Test worker] DEBUG o.e.runtime.sandbox.MSecurityManager - Adding privileged thread: "/127.0.0.1:64680 to /127.0.0.1:64679 workers Thread 3"
08:47:18.649 [Test worker] INFO  o.e.r.instrumentation.EvoClassLoader - Seeing class for first time: DataStructures.QueueAr
08:47:18.649 [Test worker] INFO  o.e.r.instrumentation.EvoClassLoader - Instrumenting class 'DataStructures.QueueAr'.
08:47:18.661 [Test worker] INFO  o.e.r.i.MethodCallReplacementClassAdapter - Adding mock interface to class DataStructures/QueueAr
08:47:18.776 [Test worker] INFO  o.e.r.i.CreateClassResetClassAdapter - Creating brand-new static initializer in class DataStructures/QueueAr
08:47:18.777 [Test worker] INFO  o.e.r.instrumentation.EvoClassLoader - Keeping class: DataStructures.QueueAr
08:47:18.777 [Test worker] INFO  o.e.r.instrumentation.EvoClassLoader - Seeing class for first time: DataStructures.Overflow
08:47:18.777 [Test worker] INFO  o.e.r.instrumentation.EvoClassLoader - Instrumenting class 'DataStructures.Overflow'.
08:47:18.778 [Test worker] INFO  o.e.r.i.MethodCallReplacementClassAdapter - Adding mock interface to class DataStructures/Overflow
08:47:18.778 [Test worker] INFO  o.e.r.i.CreateClassResetClassAdapter - Creating brand-new static initializer in class DataStructures/Overflow
08:47:18.779 [Test worker] INFO  o.e.r.instrumentation.EvoClassLoader - Keeping class: DataStructures.Overflow
]]></system-out>
  <system-err><![CDATA[]]></system-err>
</testsuite>
