<?xml version="1.0" encoding="UTF-8"?>
<testsuite name="examples.Map_ESTest" tests="15" skipped="0" failures="5" errors="0" timestamp="2022-05-24T23:29:21" hostname="grtx" time="0.068">
  <properties/>
  <testcase name="test03" classname="examples.Map_ESTest" time="0.021">
    <failure message="org.evosuite.runtime.mock.java.lang.MockThrowable" type="org.evosuite.runtime.mock.java.lang.MockIllegalStateException">org.evosuite.runtime.mock.java.lang.MockThrowable
	at examples.Map.remove(Map.java:125)
	at &lt;evosuite&gt;.&lt;evosuite&gt;(&lt;evosuite&gt;)
	at &lt;evosuite&gt;.&lt;evosuite&gt;(&lt;evosuite&gt;)
</failure>
  </testcase>
  <testcase name="test14" classname="examples.Map_ESTest" time="0.003"/>
  <testcase name="test02" classname="examples.Map_ESTest" time="0.003"/>
  <testcase name="test13" classname="examples.Map_ESTest" time="0.002"/>
  <testcase name="test05" classname="examples.Map_ESTest" time="0.003">
    <failure message="java.lang.AssertionError: expected:&lt;1&gt; but was:&lt;0&gt;" type="java.lang.AssertionError">java.lang.AssertionError: expected:&lt;1&gt; but was:&lt;0&gt;
	at org.junit.Assert.fail(Assert.java:88)
	at org.junit.Assert.failNotEquals(Assert.java:834)
	at org.junit.Assert.assertEquals(Assert.java:645)
	at org.junit.Assert.assertEquals(Assert.java:631)
	at examples.Map_ESTest.test05(Map_ESTest.java:81)
	at sun.reflect.NativeMethodAccessorImpl.invoke0(Native Method)
	at sun.reflect.NativeMethodAccessorImpl.invoke(NativeMethodAccessorImpl.java:62)
	at sun.reflect.DelegatingMethodAccessorImpl.invoke(DelegatingMethodAccessorImpl.java:43)
	at java.lang.reflect.Method.invoke(Method.java:498)
	at org.junit.runners.model.FrameworkMethod$1.runReflectiveCall(FrameworkMethod.java:50)
	at org.junit.internal.runners.model.ReflectiveCallable.run(ReflectiveCallable.java:12)
	at org.junit.runners.model.FrameworkMethod.invokeExplosively(FrameworkMethod.java:47)
	at org.junit.internal.runners.statements.InvokeMethod.evaluate(InvokeMethod.java:17)
	at org.junit.internal.runners.statements.FailOnTimeout$CallableStatement.call(FailOnTimeout.java:298)
	at org.junit.internal.runners.statements.FailOnTimeout$CallableStatement.call(FailOnTimeout.java:292)
	at java.util.concurrent.FutureTask.run(FutureTask.java:266)
	at java.lang.Thread.run(Thread.java:748)
</failure>
  </testcase>
  <testcase name="test04" classname="examples.Map_ESTest" time="0.003"/>
  <testcase name="test10" classname="examples.Map_ESTest" time="0.004">
    <failure message="org.evosuite.runtime.mock.java.lang.MockIllegalStateException" type="org.evosuite.runtime.mock.java.lang.MockIllegalStateException">org.evosuite.runtime.mock.java.lang.MockIllegalStateException
	at examples.Map.remove(Map.java:125)
	at examples.Map_ESTest.test10(Map_ESTest.java:123)
	at sun.reflect.NativeMethodAccessorImpl.invoke0(Native Method)
	at sun.reflect.NativeMethodAccessorImpl.invoke(NativeMethodAccessorImpl.java:62)
	at sun.reflect.DelegatingMethodAccessorImpl.invoke(DelegatingMethodAccessorImpl.java:43)
	at java.lang.reflect.Method.invoke(Method.java:498)
	at org.junit.runners.model.FrameworkMethod$1.runReflectiveCall(FrameworkMethod.java:50)
	at org.junit.internal.runners.model.ReflectiveCallable.run(ReflectiveCallable.java:12)
	at org.junit.runners.model.FrameworkMethod.invokeExplosively(FrameworkMethod.java:47)
	at org.junit.internal.runners.statements.InvokeMethod.evaluate(InvokeMethod.java:17)
	at org.junit.internal.runners.statements.FailOnTimeout$CallableStatement.call(FailOnTimeout.java:298)
	at org.junit.internal.runners.statements.FailOnTimeout$CallableStatement.call(FailOnTimeout.java:292)
	at java.util.concurrent.FutureTask.run(FutureTask.java:266)
	at java.lang.Thread.run(Thread.java:748)
</failure>
  </testcase>
  <testcase name="test01" classname="examples.Map_ESTest" time="0.003">
    <failure message="java.lang.AssertionError: expected:&lt;2&gt; but was:&lt;0&gt;" type="java.lang.AssertionError">java.lang.AssertionError: expected:&lt;2&gt; but was:&lt;0&gt;
	at org.junit.Assert.fail(Assert.java:88)
	at org.junit.Assert.failNotEquals(Assert.java:834)
	at org.junit.Assert.assertEquals(Assert.java:645)
	at org.junit.Assert.assertEquals(Assert.java:631)
	at examples.Map_ESTest.test01(Map_ESTest.java:42)
	at sun.reflect.NativeMethodAccessorImpl.invoke0(Native Method)
	at sun.reflect.NativeMethodAccessorImpl.invoke(NativeMethodAccessorImpl.java:62)
	at sun.reflect.DelegatingMethodAccessorImpl.invoke(DelegatingMethodAccessorImpl.java:43)
	at java.lang.reflect.Method.invoke(Method.java:498)
	at org.junit.runners.model.FrameworkMethod$1.runReflectiveCall(FrameworkMethod.java:50)
	at org.junit.internal.runners.model.ReflectiveCallable.run(ReflectiveCallable.java:12)
	at org.junit.runners.model.FrameworkMethod.invokeExplosively(FrameworkMethod.java:47)
	at org.junit.internal.runners.statements.InvokeMethod.evaluate(InvokeMethod.java:17)
	at org.junit.internal.runners.statements.FailOnTimeout$CallableStatement.call(FailOnTimeout.java:298)
	at org.junit.internal.runners.statements.FailOnTimeout$CallableStatement.call(FailOnTimeout.java:292)
	at java.util.concurrent.FutureTask.run(FutureTask.java:266)
	at java.lang.Thread.run(Thread.java:748)
</failure>
  </testcase>
  <testcase name="test12" classname="examples.Map_ESTest" time="0.005"/>
  <testcase name="test00" classname="examples.Map_ESTest" time="0.002"/>
  <testcase name="test11" classname="examples.Map_ESTest" time="0.003"/>
  <testcase name="test07" classname="examples.Map_ESTest" time="0.003"/>
  <testcase name="test06" classname="examples.Map_ESTest" time="0.002"/>
  <testcase name="test09" classname="examples.Map_ESTest" time="0.004"/>
  <testcase name="test08" classname="examples.Map_ESTest" time="0.002">
    <failure message="java.lang.AssertionError: expected:&lt;1&gt; but was:&lt;0&gt;" type="java.lang.AssertionError">java.lang.AssertionError: expected:&lt;1&gt; but was:&lt;0&gt;
	at org.junit.Assert.fail(Assert.java:88)
	at org.junit.Assert.failNotEquals(Assert.java:834)
	at org.junit.Assert.assertEquals(Assert.java:645)
	at org.junit.Assert.assertEquals(Assert.java:631)
	at examples.Map_ESTest.test08(Map_ESTest.java:104)
	at sun.reflect.NativeMethodAccessorImpl.invoke0(Native Method)
	at sun.reflect.NativeMethodAccessorImpl.invoke(NativeMethodAccessorImpl.java:62)
	at sun.reflect.DelegatingMethodAccessorImpl.invoke(DelegatingMethodAccessorImpl.java:43)
	at java.lang.reflect.Method.invoke(Method.java:498)
	at org.junit.runners.model.FrameworkMethod$1.runReflectiveCall(FrameworkMethod.java:50)
	at org.junit.internal.runners.model.ReflectiveCallable.run(ReflectiveCallable.java:12)
	at org.junit.runners.model.FrameworkMethod.invokeExplosively(FrameworkMethod.java:47)
	at org.junit.internal.runners.statements.InvokeMethod.evaluate(InvokeMethod.java:17)
	at org.junit.internal.runners.statements.FailOnTimeout$CallableStatement.call(FailOnTimeout.java:298)
	at org.junit.internal.runners.statements.FailOnTimeout$CallableStatement.call(FailOnTimeout.java:292)
	at java.util.concurrent.FutureTask.run(FutureTask.java:266)
	at java.lang.Thread.run(Thread.java:748)
</failure>
  </testcase>
  <system-out><![CDATA[01:29:20.609 [Test worker] INFO  o.e.r.instrumentation.EvoClassLoader - Seeing class for first time: examples.Map_ESTest
01:29:20.612 [Test worker] INFO  o.e.r.instrumentation.EvoClassLoader - Instrumenting class 'examples.Map_ESTest'.
01:29:20.656 [Test worker] INFO  o.e.r.instrumentation.EvoClassLoader - Seeing class for first time: examples.Map_ESTest_scaffolding
01:29:20.657 [Test worker] INFO  o.e.r.instrumentation.EvoClassLoader - Instrumenting class 'examples.Map_ESTest_scaffolding'.
01:29:20.662 [Test worker] INFO  o.e.r.instrumentation.EvoClassLoader - Keeping class: examples.Map_ESTest_scaffolding
01:29:20.663 [Test worker] INFO  o.e.r.instrumentation.EvoClassLoader - Keeping class: examples.Map_ESTest
01:29:21.068 [Test worker] DEBUG o.e.runtime.sandbox.MSecurityManager - Adding privileged thread: "Reference Handler"
01:29:21.068 [Test worker] DEBUG o.e.runtime.sandbox.MSecurityManager - Adding privileged thread: "Finalizer"
01:29:21.068 [Test worker] DEBUG o.e.runtime.sandbox.MSecurityManager - Adding privileged thread: "Signal Dispatcher"
01:29:21.069 [Test worker] DEBUG o.e.runtime.sandbox.MSecurityManager - Adding privileged thread: "Attach Listener"
01:29:21.069 [Test worker] DEBUG o.e.runtime.sandbox.MSecurityManager - Adding privileged thread: "Java2D Disposer"
01:29:21.069 [Test worker] DEBUG o.e.runtime.sandbox.MSecurityManager - Adding privileged thread: "AWT-Shutdown"
01:29:21.069 [Test worker] DEBUG o.e.runtime.sandbox.MSecurityManager - Adding privileged thread: "AWT-Windows"
01:29:21.069 [Test worker] DEBUG o.e.runtime.sandbox.MSecurityManager - Adding privileged thread: "main"
01:29:21.069 [Test worker] DEBUG o.e.runtime.sandbox.MSecurityManager - Adding privileged thread: "Test worker"
01:29:21.069 [Test worker] DEBUG o.e.runtime.sandbox.MSecurityManager - Adding privileged thread: "/127.0.0.1:60580 to /127.0.0.1:60579 workers Thread 2"
01:29:21.069 [Test worker] DEBUG o.e.runtime.sandbox.MSecurityManager - Adding privileged thread: "/127.0.0.1:60580 to /127.0.0.1:60579 workers Thread 3"
01:29:21.155 [Test worker] INFO  o.e.r.instrumentation.EvoClassLoader - Seeing class for first time: examples.Map
01:29:21.155 [Test worker] INFO  o.e.r.instrumentation.EvoClassLoader - Instrumenting class 'examples.Map'.
01:29:21.185 [Test worker] INFO  o.e.r.i.MethodCallReplacementClassAdapter - Adding mock interface to class examples/Map
01:29:21.465 [Test worker] INFO  o.e.r.i.CreateClassResetClassAdapter - Creating brand-new static initializer in class examples/Map
01:29:21.466 [Test worker] INFO  o.e.r.instrumentation.EvoClassLoader - Keeping class: examples.Map
]]></system-out>
  <system-err><![CDATA[]]></system-err>
</testsuite>
