<?xml version="1.0" encoding="UTF-8"?>
<testsuite name="DataStructures.StackAr_ESTest" tests="15" skipped="0" failures="1" errors="0" timestamp="2022-05-25T10:21:48" hostname="grtx" time="0.075">
  <properties/>
  <testcase name="test07" classname="DataStructures.StackAr_ESTest" time="0.015"/>
  <testcase name="test06" classname="DataStructures.StackAr_ESTest" time="0.005"/>
  <testcase name="test09" classname="DataStructures.StackAr_ESTest" time="0.006"/>
  <testcase name="test08" classname="DataStructures.StackAr_ESTest" time="0.008"/>
  <testcase name="test10" classname="DataStructures.StackAr_ESTest" time="0.006"/>
  <testcase name="test01" classname="DataStructures.StackAr_ESTest" time="0.006">
    <failure message="java.lang.AssertionError" type="java.lang.AssertionError">java.lang.AssertionError
	at DataStructures.StackAr.makeEmpty(StackAr.java:66)
	at DataStructures.StackAr_ESTest.test01(StackAr_ESTest.java:34)
	at sun.reflect.NativeMethodAccessorImpl.invoke0(Native Method)
	at sun.reflect.NativeMethodAccessorImpl.invoke(NativeMethodAccessorImpl.java:62)
	at sun.reflect.DelegatingMethodAccessorImpl.invoke(DelegatingMethodAccessorImpl.java:43)
	at java.lang.reflect.Method.invoke(Method.java:498)
	at org.junit.runners.model.FrameworkMethod$1.runReflectiveCall(FrameworkMethod.java:50)
	at org.junit.internal.runners.model.ReflectiveCallable.run(ReflectiveCallable.java:12)
	at org.junit.runners.model.FrameworkMethod.invokeExplosively(FrameworkMethod.java:47)
	at org.junit.internal.runners.statements.InvokeMethod.evaluate(InvokeMethod.java:17)
	at org.junit.internal.runners.statements.FailOnTimeout$CallableStatement.call(FailOnTimeout.java:298)
	at org.junit.internal.runners.statements.FailOnTimeout$CallableStatement.call(FailOnTimeout.java:292)
	at java.util.concurrent.FutureTask.run(FutureTask.java:266)
	at java.lang.Thread.run(Thread.java:748)
</failure>
  </testcase>
  <testcase name="test12" classname="DataStructures.StackAr_ESTest" time="0.005"/>
  <testcase name="test00" classname="DataStructures.StackAr_ESTest" time="0.008"/>
  <testcase name="test11" classname="DataStructures.StackAr_ESTest" time="0.004"/>
  <testcase name="test03" classname="DataStructures.StackAr_ESTest" time="0.002"/>
  <testcase name="test14" classname="DataStructures.StackAr_ESTest" time="0.002"/>
  <testcase name="test02" classname="DataStructures.StackAr_ESTest" time="0.002"/>
  <testcase name="test13" classname="DataStructures.StackAr_ESTest" time="0.002"/>
  <testcase name="test05" classname="DataStructures.StackAr_ESTest" time="0.002"/>
  <testcase name="test04" classname="DataStructures.StackAr_ESTest" time="0.001"/>
  <system-out><![CDATA[12:21:47.921 [Test worker] INFO  o.e.r.instrumentation.EvoClassLoader - Seeing class for first time: DataStructures.StackAr_ESTest
12:21:47.932 [Test worker] INFO  o.e.r.instrumentation.EvoClassLoader - Instrumenting class 'DataStructures.StackAr_ESTest'.
12:21:47.990 [Test worker] INFO  o.e.r.instrumentation.EvoClassLoader - Seeing class for first time: DataStructures.StackAr_ESTest_scaffolding
12:21:47.990 [Test worker] INFO  o.e.r.instrumentation.EvoClassLoader - Instrumenting class 'DataStructures.StackAr_ESTest_scaffolding'.
12:21:47.992 [Test worker] INFO  o.e.r.instrumentation.EvoClassLoader - Keeping class: DataStructures.StackAr_ESTest_scaffolding
12:21:47.993 [Test worker] INFO  o.e.r.instrumentation.EvoClassLoader - Keeping class: DataStructures.StackAr_ESTest
12:21:48.420 [Test worker] DEBUG o.e.runtime.sandbox.MSecurityManager - Adding privileged thread: "Reference Handler"
12:21:48.420 [Test worker] DEBUG o.e.runtime.sandbox.MSecurityManager - Adding privileged thread: "Finalizer"
12:21:48.420 [Test worker] DEBUG o.e.runtime.sandbox.MSecurityManager - Adding privileged thread: "Signal Dispatcher"
12:21:48.420 [Test worker] DEBUG o.e.runtime.sandbox.MSecurityManager - Adding privileged thread: "Attach Listener"
12:21:48.421 [Test worker] DEBUG o.e.runtime.sandbox.MSecurityManager - Adding privileged thread: "Java2D Disposer"
12:21:48.421 [Test worker] DEBUG o.e.runtime.sandbox.MSecurityManager - Adding privileged thread: "AWT-Shutdown"
12:21:48.421 [Test worker] DEBUG o.e.runtime.sandbox.MSecurityManager - Adding privileged thread: "AWT-Windows"
12:21:48.421 [Test worker] DEBUG o.e.runtime.sandbox.MSecurityManager - Adding privileged thread: "main"
12:21:48.421 [Test worker] DEBUG o.e.runtime.sandbox.MSecurityManager - Adding privileged thread: "Test worker"
12:21:48.421 [Test worker] DEBUG o.e.runtime.sandbox.MSecurityManager - Adding privileged thread: "/127.0.0.1:49284 to /127.0.0.1:49283 workers Thread 2"
12:21:48.421 [Test worker] DEBUG o.e.runtime.sandbox.MSecurityManager - Adding privileged thread: "/127.0.0.1:49284 to /127.0.0.1:49283 workers Thread 3"
12:21:48.488 [Test worker] INFO  o.e.r.instrumentation.EvoClassLoader - Seeing class for first time: DataStructures.StackAr
12:21:48.488 [Test worker] INFO  o.e.r.instrumentation.EvoClassLoader - Instrumenting class 'DataStructures.StackAr'.
12:21:48.510 [Test worker] INFO  o.e.r.i.MethodCallReplacementClassAdapter - Adding mock interface to class DataStructures/StackAr
12:21:48.786 [Test worker] INFO  o.e.r.i.CreateClassResetClassAdapter - Found static initializer in class DataStructures/StackAr
12:21:48.789 [Test worker] INFO  o.e.r.instrumentation.EvoClassLoader - Keeping class: DataStructures.StackAr
12:21:48.789 [Test worker] INFO  o.e.r.instrumentation.EvoClassLoader - Seeing class for first time: DataStructures.Underflow
12:21:48.789 [Test worker] INFO  o.e.r.instrumentation.EvoClassLoader - Instrumenting class 'DataStructures.Underflow'.
12:21:48.790 [Test worker] INFO  o.e.r.i.MethodCallReplacementClassAdapter - Adding mock interface to class DataStructures/Underflow
12:21:48.791 [Test worker] INFO  o.e.r.i.CreateClassResetClassAdapter - Creating brand-new static initializer in class DataStructures/Underflow
12:21:48.791 [Test worker] INFO  o.e.r.instrumentation.EvoClassLoader - Keeping class: DataStructures.Underflow
12:21:48.792 [Test worker] INFO  o.e.r.instrumentation.EvoClassLoader - Seeing class for first time: DataStructures.Overflow
12:21:48.792 [Test worker] INFO  o.e.r.instrumentation.EvoClassLoader - Instrumenting class 'DataStructures.Overflow'.
12:21:48.793 [Test worker] INFO  o.e.r.i.MethodCallReplacementClassAdapter - Adding mock interface to class DataStructures/Overflow
12:21:48.794 [Test worker] INFO  o.e.r.i.CreateClassResetClassAdapter - Creating brand-new static initializer in class DataStructures/Overflow
12:21:48.794 [Test worker] INFO  o.e.r.instrumentation.EvoClassLoader - Keeping class: DataStructures.Overflow
]]></system-out>
  <system-err><![CDATA[]]></system-err>
</testsuite>
