<?xml version="1.0" encoding="UTF-8"?>
<testsuite name="examples.ListComp02_ESTest" tests="7" skipped="0" failures="4" errors="0" timestamp="2022-07-12T23:15:05" hostname="grtx" time="0.034">
  <properties/>
  <testcase name="test1" classname="examples.ListComp02_ESTest" time="0.02">
    <failure message="java.lang.AssertionError" type="java.lang.AssertionError">java.lang.AssertionError
	at examples.ListComp02.insert_s(ListComp02.java:43)
	at examples.ListComp02_ESTest.test1(ListComp02_ESTest.java:42)
	at sun.reflect.NativeMethodAccessorImpl.invoke0(Native Method)
	at sun.reflect.NativeMethodAccessorImpl.invoke(NativeMethodAccessorImpl.java:62)
	at sun.reflect.DelegatingMethodAccessorImpl.invoke(DelegatingMethodAccessorImpl.java:43)
	at java.lang.reflect.Method.invoke(Method.java:498)
	at org.junit.runners.model.FrameworkMethod$1.runReflectiveCall(FrameworkMethod.java:50)
	at org.junit.internal.runners.model.ReflectiveCallable.run(ReflectiveCallable.java:12)
	at org.junit.runners.model.FrameworkMethod.invokeExplosively(FrameworkMethod.java:47)
	at org.junit.internal.runners.statements.InvokeMethod.evaluate(InvokeMethod.java:17)
	at org.junit.internal.runners.statements.FailOnTimeout$CallableStatement.call(FailOnTimeout.java:298)
	at org.junit.internal.runners.statements.FailOnTimeout$CallableStatement.call(FailOnTimeout.java:292)
	at java.util.concurrent.FutureTask.run(FutureTask.java:266)
	at java.lang.Thread.run(Thread.java:748)
</failure>
  </testcase>
  <testcase name="test0" classname="examples.ListComp02_ESTest" time="0.002">
    <failure message="java.lang.AssertionError" type="java.lang.AssertionError">java.lang.AssertionError
	at examples.ListComp02.insert_s(ListComp02.java:43)
	at examples.ListComp02_ESTest.test0(ListComp02_ESTest.java:30)
	at sun.reflect.NativeMethodAccessorImpl.invoke0(Native Method)
	at sun.reflect.NativeMethodAccessorImpl.invoke(NativeMethodAccessorImpl.java:62)
	at sun.reflect.DelegatingMethodAccessorImpl.invoke(DelegatingMethodAccessorImpl.java:43)
	at java.lang.reflect.Method.invoke(Method.java:498)
	at org.junit.runners.model.FrameworkMethod$1.runReflectiveCall(FrameworkMethod.java:50)
	at org.junit.internal.runners.model.ReflectiveCallable.run(ReflectiveCallable.java:12)
	at org.junit.runners.model.FrameworkMethod.invokeExplosively(FrameworkMethod.java:47)
	at org.junit.internal.runners.statements.InvokeMethod.evaluate(InvokeMethod.java:17)
	at org.junit.internal.runners.statements.FailOnTimeout$CallableStatement.call(FailOnTimeout.java:298)
	at org.junit.internal.runners.statements.FailOnTimeout$CallableStatement.call(FailOnTimeout.java:292)
	at java.util.concurrent.FutureTask.run(FutureTask.java:266)
	at java.lang.Thread.run(Thread.java:748)
</failure>
  </testcase>
  <testcase name="test6" classname="examples.ListComp02_ESTest" time="0.002"/>
  <testcase name="test5" classname="examples.ListComp02_ESTest" time="0.003"/>
  <testcase name="test4" classname="examples.ListComp02_ESTest" time="0.002"/>
  <testcase name="test3" classname="examples.ListComp02_ESTest" time="0.002">
    <failure message="java.lang.AssertionError" type="java.lang.AssertionError">java.lang.AssertionError
	at examples.ListComp02.insert_s(ListComp02.java:43)
	at examples.ListComp02_ESTest.test3(ListComp02_ESTest.java:65)
	at sun.reflect.NativeMethodAccessorImpl.invoke0(Native Method)
	at sun.reflect.NativeMethodAccessorImpl.invoke(NativeMethodAccessorImpl.java:62)
	at sun.reflect.DelegatingMethodAccessorImpl.invoke(DelegatingMethodAccessorImpl.java:43)
	at java.lang.reflect.Method.invoke(Method.java:498)
	at org.junit.runners.model.FrameworkMethod$1.runReflectiveCall(FrameworkMethod.java:50)
	at org.junit.internal.runners.model.ReflectiveCallable.run(ReflectiveCallable.java:12)
	at org.junit.runners.model.FrameworkMethod.invokeExplosively(FrameworkMethod.java:47)
	at org.junit.internal.runners.statements.InvokeMethod.evaluate(InvokeMethod.java:17)
	at org.junit.internal.runners.statements.FailOnTimeout$CallableStatement.call(FailOnTimeout.java:298)
	at org.junit.internal.runners.statements.FailOnTimeout$CallableStatement.call(FailOnTimeout.java:292)
	at java.util.concurrent.FutureTask.run(FutureTask.java:266)
	at java.lang.Thread.run(Thread.java:748)
</failure>
  </testcase>
  <testcase name="test2" classname="examples.ListComp02_ESTest" time="0.002">
    <failure message="java.lang.AssertionError" type="java.lang.AssertionError">java.lang.AssertionError
	at examples.ListComp02.insert_s(ListComp02.java:43)
	at examples.ListComp02_ESTest.test2(ListComp02_ESTest.java:55)
	at sun.reflect.NativeMethodAccessorImpl.invoke0(Native Method)
	at sun.reflect.NativeMethodAccessorImpl.invoke(NativeMethodAccessorImpl.java:62)
	at sun.reflect.DelegatingMethodAccessorImpl.invoke(DelegatingMethodAccessorImpl.java:43)
	at java.lang.reflect.Method.invoke(Method.java:498)
	at org.junit.runners.model.FrameworkMethod$1.runReflectiveCall(FrameworkMethod.java:50)
	at org.junit.internal.runners.model.ReflectiveCallable.run(ReflectiveCallable.java:12)
	at org.junit.runners.model.FrameworkMethod.invokeExplosively(FrameworkMethod.java:47)
	at org.junit.internal.runners.statements.InvokeMethod.evaluate(InvokeMethod.java:17)
	at org.junit.internal.runners.statements.FailOnTimeout$CallableStatement.call(FailOnTimeout.java:298)
	at org.junit.internal.runners.statements.FailOnTimeout$CallableStatement.call(FailOnTimeout.java:292)
	at java.util.concurrent.FutureTask.run(FutureTask.java:266)
	at java.lang.Thread.run(Thread.java:748)
</failure>
  </testcase>
  <system-out><![CDATA[01:15:04.778 [Test worker] INFO  o.e.r.instrumentation.EvoClassLoader - Seeing class for first time: examples.ListComp02_ESTest
01:15:04.787 [Test worker] INFO  o.e.r.instrumentation.EvoClassLoader - Instrumenting class 'examples.ListComp02_ESTest'.
01:15:04.831 [Test worker] INFO  o.e.r.instrumentation.EvoClassLoader - Seeing class for first time: examples.ListComp02_ESTest_scaffolding
01:15:04.832 [Test worker] INFO  o.e.r.instrumentation.EvoClassLoader - Instrumenting class 'examples.ListComp02_ESTest_scaffolding'.
01:15:04.834 [Test worker] INFO  o.e.r.instrumentation.EvoClassLoader - Keeping class: examples.ListComp02_ESTest_scaffolding
01:15:04.835 [Test worker] INFO  o.e.r.instrumentation.EvoClassLoader - Keeping class: examples.ListComp02_ESTest
01:15:05.169 [Test worker] DEBUG o.e.runtime.sandbox.MSecurityManager - Adding privileged thread: "Reference Handler"
01:15:05.169 [Test worker] DEBUG o.e.runtime.sandbox.MSecurityManager - Adding privileged thread: "Finalizer"
01:15:05.169 [Test worker] DEBUG o.e.runtime.sandbox.MSecurityManager - Adding privileged thread: "Signal Dispatcher"
01:15:05.169 [Test worker] DEBUG o.e.runtime.sandbox.MSecurityManager - Adding privileged thread: "Attach Listener"
01:15:05.169 [Test worker] DEBUG o.e.runtime.sandbox.MSecurityManager - Adding privileged thread: "Java2D Disposer"
01:15:05.169 [Test worker] DEBUG o.e.runtime.sandbox.MSecurityManager - Adding privileged thread: "AWT-Shutdown"
01:15:05.169 [Test worker] DEBUG o.e.runtime.sandbox.MSecurityManager - Adding privileged thread: "AWT-Windows"
01:15:05.169 [Test worker] DEBUG o.e.runtime.sandbox.MSecurityManager - Adding privileged thread: "main"
01:15:05.169 [Test worker] DEBUG o.e.runtime.sandbox.MSecurityManager - Adding privileged thread: "Test worker"
01:15:05.169 [Test worker] DEBUG o.e.runtime.sandbox.MSecurityManager - Adding privileged thread: "/127.0.0.1:60369 to /127.0.0.1:60368 workers Thread 2"
01:15:05.169 [Test worker] DEBUG o.e.runtime.sandbox.MSecurityManager - Adding privileged thread: "/127.0.0.1:60369 to /127.0.0.1:60368 workers Thread 3"
01:15:05.248 [Test worker] INFO  o.e.r.instrumentation.EvoClassLoader - Seeing class for first time: examples.ListComp02
01:15:05.249 [Test worker] INFO  o.e.r.instrumentation.EvoClassLoader - Instrumenting class 'examples.ListComp02'.
01:15:05.279 [Test worker] INFO  o.e.r.i.MethodCallReplacementClassAdapter - Adding mock interface to class examples/ListComp02
01:15:05.502 [Test worker] INFO  o.e.r.i.CreateClassResetClassAdapter - Found static initializer in class examples/ListComp02
01:15:05.504 [Test worker] INFO  o.e.r.instrumentation.EvoClassLoader - Keeping class: examples.ListComp02
01:15:05.505 [Test worker] INFO  o.e.r.instrumentation.EvoClassLoader - Seeing class for first time: examples.S
01:15:05.505 [Test worker] INFO  o.e.r.instrumentation.EvoClassLoader - Instrumenting class 'examples.S'.
01:15:05.507 [Test worker] INFO  o.e.r.i.MethodCallReplacementClassAdapter - Adding mock interface to class examples/S
01:15:05.508 [Test worker] INFO  o.e.r.i.CreateClassResetClassAdapter - Creating brand-new static initializer in class examples/S
01:15:05.509 [Test worker] INFO  o.e.r.instrumentation.EvoClassLoader - Keeping class: examples.S
01:15:05.509 [Test worker] INFO  o.e.r.instrumentation.EvoClassLoader - Seeing class for first time: examples.R
01:15:05.509 [Test worker] INFO  o.e.r.instrumentation.EvoClassLoader - Instrumenting class 'examples.R'.
01:15:05.511 [Test worker] INFO  o.e.r.i.MethodCallReplacementClassAdapter - Adding mock interface to class examples/R
01:15:05.513 [Test worker] INFO  o.e.r.i.CreateClassResetClassAdapter - Creating brand-new static initializer in class examples/R
01:15:05.513 [Test worker] INFO  o.e.r.instrumentation.EvoClassLoader - Keeping class: examples.R
01:15:05.531 [Test worker] INFO  o.e.runtime.thread.ThreadStopper - Found new thread
]]></system-out>
  <system-err><![CDATA[]]></system-err>
</testsuite>
