<?xml version="1.0" encoding="UTF-8"?>
<testsuite name="examples.Composite_ESTest" tests="9" skipped="0" failures="1" errors="0" timestamp="2022-05-30T14:24:49" hostname="grtx" time="0.024">
  <properties/>
  <testcase name="test1" classname="examples.Composite_ESTest" time="0.008"/>
  <testcase name="test0" classname="examples.Composite_ESTest" time="0.002"/>
  <testcase name="test7" classname="examples.Composite_ESTest" time="0.003"/>
  <testcase name="test6" classname="examples.Composite_ESTest" time="0.001"/>
  <testcase name="test8" classname="examples.Composite_ESTest" time="0.002"/>
  <testcase name="test3" classname="examples.Composite_ESTest" time="0.001"/>
  <testcase name="test2" classname="examples.Composite_ESTest" time="0.001"/>
  <testcase name="test5" classname="examples.Composite_ESTest" time="0.004">
    <failure message="java.lang.AssertionError: Expecting exception: IllegalArgumentException" type="java.lang.AssertionError">java.lang.AssertionError: Expecting exception: IllegalArgumentException
	at org.junit.Assert.fail(Assert.java:88)
	at examples.Composite_ESTest.test5(Composite_ESTest.java:81)
	at sun.reflect.NativeMethodAccessorImpl.invoke0(Native Method)
	at sun.reflect.NativeMethodAccessorImpl.invoke(NativeMethodAccessorImpl.java:62)
	at sun.reflect.DelegatingMethodAccessorImpl.invoke(DelegatingMethodAccessorImpl.java:43)
	at java.lang.reflect.Method.invoke(Method.java:498)
	at org.junit.runners.model.FrameworkMethod$1.runReflectiveCall(FrameworkMethod.java:50)
	at org.junit.internal.runners.model.ReflectiveCallable.run(ReflectiveCallable.java:12)
	at org.junit.runners.model.FrameworkMethod.invokeExplosively(FrameworkMethod.java:47)
	at org.junit.internal.runners.statements.InvokeMethod.evaluate(InvokeMethod.java:17)
	at org.junit.internal.runners.statements.FailOnTimeout$CallableStatement.call(FailOnTimeout.java:298)
	at org.junit.internal.runners.statements.FailOnTimeout$CallableStatement.call(FailOnTimeout.java:292)
	at java.util.concurrent.FutureTask.run(FutureTask.java:266)
	at java.lang.Thread.run(Thread.java:748)
</failure>
  </testcase>
  <testcase name="test4" classname="examples.Composite_ESTest" time="0.002"/>
  <system-out><![CDATA[16:24:48.787 [Test worker] INFO  o.e.r.instrumentation.EvoClassLoader - Seeing class for first time: examples.Composite_ESTest
16:24:48.789 [Test worker] INFO  o.e.r.instrumentation.EvoClassLoader - Instrumenting class 'examples.Composite_ESTest'.
16:24:48.813 [Test worker] INFO  o.e.r.instrumentation.EvoClassLoader - Seeing class for first time: examples.Composite_ESTest_scaffolding
16:24:48.813 [Test worker] INFO  o.e.r.instrumentation.EvoClassLoader - Instrumenting class 'examples.Composite_ESTest_scaffolding'.
16:24:48.815 [Test worker] INFO  o.e.r.instrumentation.EvoClassLoader - Keeping class: examples.Composite_ESTest_scaffolding
16:24:48.816 [Test worker] INFO  o.e.r.instrumentation.EvoClassLoader - Keeping class: examples.Composite_ESTest
16:24:49.129 [Test worker] DEBUG o.e.runtime.sandbox.MSecurityManager - Adding privileged thread: "Reference Handler"
16:24:49.130 [Test worker] DEBUG o.e.runtime.sandbox.MSecurityManager - Adding privileged thread: "Finalizer"
16:24:49.130 [Test worker] DEBUG o.e.runtime.sandbox.MSecurityManager - Adding privileged thread: "Signal Dispatcher"
16:24:49.130 [Test worker] DEBUG o.e.runtime.sandbox.MSecurityManager - Adding privileged thread: "Attach Listener"
16:24:49.130 [Test worker] DEBUG o.e.runtime.sandbox.MSecurityManager - Adding privileged thread: "Java2D Disposer"
16:24:49.130 [Test worker] DEBUG o.e.runtime.sandbox.MSecurityManager - Adding privileged thread: "AWT-Shutdown"
16:24:49.130 [Test worker] DEBUG o.e.runtime.sandbox.MSecurityManager - Adding privileged thread: "AWT-Windows"
16:24:49.130 [Test worker] DEBUG o.e.runtime.sandbox.MSecurityManager - Adding privileged thread: "main"
16:24:49.130 [Test worker] DEBUG o.e.runtime.sandbox.MSecurityManager - Adding privileged thread: "Test worker"
16:24:49.130 [Test worker] DEBUG o.e.runtime.sandbox.MSecurityManager - Adding privileged thread: "/127.0.0.1:53666 to /127.0.0.1:53665 workers Thread 2"
16:24:49.130 [Test worker] DEBUG o.e.runtime.sandbox.MSecurityManager - Adding privileged thread: "/127.0.0.1:53666 to /127.0.0.1:53665 workers Thread 3"
16:24:49.182 [Test worker] INFO  o.e.r.instrumentation.EvoClassLoader - Seeing class for first time: examples.Composite
16:24:49.182 [Test worker] INFO  o.e.r.instrumentation.EvoClassLoader - Instrumenting class 'examples.Composite'.
16:24:49.199 [Test worker] INFO  o.e.r.i.MethodCallReplacementClassAdapter - Adding mock interface to class examples/Composite
16:24:49.348 [Test worker] INFO  o.e.r.i.CreateClassResetClassAdapter - Creating brand-new static initializer in class examples/Composite
16:24:49.349 [Test worker] INFO  o.e.r.instrumentation.EvoClassLoader - Keeping class: examples.Composite
]]></system-out>
  <system-err><![CDATA[]]></system-err>
</testsuite>
