<?xml version="1.0" encoding="UTF-8"?>
<testsuite name="examples.Map_ESTest" tests="15" skipped="0" failures="1" errors="0" timestamp="2022-05-25T00:46:55" hostname="grtx" time="0.064">
  <properties/>
  <testcase name="test03" classname="examples.Map_ESTest" time="0.015"/>
  <testcase name="test14" classname="examples.Map_ESTest" time="0.004"/>
  <testcase name="test02" classname="examples.Map_ESTest" time="0.008">
    <failure message="java.lang.AssertionError: expected:&lt;1&gt; but was:&lt;0&gt;" type="java.lang.AssertionError">java.lang.AssertionError: expected:&lt;1&gt; but was:&lt;0&gt;
	at org.junit.Assert.fail(Assert.java:88)
	at org.junit.Assert.failNotEquals(Assert.java:834)
	at org.junit.Assert.assertEquals(Assert.java:645)
	at org.junit.Assert.assertEquals(Assert.java:631)
	at examples.Map_ESTest.test02(Map_ESTest.java:54)
	at sun.reflect.NativeMethodAccessorImpl.invoke0(Native Method)
	at sun.reflect.NativeMethodAccessorImpl.invoke(NativeMethodAccessorImpl.java:62)
	at sun.reflect.DelegatingMethodAccessorImpl.invoke(DelegatingMethodAccessorImpl.java:43)
	at java.lang.reflect.Method.invoke(Method.java:498)
	at org.junit.runners.model.FrameworkMethod$1.runReflectiveCall(FrameworkMethod.java:50)
	at org.junit.internal.runners.model.ReflectiveCallable.run(ReflectiveCallable.java:12)
	at org.junit.runners.model.FrameworkMethod.invokeExplosively(FrameworkMethod.java:47)
	at org.junit.internal.runners.statements.InvokeMethod.evaluate(InvokeMethod.java:17)
	at org.junit.internal.runners.statements.FailOnTimeout$CallableStatement.call(FailOnTimeout.java:298)
	at org.junit.internal.runners.statements.FailOnTimeout$CallableStatement.call(FailOnTimeout.java:292)
	at java.util.concurrent.FutureTask.run(FutureTask.java:266)
	at java.lang.Thread.run(Thread.java:748)
</failure>
  </testcase>
  <testcase name="test13" classname="examples.Map_ESTest" time="0.003"/>
  <testcase name="test05" classname="examples.Map_ESTest" time="0.003"/>
  <testcase name="test04" classname="examples.Map_ESTest" time="0.003"/>
  <testcase name="test10" classname="examples.Map_ESTest" time="0.001"/>
  <testcase name="test01" classname="examples.Map_ESTest" time="0.001"/>
  <testcase name="test12" classname="examples.Map_ESTest" time="0.005"/>
  <testcase name="test00" classname="examples.Map_ESTest" time="0.003"/>
  <testcase name="test11" classname="examples.Map_ESTest" time="0.003"/>
  <testcase name="test07" classname="examples.Map_ESTest" time="0.002"/>
  <testcase name="test06" classname="examples.Map_ESTest" time="0.004"/>
  <testcase name="test09" classname="examples.Map_ESTest" time="0.002"/>
  <testcase name="test08" classname="examples.Map_ESTest" time="0.002"/>
  <system-out><![CDATA[02:46:54.182 [Test worker] INFO  o.e.r.instrumentation.EvoClassLoader - Seeing class for first time: examples.Map_ESTest
02:46:54.186 [Test worker] INFO  o.e.r.instrumentation.EvoClassLoader - Instrumenting class 'examples.Map_ESTest'.
02:46:54.237 [Test worker] INFO  o.e.r.instrumentation.EvoClassLoader - Seeing class for first time: examples.Map_ESTest_scaffolding
02:46:54.238 [Test worker] INFO  o.e.r.instrumentation.EvoClassLoader - Instrumenting class 'examples.Map_ESTest_scaffolding'.
02:46:54.242 [Test worker] INFO  o.e.r.instrumentation.EvoClassLoader - Keeping class: examples.Map_ESTest_scaffolding
02:46:54.242 [Test worker] INFO  o.e.r.instrumentation.EvoClassLoader - Keeping class: examples.Map_ESTest
02:46:54.635 [Test worker] DEBUG o.e.runtime.sandbox.MSecurityManager - Adding privileged thread: "Reference Handler"
02:46:54.636 [Test worker] DEBUG o.e.runtime.sandbox.MSecurityManager - Adding privileged thread: "Finalizer"
02:46:54.636 [Test worker] DEBUG o.e.runtime.sandbox.MSecurityManager - Adding privileged thread: "Signal Dispatcher"
02:46:54.636 [Test worker] DEBUG o.e.runtime.sandbox.MSecurityManager - Adding privileged thread: "Attach Listener"
02:46:54.636 [Test worker] DEBUG o.e.runtime.sandbox.MSecurityManager - Adding privileged thread: "Java2D Disposer"
02:46:54.636 [Test worker] DEBUG o.e.runtime.sandbox.MSecurityManager - Adding privileged thread: "AWT-Shutdown"
02:46:54.637 [Test worker] DEBUG o.e.runtime.sandbox.MSecurityManager - Adding privileged thread: "AWT-Windows"
02:46:54.637 [Test worker] DEBUG o.e.runtime.sandbox.MSecurityManager - Adding privileged thread: "main"
02:46:54.637 [Test worker] DEBUG o.e.runtime.sandbox.MSecurityManager - Adding privileged thread: "Test worker"
02:46:54.637 [Test worker] DEBUG o.e.runtime.sandbox.MSecurityManager - Adding privileged thread: "/127.0.0.1:60451 to /127.0.0.1:60450 workers Thread 2"
02:46:54.637 [Test worker] DEBUG o.e.runtime.sandbox.MSecurityManager - Adding privileged thread: "/127.0.0.1:60451 to /127.0.0.1:60450 workers Thread 3"
02:46:54.727 [Test worker] INFO  o.e.r.instrumentation.EvoClassLoader - Seeing class for first time: examples.Map
02:46:54.727 [Test worker] INFO  o.e.r.instrumentation.EvoClassLoader - Instrumenting class 'examples.Map'.
02:46:54.757 [Test worker] INFO  o.e.r.i.MethodCallReplacementClassAdapter - Adding mock interface to class examples/Map
02:46:55.055 [Test worker] INFO  o.e.r.i.CreateClassResetClassAdapter - Creating brand-new static initializer in class examples/Map
02:46:55.055 [Test worker] INFO  o.e.r.instrumentation.EvoClassLoader - Keeping class: examples.Map
02:46:55.106 [Test worker] INFO  o.e.runtime.thread.ThreadStopper - Found new thread
]]></system-out>
  <system-err><![CDATA[]]></system-err>
</testsuite>
