<?xml version="1.0" encoding="UTF-8"?>
<testsuite name="org.nibor.autolink.internal.EmailScanner_ESTest" tests="27" skipped="0" failures="4" errors="0" timestamp="2022-08-05T07:10:20" hostname="grtx" time="0.131">
  <properties/>
  <testcase name="test21" classname="org.nibor.autolink.internal.EmailScanner_ESTest" time="0.024"/>
  <testcase name="test20" classname="org.nibor.autolink.internal.EmailScanner_ESTest" time="0.003"/>
  <testcase name="test01" classname="org.nibor.autolink.internal.EmailScanner_ESTest" time="0.003"/>
  <testcase name="test23" classname="org.nibor.autolink.internal.EmailScanner_ESTest" time="0.003"/>
  <testcase name="test00" classname="org.nibor.autolink.internal.EmailScanner_ESTest" time="0.004"/>
  <testcase name="test22" classname="org.nibor.autolink.internal.EmailScanner_ESTest" time="0.013">
    <failure message="java.lang.AssertionError: expected:&lt;5&gt; but was:&lt;0&gt;" type="java.lang.AssertionError">java.lang.AssertionError: expected:&lt;5&gt; but was:&lt;0&gt;
	at org.junit.Assert.fail(Assert.java:88)
	at org.junit.Assert.failNotEquals(Assert.java:834)
	at org.junit.Assert.assertEquals(Assert.java:645)
	at org.junit.Assert.assertEquals(Assert.java:631)
	at org.nibor.autolink.internal.EmailScanner_ESTest.test22(EmailScanner_ESTest.java:276)
	at sun.reflect.NativeMethodAccessorImpl.invoke0(Native Method)
	at sun.reflect.NativeMethodAccessorImpl.invoke(NativeMethodAccessorImpl.java:62)
	at sun.reflect.DelegatingMethodAccessorImpl.invoke(DelegatingMethodAccessorImpl.java:43)
	at java.lang.reflect.Method.invoke(Method.java:498)
	at org.junit.runners.model.FrameworkMethod$1.runReflectiveCall(FrameworkMethod.java:50)
	at org.junit.internal.runners.model.ReflectiveCallable.run(ReflectiveCallable.java:12)
	at org.junit.runners.model.FrameworkMethod.invokeExplosively(FrameworkMethod.java:47)
	at org.junit.internal.runners.statements.InvokeMethod.evaluate(InvokeMethod.java:17)
	at org.junit.internal.runners.statements.FailOnTimeout$CallableStatement.call(FailOnTimeout.java:298)
	at org.junit.internal.runners.statements.FailOnTimeout$CallableStatement.call(FailOnTimeout.java:292)
	at java.util.concurrent.FutureTask.run(FutureTask.java:266)
	at java.lang.Thread.run(Thread.java:748)
</failure>
  </testcase>
  <testcase name="test03" classname="org.nibor.autolink.internal.EmailScanner_ESTest" time="0.004">
    <failure message="java.lang.AssertionError: expected:&lt;4&gt; but was:&lt;0&gt;" type="java.lang.AssertionError">java.lang.AssertionError: expected:&lt;4&gt; but was:&lt;0&gt;
	at org.junit.Assert.fail(Assert.java:88)
	at org.junit.Assert.failNotEquals(Assert.java:834)
	at org.junit.Assert.assertEquals(Assert.java:645)
	at org.junit.Assert.assertEquals(Assert.java:631)
	at org.nibor.autolink.internal.EmailScanner_ESTest.test03(EmailScanner_ESTest.java:62)
	at sun.reflect.NativeMethodAccessorImpl.invoke0(Native Method)
	at sun.reflect.NativeMethodAccessorImpl.invoke(NativeMethodAccessorImpl.java:62)
	at sun.reflect.DelegatingMethodAccessorImpl.invoke(DelegatingMethodAccessorImpl.java:43)
	at java.lang.reflect.Method.invoke(Method.java:498)
	at org.junit.runners.model.FrameworkMethod$1.runReflectiveCall(FrameworkMethod.java:50)
	at org.junit.internal.runners.model.ReflectiveCallable.run(ReflectiveCallable.java:12)
	at org.junit.runners.model.FrameworkMethod.invokeExplosively(FrameworkMethod.java:47)
	at org.junit.internal.runners.statements.InvokeMethod.evaluate(InvokeMethod.java:17)
	at org.junit.internal.runners.statements.FailOnTimeout$CallableStatement.call(FailOnTimeout.java:298)
	at org.junit.internal.runners.statements.FailOnTimeout$CallableStatement.call(FailOnTimeout.java:292)
	at java.util.concurrent.FutureTask.run(FutureTask.java:266)
	at java.lang.Thread.run(Thread.java:748)
</failure>
  </testcase>
  <testcase name="test25" classname="org.nibor.autolink.internal.EmailScanner_ESTest" time="0.003">
    <failure message="java.lang.AssertionError: expected:&lt;2&gt; but was:&lt;0&gt;" type="java.lang.AssertionError">java.lang.AssertionError: expected:&lt;2&gt; but was:&lt;0&gt;
	at org.junit.Assert.fail(Assert.java:88)
	at org.junit.Assert.failNotEquals(Assert.java:834)
	at org.junit.Assert.assertEquals(Assert.java:645)
	at org.junit.Assert.assertEquals(Assert.java:631)
	at org.nibor.autolink.internal.EmailScanner_ESTest.test25(EmailScanner_ESTest.java:312)
	at sun.reflect.NativeMethodAccessorImpl.invoke0(Native Method)
	at sun.reflect.NativeMethodAccessorImpl.invoke(NativeMethodAccessorImpl.java:62)
	at sun.reflect.DelegatingMethodAccessorImpl.invoke(DelegatingMethodAccessorImpl.java:43)
	at java.lang.reflect.Method.invoke(Method.java:498)
	at org.junit.runners.model.FrameworkMethod$1.runReflectiveCall(FrameworkMethod.java:50)
	at org.junit.internal.runners.model.ReflectiveCallable.run(ReflectiveCallable.java:12)
	at org.junit.runners.model.FrameworkMethod.invokeExplosively(FrameworkMethod.java:47)
	at org.junit.internal.runners.statements.InvokeMethod.evaluate(InvokeMethod.java:17)
	at org.junit.internal.runners.statements.FailOnTimeout$CallableStatement.call(FailOnTimeout.java:298)
	at org.junit.internal.runners.statements.FailOnTimeout$CallableStatement.call(FailOnTimeout.java:292)
	at java.util.concurrent.FutureTask.run(FutureTask.java:266)
	at java.lang.Thread.run(Thread.java:748)
</failure>
  </testcase>
  <testcase name="test02" classname="org.nibor.autolink.internal.EmailScanner_ESTest" time="0.003"/>
  <testcase name="test24" classname="org.nibor.autolink.internal.EmailScanner_ESTest" time="0.002"/>
  <testcase name="test05" classname="org.nibor.autolink.internal.EmailScanner_ESTest" time="0.004"/>
  <testcase name="test04" classname="org.nibor.autolink.internal.EmailScanner_ESTest" time="0.003"/>
  <testcase name="test26" classname="org.nibor.autolink.internal.EmailScanner_ESTest" time="0.003">
    <failure message="java.lang.IndexOutOfBoundsException" type="java.lang.IndexOutOfBoundsException">java.lang.IndexOutOfBoundsException
	at java.nio.Buffer.checkIndex(Buffer.java:573)
	at java.nio.CharBuffer.charAt(CharBuffer.java:1288)
	at org.nibor.autolink.internal.EmailScanner.findLast(EmailScanner.java:64)
	at org.nibor.autolink.internal.EmailScanner.scan(EmailScanner.java:28)
	at org.nibor.autolink.internal.EmailScanner_ESTest.test26(EmailScanner_ESTest.java:322)
	at sun.reflect.NativeMethodAccessorImpl.invoke0(Native Method)
	at sun.reflect.NativeMethodAccessorImpl.invoke(NativeMethodAccessorImpl.java:62)
	at sun.reflect.DelegatingMethodAccessorImpl.invoke(DelegatingMethodAccessorImpl.java:43)
	at java.lang.reflect.Method.invoke(Method.java:498)
	at org.junit.runners.model.FrameworkMethod$1.runReflectiveCall(FrameworkMethod.java:50)
	at org.junit.internal.runners.model.ReflectiveCallable.run(ReflectiveCallable.java:12)
	at org.junit.runners.model.FrameworkMethod.invokeExplosively(FrameworkMethod.java:47)
	at org.junit.internal.runners.statements.InvokeMethod.evaluate(InvokeMethod.java:17)
	at org.junit.internal.runners.statements.FailOnTimeout$CallableStatement.call(FailOnTimeout.java:298)
	at org.junit.internal.runners.statements.FailOnTimeout$CallableStatement.call(FailOnTimeout.java:292)
	at java.util.concurrent.FutureTask.run(FutureTask.java:266)
	at java.lang.Thread.run(Thread.java:748)
</failure>
  </testcase>
  <testcase name="test07" classname="org.nibor.autolink.internal.EmailScanner_ESTest" time="0.005"/>
  <testcase name="test06" classname="org.nibor.autolink.internal.EmailScanner_ESTest" time="0.007"/>
  <testcase name="test09" classname="org.nibor.autolink.internal.EmailScanner_ESTest" time="0.005"/>
  <testcase name="test08" classname="org.nibor.autolink.internal.EmailScanner_ESTest" time="0.003"/>
  <testcase name="test10" classname="org.nibor.autolink.internal.EmailScanner_ESTest" time="0.002"/>
  <testcase name="test12" classname="org.nibor.autolink.internal.EmailScanner_ESTest" time="0.003"/>
  <testcase name="test11" classname="org.nibor.autolink.internal.EmailScanner_ESTest" time="0.003"/>
  <testcase name="test14" classname="org.nibor.autolink.internal.EmailScanner_ESTest" time="0.002"/>
  <testcase name="test13" classname="org.nibor.autolink.internal.EmailScanner_ESTest" time="0.003"/>
  <testcase name="test16" classname="org.nibor.autolink.internal.EmailScanner_ESTest" time="0.002"/>
  <testcase name="test15" classname="org.nibor.autolink.internal.EmailScanner_ESTest" time="0.003"/>
  <testcase name="test18" classname="org.nibor.autolink.internal.EmailScanner_ESTest" time="0.01"/>
  <testcase name="test17" classname="org.nibor.autolink.internal.EmailScanner_ESTest" time="0.002"/>
  <testcase name="test19" classname="org.nibor.autolink.internal.EmailScanner_ESTest" time="0.003"/>
  <system-out><![CDATA[09:10:18.891 [Test worker] INFO  o.e.r.instrumentation.EvoClassLoader - Seeing class for first time: org.nibor.autolink.internal.EmailScanner_ESTest
09:10:18.895 [Test worker] INFO  o.e.r.instrumentation.EvoClassLoader - Instrumenting class 'org.nibor.autolink.internal.EmailScanner_ESTest'.
09:10:18.949 [Test worker] INFO  o.e.r.instrumentation.EvoClassLoader - Seeing class for first time: org.nibor.autolink.internal.EmailScanner_ESTest_scaffolding
09:10:18.949 [Test worker] INFO  o.e.r.instrumentation.EvoClassLoader - Instrumenting class 'org.nibor.autolink.internal.EmailScanner_ESTest_scaffolding'.
09:10:18.953 [Test worker] INFO  o.e.r.instrumentation.EvoClassLoader - Keeping class: org.nibor.autolink.internal.EmailScanner_ESTest_scaffolding
09:10:18.954 [Test worker] INFO  o.e.r.instrumentation.EvoClassLoader - Keeping class: org.nibor.autolink.internal.EmailScanner_ESTest
09:10:19.550 [Test worker] DEBUG o.e.runtime.sandbox.MSecurityManager - Adding privileged thread: "Reference Handler"
09:10:19.551 [Test worker] DEBUG o.e.runtime.sandbox.MSecurityManager - Adding privileged thread: "Finalizer"
09:10:19.551 [Test worker] DEBUG o.e.runtime.sandbox.MSecurityManager - Adding privileged thread: "Signal Dispatcher"
09:10:19.551 [Test worker] DEBUG o.e.runtime.sandbox.MSecurityManager - Adding privileged thread: "Attach Listener"
09:10:19.551 [Test worker] DEBUG o.e.runtime.sandbox.MSecurityManager - Adding privileged thread: "Java2D Disposer"
09:10:19.551 [Test worker] DEBUG o.e.runtime.sandbox.MSecurityManager - Adding privileged thread: "AWT-Shutdown"
09:10:19.551 [Test worker] DEBUG o.e.runtime.sandbox.MSecurityManager - Adding privileged thread: "AWT-Windows"
09:10:19.551 [Test worker] DEBUG o.e.runtime.sandbox.MSecurityManager - Adding privileged thread: "main"
09:10:19.551 [Test worker] DEBUG o.e.runtime.sandbox.MSecurityManager - Adding privileged thread: "Test worker"
09:10:19.551 [Test worker] DEBUG o.e.runtime.sandbox.MSecurityManager - Adding privileged thread: "/127.0.0.1:62990 to /127.0.0.1:62989 workers Thread 2"
09:10:19.551 [Test worker] DEBUG o.e.runtime.sandbox.MSecurityManager - Adding privileged thread: "/127.0.0.1:62990 to /127.0.0.1:62989 workers Thread 3"
09:10:19.673 [Test worker] INFO  o.e.r.instrumentation.EvoClassLoader - Seeing class for first time: org.nibor.autolink.LinkSpan
09:10:19.673 [Test worker] INFO  o.e.r.instrumentation.EvoClassLoader - Instrumenting class 'org.nibor.autolink.LinkSpan'.
09:10:19.909 [Test worker] INFO  o.e.r.instrumentation.EvoClassLoader - Defined package (3): package org.nibor.autolink, 855953847
09:10:19.909 [Test worker] INFO  o.e.r.instrumentation.EvoClassLoader - Seeing class for first time: org.nibor.autolink.Span
09:10:19.910 [Test worker] INFO  o.e.r.instrumentation.EvoClassLoader - Instrumenting class 'org.nibor.autolink.Span'.
09:10:19.912 [Test worker] INFO  o.e.r.instrumentation.EvoClassLoader - Keeping class: org.nibor.autolink.Span
09:10:19.913 [Test worker] INFO  o.e.r.instrumentation.EvoClassLoader - Keeping class: org.nibor.autolink.LinkSpan
09:10:19.913 [Test worker] INFO  o.e.r.instrumentation.EvoClassLoader - Seeing class for first time: org.nibor.autolink.internal.LinkSpanImpl
09:10:19.913 [Test worker] INFO  o.e.r.instrumentation.EvoClassLoader - Instrumenting class 'org.nibor.autolink.internal.LinkSpanImpl'.
09:10:19.924 [Test worker] INFO  o.e.r.i.MethodCallReplacementClassAdapter - Adding mock interface to class org/nibor/autolink/internal/LinkSpanImpl
09:10:20.066 [Test worker] INFO  o.e.r.i.CreateClassResetClassAdapter - Creating brand-new static initializer in class org/nibor/autolink/internal/LinkSpanImpl
09:10:20.070 [Test worker] INFO  o.e.r.instrumentation.EvoClassLoader - Keeping class: org.nibor.autolink.internal.LinkSpanImpl
09:10:20.071 [Test worker] INFO  o.e.r.instrumentation.EvoClassLoader - Seeing class for first time: org.nibor.autolink.LinkType
09:10:20.071 [Test worker] INFO  o.e.r.instrumentation.EvoClassLoader - Instrumenting class 'org.nibor.autolink.LinkType'.
09:10:20.074 [Test worker] INFO  o.e.r.i.MethodCallReplacementClassAdapter - Adding mock interface to class org/nibor/autolink/LinkType
09:10:20.078 [Test worker] INFO  o.e.r.i.CreateClassResetClassAdapter - Found static initializer in class org/nibor/autolink/LinkType
09:10:20.079 [Test worker] INFO  o.e.r.instrumentation.EvoClassLoader - Keeping class: org.nibor.autolink.LinkType
09:10:20.080 [Test worker] INFO  o.e.r.instrumentation.EvoClassLoader - Seeing class for first time: org.nibor.autolink.internal.EmailScanner
09:10:20.080 [Test worker] INFO  o.e.r.instrumentation.EvoClassLoader - Instrumenting class 'org.nibor.autolink.internal.EmailScanner'.
09:10:20.082 [Test worker] INFO  o.e.r.i.MethodCallReplacementClassAdapter - Adding mock interface to class org/nibor/autolink/internal/EmailScanner
09:10:20.084 [Test worker] INFO  o.e.r.i.CreateClassResetClassAdapter - Creating brand-new static initializer in class org/nibor/autolink/internal/EmailScanner
09:10:20.085 [Test worker] INFO  o.e.r.instrumentation.EvoClassLoader - Seeing class for first time: org.nibor.autolink.internal.Scanner
09:10:20.085 [Test worker] INFO  o.e.r.instrumentation.EvoClassLoader - Instrumenting class 'org.nibor.autolink.internal.Scanner'.
09:10:20.087 [Test worker] INFO  o.e.r.instrumentation.EvoClassLoader - Keeping class: org.nibor.autolink.internal.Scanner
09:10:20.087 [Test worker] INFO  o.e.r.instrumentation.EvoClassLoader - Keeping class: org.nibor.autolink.internal.EmailScanner
09:10:20.088 [Test worker] INFO  o.e.r.instrumentation.EvoClassLoader - Seeing class for first time: org.nibor.autolink.internal.Scanners
09:10:20.088 [Test worker] INFO  o.e.r.instrumentation.EvoClassLoader - Instrumenting class 'org.nibor.autolink.internal.Scanners'.
09:10:20.091 [Test worker] INFO  o.e.r.i.MethodCallReplacementClassAdapter - Adding mock interface to class org/nibor/autolink/internal/Scanners
09:10:20.095 [Test worker] INFO  o.e.r.i.CreateClassResetClassAdapter - Creating brand-new static initializer in class org/nibor/autolink/internal/Scanners
09:10:20.095 [Test worker] INFO  o.e.r.instrumentation.EvoClassLoader - Keeping class: org.nibor.autolink.internal.Scanners
09:10:20.150 [Test worker] INFO  o.e.runtime.thread.ThreadStopper - Found new thread
09:10:20.154 [Test worker] INFO  o.e.runtime.thread.ThreadStopper - Found new thread
09:10:20.188 [Test worker] INFO  o.e.runtime.thread.ThreadStopper - Found new thread
09:10:20.248 [Test worker] INFO  o.e.runtime.thread.ThreadStopper - Found new thread
]]></system-out>
  <system-err><![CDATA[]]></system-err>
</testsuite>
