<?xml version="1.0" encoding="UTF-8"?>
<testsuite name="DataStructures.StackAr_ESTest" tests="13" skipped="0" failures="2" errors="0" timestamp="2022-05-25T13:26:56" hostname="grtx" time="0.063">
  <properties/>
  <testcase name="test07" classname="DataStructures.StackAr_ESTest" time="0.025"/>
  <testcase name="test06" classname="DataStructures.StackAr_ESTest" time="0.002"/>
  <testcase name="test09" classname="DataStructures.StackAr_ESTest" time="0.003"/>
  <testcase name="test08" classname="DataStructures.StackAr_ESTest" time="0.006"/>
  <testcase name="test10" classname="DataStructures.StackAr_ESTest" time="0.002"/>
  <testcase name="test01" classname="DataStructures.StackAr_ESTest" time="0.002"/>
  <testcase name="test12" classname="DataStructures.StackAr_ESTest" time="0.008">
    <failure message="java.lang.AssertionError" type="java.lang.AssertionError">java.lang.AssertionError
	at org.junit.Assert.fail(Assert.java:86)
	at org.junit.Assert.assertTrue(Assert.java:41)
	at org.junit.Assert.assertFalse(Assert.java:64)
	at org.junit.Assert.assertFalse(Assert.java:74)
	at DataStructures.StackAr_ESTest.test12(StackAr_ESTest.java:144)
	at sun.reflect.NativeMethodAccessorImpl.invoke0(Native Method)
	at sun.reflect.NativeMethodAccessorImpl.invoke(NativeMethodAccessorImpl.java:62)
	at sun.reflect.DelegatingMethodAccessorImpl.invoke(DelegatingMethodAccessorImpl.java:43)
	at java.lang.reflect.Method.invoke(Method.java:498)
	at org.junit.runners.model.FrameworkMethod$1.runReflectiveCall(FrameworkMethod.java:50)
	at org.junit.internal.runners.model.ReflectiveCallable.run(ReflectiveCallable.java:12)
	at org.junit.runners.model.FrameworkMethod.invokeExplosively(FrameworkMethod.java:47)
	at org.junit.internal.runners.statements.InvokeMethod.evaluate(InvokeMethod.java:17)
	at org.junit.internal.runners.statements.FailOnTimeout$CallableStatement.call(FailOnTimeout.java:298)
	at org.junit.internal.runners.statements.FailOnTimeout$CallableStatement.call(FailOnTimeout.java:292)
	at java.util.concurrent.FutureTask.run(FutureTask.java:266)
	at java.lang.Thread.run(Thread.java:748)
</failure>
  </testcase>
  <testcase name="test00" classname="DataStructures.StackAr_ESTest" time="0.002">
    <failure message="java.lang.AssertionError" type="java.lang.AssertionError">java.lang.AssertionError
	at org.junit.Assert.fail(Assert.java:86)
	at org.junit.Assert.assertTrue(Assert.java:41)
	at org.junit.Assert.assertFalse(Assert.java:64)
	at org.junit.Assert.assertFalse(Assert.java:74)
	at DataStructures.StackAr_ESTest.test00(StackAr_ESTest.java:24)
	at sun.reflect.NativeMethodAccessorImpl.invoke0(Native Method)
	at sun.reflect.NativeMethodAccessorImpl.invoke(NativeMethodAccessorImpl.java:62)
	at sun.reflect.DelegatingMethodAccessorImpl.invoke(DelegatingMethodAccessorImpl.java:43)
	at java.lang.reflect.Method.invoke(Method.java:498)
	at org.junit.runners.model.FrameworkMethod$1.runReflectiveCall(FrameworkMethod.java:50)
	at org.junit.internal.runners.model.ReflectiveCallable.run(ReflectiveCallable.java:12)
	at org.junit.runners.model.FrameworkMethod.invokeExplosively(FrameworkMethod.java:47)
	at org.junit.internal.runners.statements.InvokeMethod.evaluate(InvokeMethod.java:17)
	at org.junit.internal.runners.statements.FailOnTimeout$CallableStatement.call(FailOnTimeout.java:298)
	at org.junit.internal.runners.statements.FailOnTimeout$CallableStatement.call(FailOnTimeout.java:292)
	at java.util.concurrent.FutureTask.run(FutureTask.java:266)
	at java.lang.Thread.run(Thread.java:748)
</failure>
  </testcase>
  <testcase name="test11" classname="DataStructures.StackAr_ESTest" time="0.002"/>
  <testcase name="test03" classname="DataStructures.StackAr_ESTest" time="0.002"/>
  <testcase name="test02" classname="DataStructures.StackAr_ESTest" time="0.002"/>
  <testcase name="test05" classname="DataStructures.StackAr_ESTest" time="0.001"/>
  <testcase name="test04" classname="DataStructures.StackAr_ESTest" time="0.002"/>
  <system-out><![CDATA[15:26:56.111 [Test worker] INFO  o.e.r.instrumentation.EvoClassLoader - Seeing class for first time: DataStructures.StackAr_ESTest
15:26:56.115 [Test worker] INFO  o.e.r.instrumentation.EvoClassLoader - Instrumenting class 'DataStructures.StackAr_ESTest'.
15:26:56.170 [Test worker] INFO  o.e.r.instrumentation.EvoClassLoader - Seeing class for first time: DataStructures.StackAr_ESTest_scaffolding
15:26:56.170 [Test worker] INFO  o.e.r.instrumentation.EvoClassLoader - Instrumenting class 'DataStructures.StackAr_ESTest_scaffolding'.
15:26:56.174 [Test worker] INFO  o.e.r.instrumentation.EvoClassLoader - Keeping class: DataStructures.StackAr_ESTest_scaffolding
15:26:56.175 [Test worker] INFO  o.e.r.instrumentation.EvoClassLoader - Keeping class: DataStructures.StackAr_ESTest
15:26:56.478 [Test worker] DEBUG o.e.runtime.sandbox.MSecurityManager - Adding privileged thread: "Reference Handler"
15:26:56.478 [Test worker] DEBUG o.e.runtime.sandbox.MSecurityManager - Adding privileged thread: "Finalizer"
15:26:56.479 [Test worker] DEBUG o.e.runtime.sandbox.MSecurityManager - Adding privileged thread: "Signal Dispatcher"
15:26:56.479 [Test worker] DEBUG o.e.runtime.sandbox.MSecurityManager - Adding privileged thread: "Attach Listener"
15:26:56.479 [Test worker] DEBUG o.e.runtime.sandbox.MSecurityManager - Adding privileged thread: "Java2D Disposer"
15:26:56.479 [Test worker] DEBUG o.e.runtime.sandbox.MSecurityManager - Adding privileged thread: "AWT-Shutdown"
15:26:56.479 [Test worker] DEBUG o.e.runtime.sandbox.MSecurityManager - Adding privileged thread: "AWT-Windows"
15:26:56.479 [Test worker] DEBUG o.e.runtime.sandbox.MSecurityManager - Adding privileged thread: "main"
15:26:56.479 [Test worker] DEBUG o.e.runtime.sandbox.MSecurityManager - Adding privileged thread: "Test worker"
15:26:56.479 [Test worker] DEBUG o.e.runtime.sandbox.MSecurityManager - Adding privileged thread: "/127.0.0.1:53397 to /127.0.0.1:53396 workers Thread 2"
15:26:56.479 [Test worker] DEBUG o.e.runtime.sandbox.MSecurityManager - Adding privileged thread: "/127.0.0.1:53397 to /127.0.0.1:53396 workers Thread 3"
15:26:56.554 [Test worker] INFO  o.e.r.instrumentation.EvoClassLoader - Seeing class for first time: DataStructures.StackAr
15:26:56.554 [Test worker] INFO  o.e.r.instrumentation.EvoClassLoader - Instrumenting class 'DataStructures.StackAr'.
15:26:56.574 [Test worker] INFO  o.e.r.i.MethodCallReplacementClassAdapter - Adding mock interface to class DataStructures/StackAr
15:26:56.763 [Test worker] INFO  o.e.r.i.CreateClassResetClassAdapter - Creating brand-new static initializer in class DataStructures/StackAr
15:26:56.763 [Test worker] INFO  o.e.r.i.CreateClassResetClassAdapter - Adding bytecode for initializing field DEFAULT_CAPACITY
15:26:56.765 [Test worker] INFO  o.e.r.instrumentation.EvoClassLoader - Keeping class: DataStructures.StackAr
15:26:56.766 [Test worker] INFO  o.e.r.instrumentation.EvoClassLoader - Seeing class for first time: DataStructures.Underflow
15:26:56.766 [Test worker] INFO  o.e.r.instrumentation.EvoClassLoader - Instrumenting class 'DataStructures.Underflow'.
15:26:56.767 [Test worker] INFO  o.e.r.i.MethodCallReplacementClassAdapter - Adding mock interface to class DataStructures/Underflow
15:26:56.768 [Test worker] INFO  o.e.r.i.CreateClassResetClassAdapter - Creating brand-new static initializer in class DataStructures/Underflow
15:26:56.769 [Test worker] INFO  o.e.r.instrumentation.EvoClassLoader - Keeping class: DataStructures.Underflow
15:26:56.769 [Test worker] INFO  o.e.r.instrumentation.EvoClassLoader - Seeing class for first time: DataStructures.Overflow
15:26:56.769 [Test worker] INFO  o.e.r.instrumentation.EvoClassLoader - Instrumenting class 'DataStructures.Overflow'.
15:26:56.771 [Test worker] INFO  o.e.r.i.MethodCallReplacementClassAdapter - Adding mock interface to class DataStructures/Overflow
15:26:56.772 [Test worker] INFO  o.e.r.i.CreateClassResetClassAdapter - Creating brand-new static initializer in class DataStructures/Overflow
15:26:56.772 [Test worker] INFO  o.e.r.instrumentation.EvoClassLoader - Keeping class: DataStructures.Overflow
15:26:56.825 [Test worker] INFO  o.e.runtime.thread.ThreadStopper - Found new thread
15:26:56.831 [Test worker] INFO  o.e.runtime.thread.ThreadStopper - Found new thread
15:26:56.834 [Test worker] INFO  o.e.runtime.thread.ThreadStopper - Found new thread
]]></system-out>
  <system-err><![CDATA[]]></system-err>
</testsuite>
