<?xml version="1.0" encoding="UTF-8"?>
<testsuite name="examples.Polyupdate_ESTest" tests="11" skipped="0" failures="4" errors="0" timestamp="2022-05-25T08:32:58" hostname="grtx" time="0.107">
  <properties/>
  <testcase name="test09" classname="examples.Polyupdate_ESTest" time="0.016"/>
  <testcase name="test08" classname="examples.Polyupdate_ESTest" time="0.01"/>
  <testcase name="test07" classname="examples.Polyupdate_ESTest" time="0.012">
    <failure message="java.lang.AssertionError" type="java.lang.AssertionError">java.lang.AssertionError
	at examples.Polyupdate.a1(Polyupdate.java:89)
	at examples.Polyupdate_ESTest.test07(Polyupdate_ESTest.java:90)
	at sun.reflect.NativeMethodAccessorImpl.invoke0(Native Method)
	at sun.reflect.NativeMethodAccessorImpl.invoke(NativeMethodAccessorImpl.java:62)
	at sun.reflect.DelegatingMethodAccessorImpl.invoke(DelegatingMethodAccessorImpl.java:43)
	at java.lang.reflect.Method.invoke(Method.java:498)
	at org.junit.runners.model.FrameworkMethod$1.runReflectiveCall(FrameworkMethod.java:50)
	at org.junit.internal.runners.model.ReflectiveCallable.run(ReflectiveCallable.java:12)
	at org.junit.runners.model.FrameworkMethod.invokeExplosively(FrameworkMethod.java:47)
	at org.junit.internal.runners.statements.InvokeMethod.evaluate(InvokeMethod.java:17)
	at org.junit.internal.runners.statements.FailOnTimeout$CallableStatement.call(FailOnTimeout.java:298)
	at org.junit.internal.runners.statements.FailOnTimeout$CallableStatement.call(FailOnTimeout.java:292)
	at java.util.concurrent.FutureTask.run(FutureTask.java:266)
	at java.lang.Thread.run(Thread.java:748)
</failure>
  </testcase>
  <testcase name="test06" classname="examples.Polyupdate_ESTest" time="0.005">
    <failure message="java.lang.AssertionError" type="java.lang.AssertionError">java.lang.AssertionError
	at examples.Polyupdate.a1(Polyupdate.java:89)
	at examples.Polyupdate_ESTest.test06(Polyupdate_ESTest.java:82)
	at sun.reflect.NativeMethodAccessorImpl.invoke0(Native Method)
	at sun.reflect.NativeMethodAccessorImpl.invoke(NativeMethodAccessorImpl.java:62)
	at sun.reflect.DelegatingMethodAccessorImpl.invoke(DelegatingMethodAccessorImpl.java:43)
	at java.lang.reflect.Method.invoke(Method.java:498)
	at org.junit.runners.model.FrameworkMethod$1.runReflectiveCall(FrameworkMethod.java:50)
	at org.junit.internal.runners.model.ReflectiveCallable.run(ReflectiveCallable.java:12)
	at org.junit.runners.model.FrameworkMethod.invokeExplosively(FrameworkMethod.java:47)
	at org.junit.internal.runners.statements.InvokeMethod.evaluate(InvokeMethod.java:17)
	at org.junit.internal.runners.statements.FailOnTimeout$CallableStatement.call(FailOnTimeout.java:298)
	at org.junit.internal.runners.statements.FailOnTimeout$CallableStatement.call(FailOnTimeout.java:292)
	at java.util.concurrent.FutureTask.run(FutureTask.java:266)
	at java.lang.Thread.run(Thread.java:748)
</failure>
  </testcase>
  <testcase name="test01" classname="examples.Polyupdate_ESTest" time="0.002">
    <failure message="java.lang.AssertionError" type="java.lang.AssertionError">java.lang.AssertionError
	at examples.Polyupdate.a1(Polyupdate.java:89)
	at examples.Polyupdate_ESTest.test01(Polyupdate_ESTest.java:33)
	at sun.reflect.NativeMethodAccessorImpl.invoke0(Native Method)
	at sun.reflect.NativeMethodAccessorImpl.invoke(NativeMethodAccessorImpl.java:62)
	at sun.reflect.DelegatingMethodAccessorImpl.invoke(DelegatingMethodAccessorImpl.java:43)
	at java.lang.reflect.Method.invoke(Method.java:498)
	at org.junit.runners.model.FrameworkMethod$1.runReflectiveCall(FrameworkMethod.java:50)
	at org.junit.internal.runners.model.ReflectiveCallable.run(ReflectiveCallable.java:12)
	at org.junit.runners.model.FrameworkMethod.invokeExplosively(FrameworkMethod.java:47)
	at org.junit.internal.runners.statements.InvokeMethod.evaluate(InvokeMethod.java:17)
	at org.junit.internal.runners.statements.FailOnTimeout$CallableStatement.call(FailOnTimeout.java:298)
	at org.junit.internal.runners.statements.FailOnTimeout$CallableStatement.call(FailOnTimeout.java:292)
	at java.util.concurrent.FutureTask.run(FutureTask.java:266)
	at java.lang.Thread.run(Thread.java:748)
</failure>
  </testcase>
  <testcase name="test00" classname="examples.Polyupdate_ESTest" time="0.009">
    <failure message="java.lang.AssertionError" type="java.lang.AssertionError">java.lang.AssertionError
	at examples.Polyupdate.a1(Polyupdate.java:89)
	at examples.Polyupdate_ESTest.test00(Polyupdate_ESTest.java:24)
	at sun.reflect.NativeMethodAccessorImpl.invoke0(Native Method)
	at sun.reflect.NativeMethodAccessorImpl.invoke(NativeMethodAccessorImpl.java:62)
	at sun.reflect.DelegatingMethodAccessorImpl.invoke(DelegatingMethodAccessorImpl.java:43)
	at java.lang.reflect.Method.invoke(Method.java:498)
	at org.junit.runners.model.FrameworkMethod$1.runReflectiveCall(FrameworkMethod.java:50)
	at org.junit.internal.runners.model.ReflectiveCallable.run(ReflectiveCallable.java:12)
	at org.junit.runners.model.FrameworkMethod.invokeExplosively(FrameworkMethod.java:47)
	at org.junit.internal.runners.statements.InvokeMethod.evaluate(InvokeMethod.java:17)
	at org.junit.internal.runners.statements.FailOnTimeout$CallableStatement.call(FailOnTimeout.java:298)
	at org.junit.internal.runners.statements.FailOnTimeout$CallableStatement.call(FailOnTimeout.java:292)
	at java.util.concurrent.FutureTask.run(FutureTask.java:266)
	at java.lang.Thread.run(Thread.java:748)
</failure>
  </testcase>
  <testcase name="test10" classname="examples.Polyupdate_ESTest" time="0.014"/>
  <testcase name="test05" classname="examples.Polyupdate_ESTest" time="0.026"/>
  <testcase name="test04" classname="examples.Polyupdate_ESTest" time="0.006"/>
  <testcase name="test03" classname="examples.Polyupdate_ESTest" time="0.003"/>
  <testcase name="test02" classname="examples.Polyupdate_ESTest" time="0.001"/>
  <system-out><![CDATA[10:32:57.579 [Test worker] INFO  o.e.r.instrumentation.EvoClassLoader - Seeing class for first time: examples.Polyupdate_ESTest
10:32:57.583 [Test worker] INFO  o.e.r.instrumentation.EvoClassLoader - Instrumenting class 'examples.Polyupdate_ESTest'.
10:32:57.619 [Test worker] INFO  o.e.r.instrumentation.EvoClassLoader - Seeing class for first time: examples.Polyupdate_ESTest_scaffolding
10:32:57.620 [Test worker] INFO  o.e.r.instrumentation.EvoClassLoader - Instrumenting class 'examples.Polyupdate_ESTest_scaffolding'.
10:32:57.624 [Test worker] INFO  o.e.r.instrumentation.EvoClassLoader - Keeping class: examples.Polyupdate_ESTest_scaffolding
10:32:57.624 [Test worker] INFO  o.e.r.instrumentation.EvoClassLoader - Keeping class: examples.Polyupdate_ESTest
10:32:57.936 [Test worker] DEBUG o.e.runtime.sandbox.MSecurityManager - Adding privileged thread: "Reference Handler"
10:32:57.936 [Test worker] DEBUG o.e.runtime.sandbox.MSecurityManager - Adding privileged thread: "Finalizer"
10:32:57.937 [Test worker] DEBUG o.e.runtime.sandbox.MSecurityManager - Adding privileged thread: "Signal Dispatcher"
10:32:57.937 [Test worker] DEBUG o.e.runtime.sandbox.MSecurityManager - Adding privileged thread: "Attach Listener"
10:32:57.937 [Test worker] DEBUG o.e.runtime.sandbox.MSecurityManager - Adding privileged thread: "Java2D Disposer"
10:32:57.937 [Test worker] DEBUG o.e.runtime.sandbox.MSecurityManager - Adding privileged thread: "AWT-Shutdown"
10:32:57.937 [Test worker] DEBUG o.e.runtime.sandbox.MSecurityManager - Adding privileged thread: "AWT-Windows"
10:32:57.937 [Test worker] DEBUG o.e.runtime.sandbox.MSecurityManager - Adding privileged thread: "main"
10:32:57.937 [Test worker] DEBUG o.e.runtime.sandbox.MSecurityManager - Adding privileged thread: "Test worker"
10:32:57.938 [Test worker] DEBUG o.e.runtime.sandbox.MSecurityManager - Adding privileged thread: "/127.0.0.1:57715 to /127.0.0.1:57714 workers Thread 2"
10:32:57.938 [Test worker] DEBUG o.e.runtime.sandbox.MSecurityManager - Adding privileged thread: "/127.0.0.1:57715 to /127.0.0.1:57714 workers Thread 3"
10:32:58.004 [Test worker] INFO  o.e.r.instrumentation.EvoClassLoader - Seeing class for first time: examples.Polyupdate
10:32:58.004 [Test worker] INFO  o.e.r.instrumentation.EvoClassLoader - Instrumenting class 'examples.Polyupdate'.
10:32:58.027 [Test worker] INFO  o.e.r.i.MethodCallReplacementClassAdapter - Adding mock interface to class examples/Polyupdate
10:32:58.283 [Test worker] INFO  o.e.r.i.CreateClassResetClassAdapter - Found static initializer in class examples/Polyupdate
10:32:58.285 [Test worker] INFO  o.e.r.instrumentation.EvoClassLoader - Keeping class: examples.Polyupdate
10:32:58.398 [Test worker] INFO  o.e.runtime.thread.ThreadStopper - Found new thread
]]></system-out>
  <system-err><![CDATA[]]></system-err>
</testsuite>
