<?xml version="1.0" encoding="UTF-8"?>
<testsuite name="RegressionTest0" tests="50" skipped="0" failures="0" errors="0" timestamp="2022-08-05T07:24:31" hostname="grtx" time="0.018">
  <properties/>
  <testcase name="test01" classname="RegressionTest0" time="0.005"/>
  <testcase name="test02" classname="RegressionTest0" time="0.0"/>
  <testcase name="test03" classname="RegressionTest0" time="0.002"/>
  <testcase name="test04" classname="RegressionTest0" time="0.0"/>
  <testcase name="test05" classname="RegressionTest0" time="0.0"/>
  <testcase name="test06" classname="RegressionTest0" time="0.0"/>
  <testcase name="test07" classname="RegressionTest0" time="0.0"/>
  <testcase name="test08" classname="RegressionTest0" time="0.0"/>
  <testcase name="test09" classname="RegressionTest0" time="0.0"/>
  <testcase name="test10" classname="RegressionTest0" time="0.0"/>
  <testcase name="test11" classname="RegressionTest0" time="0.0"/>
  <testcase name="test12" classname="RegressionTest0" time="0.0"/>
  <testcase name="test13" classname="RegressionTest0" time="0.0"/>
  <testcase name="test14" classname="RegressionTest0" time="0.0"/>
  <testcase name="test15" classname="RegressionTest0" time="0.0"/>
  <testcase name="test16" classname="RegressionTest0" time="0.0"/>
  <testcase name="test17" classname="RegressionTest0" time="0.0"/>
  <testcase name="test18" classname="RegressionTest0" time="0.0"/>
  <testcase name="test19" classname="RegressionTest0" time="0.0"/>
  <testcase name="test20" classname="RegressionTest0" time="0.0"/>
  <testcase name="test21" classname="RegressionTest0" time="0.0"/>
  <testcase name="test22" classname="RegressionTest0" time="0.0"/>
  <testcase name="test23" classname="RegressionTest0" time="0.0"/>
  <testcase name="test24" classname="RegressionTest0" time="0.002"/>
  <testcase name="test25" classname="RegressionTest0" time="0.0"/>
  <testcase name="test01" classname="RegressionTest0" time="0.0"/>
  <testcase name="test02" classname="RegressionTest0" time="0.0"/>
  <testcase name="test03" classname="RegressionTest0" time="0.0"/>
  <testcase name="test04" classname="RegressionTest0" time="0.0"/>
  <testcase name="test05" classname="RegressionTest0" time="0.0"/>
  <testcase name="test06" classname="RegressionTest0" time="0.0"/>
  <testcase name="test07" classname="RegressionTest0" time="0.0"/>
  <testcase name="test08" classname="RegressionTest0" time="0.0"/>
  <testcase name="test09" classname="RegressionTest0" time="0.001"/>
  <testcase name="test10" classname="RegressionTest0" time="0.0"/>
  <testcase name="test11" classname="RegressionTest0" time="0.0"/>
  <testcase name="test12" classname="RegressionTest0" time="0.0"/>
  <testcase name="test13" classname="RegressionTest0" time="0.0"/>
  <testcase name="test14" classname="RegressionTest0" time="0.0"/>
  <testcase name="test15" classname="RegressionTest0" time="0.0"/>
  <testcase name="test16" classname="RegressionTest0" time="0.001"/>
  <testcase name="test17" classname="RegressionTest0" time="0.0"/>
  <testcase name="test18" classname="RegressionTest0" time="0.0"/>
  <testcase name="test19" classname="RegressionTest0" time="0.0"/>
  <testcase name="test20" classname="RegressionTest0" time="0.0"/>
  <testcase name="test21" classname="RegressionTest0" time="0.0"/>
  <testcase name="test22" classname="RegressionTest0" time="0.0"/>
  <testcase name="test23" classname="RegressionTest0" time="0.0"/>
  <testcase name="test24" classname="RegressionTest0" time="0.0"/>
  <testcase name="test25" classname="RegressionTest0" time="0.0"/>
  <system-out><![CDATA[]]></system-out>
  <system-err><![CDATA[]]></system-err>
</testsuite>
