<?xml version="1.0" encoding="UTF-8"?>
<testsuite name="org.apache.commons.cli.OptionGroup_ESTest" tests="13" skipped="0" failures="3" errors="0" timestamp="2022-08-05T07:24:31" hostname="grtx" time="0.078">
  <properties/>
  <testcase name="test04" classname="org.apache.commons.cli.OptionGroup_ESTest" time="0.018"/>
  <testcase name="test05" classname="org.apache.commons.cli.OptionGroup_ESTest" time="0.004"/>
  <testcase name="test02" classname="org.apache.commons.cli.OptionGroup_ESTest" time="0.003"/>
  <testcase name="test03" classname="org.apache.commons.cli.OptionGroup_ESTest" time="0.005"/>
  <testcase name="test00" classname="org.apache.commons.cli.OptionGroup_ESTest" time="0.014">
    <failure message="java.lang.AssertionError: expected:&lt;SDDMB&gt; but was:&lt;null&gt;" type="java.lang.AssertionError">java.lang.AssertionError: expected:&lt;SDDMB&gt; but was:&lt;null&gt;
	at org.junit.Assert.fail(Assert.java:88)
	at org.junit.Assert.failNotEquals(Assert.java:834)
	at org.junit.Assert.assertEquals(Assert.java:118)
	at org.junit.Assert.assertEquals(Assert.java:144)
	at org.apache.commons.cli.OptionGroup_ESTest.test00(OptionGroup_ESTest.java:27)
	at sun.reflect.NativeMethodAccessorImpl.invoke0(Native Method)
	at sun.reflect.NativeMethodAccessorImpl.invoke(NativeMethodAccessorImpl.java:62)
	at sun.reflect.DelegatingMethodAccessorImpl.invoke(DelegatingMethodAccessorImpl.java:43)
	at java.lang.reflect.Method.invoke(Method.java:498)
	at org.junit.runners.model.FrameworkMethod$1.runReflectiveCall(FrameworkMethod.java:50)
	at org.junit.internal.runners.model.ReflectiveCallable.run(ReflectiveCallable.java:12)
	at org.junit.runners.model.FrameworkMethod.invokeExplosively(FrameworkMethod.java:47)
	at org.junit.internal.runners.statements.InvokeMethod.evaluate(InvokeMethod.java:17)
	at org.junit.internal.runners.statements.FailOnTimeout$CallableStatement.call(FailOnTimeout.java:298)
	at org.junit.internal.runners.statements.FailOnTimeout$CallableStatement.call(FailOnTimeout.java:292)
	at java.util.concurrent.FutureTask.run(FutureTask.java:266)
	at java.lang.Thread.run(Thread.java:748)
</failure>
  </testcase>
  <testcase name="test11" classname="org.apache.commons.cli.OptionGroup_ESTest" time="0.006"/>
  <testcase name="test01" classname="org.apache.commons.cli.OptionGroup_ESTest" time="0.004">
    <failure message="java.lang.AssertionError: expected:&lt;&gt; but was:&lt;null&gt;" type="java.lang.AssertionError">java.lang.AssertionError: expected:&lt;&gt; but was:&lt;null&gt;
	at org.junit.Assert.fail(Assert.java:88)
	at org.junit.Assert.failNotEquals(Assert.java:834)
	at org.junit.Assert.assertEquals(Assert.java:118)
	at org.junit.Assert.assertEquals(Assert.java:144)
	at org.apache.commons.cli.OptionGroup_ESTest.test01(OptionGroup_ESTest.java:36)
	at sun.reflect.NativeMethodAccessorImpl.invoke0(Native Method)
	at sun.reflect.NativeMethodAccessorImpl.invoke(NativeMethodAccessorImpl.java:62)
	at sun.reflect.DelegatingMethodAccessorImpl.invoke(DelegatingMethodAccessorImpl.java:43)
	at java.lang.reflect.Method.invoke(Method.java:498)
	at org.junit.runners.model.FrameworkMethod$1.runReflectiveCall(FrameworkMethod.java:50)
	at org.junit.internal.runners.model.ReflectiveCallable.run(ReflectiveCallable.java:12)
	at org.junit.runners.model.FrameworkMethod.invokeExplosively(FrameworkMethod.java:47)
	at org.junit.internal.runners.statements.InvokeMethod.evaluate(InvokeMethod.java:17)
	at org.junit.internal.runners.statements.FailOnTimeout$CallableStatement.call(FailOnTimeout.java:298)
	at org.junit.internal.runners.statements.FailOnTimeout$CallableStatement.call(FailOnTimeout.java:292)
	at java.util.concurrent.FutureTask.run(FutureTask.java:266)
	at java.lang.Thread.run(Thread.java:748)
</failure>
  </testcase>
  <testcase name="test12" classname="org.apache.commons.cli.OptionGroup_ESTest" time="0.003"/>
  <testcase name="test10" classname="org.apache.commons.cli.OptionGroup_ESTest" time="0.004"/>
  <testcase name="test08" classname="org.apache.commons.cli.OptionGroup_ESTest" time="0.005"/>
  <testcase name="test09" classname="org.apache.commons.cli.OptionGroup_ESTest" time="0.004"/>
  <testcase name="test06" classname="org.apache.commons.cli.OptionGroup_ESTest" time="0.002">
    <failure message="java.lang.AssertionError: Expecting exception: Exception" type="java.lang.AssertionError">java.lang.AssertionError: Expecting exception: Exception
	at org.junit.Assert.fail(Assert.java:88)
	at org.apache.commons.cli.OptionGroup_ESTest.test06(OptionGroup_ESTest.java:91)
	at sun.reflect.NativeMethodAccessorImpl.invoke0(Native Method)
	at sun.reflect.NativeMethodAccessorImpl.invoke(NativeMethodAccessorImpl.java:62)
	at sun.reflect.DelegatingMethodAccessorImpl.invoke(DelegatingMethodAccessorImpl.java:43)
	at java.lang.reflect.Method.invoke(Method.java:498)
	at org.junit.runners.model.FrameworkMethod$1.runReflectiveCall(FrameworkMethod.java:50)
	at org.junit.internal.runners.model.ReflectiveCallable.run(ReflectiveCallable.java:12)
	at org.junit.runners.model.FrameworkMethod.invokeExplosively(FrameworkMethod.java:47)
	at org.junit.internal.runners.statements.InvokeMethod.evaluate(InvokeMethod.java:17)
	at org.junit.internal.runners.statements.FailOnTimeout$CallableStatement.call(FailOnTimeout.java:298)
	at org.junit.internal.runners.statements.FailOnTimeout$CallableStatement.call(FailOnTimeout.java:292)
	at java.util.concurrent.FutureTask.run(FutureTask.java:266)
	at java.lang.Thread.run(Thread.java:748)
</failure>
  </testcase>
  <testcase name="test07" classname="org.apache.commons.cli.OptionGroup_ESTest" time="0.003"/>
  <system-out><![CDATA[09:24:29.840 [Test worker] INFO  o.e.r.instrumentation.EvoClassLoader - Seeing class for first time: org.apache.commons.cli.OptionGroup_ESTest
09:24:29.844 [Test worker] INFO  o.e.r.instrumentation.EvoClassLoader - Instrumenting class 'org.apache.commons.cli.OptionGroup_ESTest'.
09:24:29.895 [Test worker] INFO  o.e.r.instrumentation.EvoClassLoader - Seeing class for first time: org.apache.commons.cli.OptionGroup_ESTest_scaffolding
09:24:29.895 [Test worker] INFO  o.e.r.instrumentation.EvoClassLoader - Instrumenting class 'org.apache.commons.cli.OptionGroup_ESTest_scaffolding'.
09:24:29.900 [Test worker] INFO  o.e.r.instrumentation.EvoClassLoader - Keeping class: org.apache.commons.cli.OptionGroup_ESTest_scaffolding
09:24:29.900 [Test worker] INFO  o.e.r.instrumentation.EvoClassLoader - Keeping class: org.apache.commons.cli.OptionGroup_ESTest
09:24:30.472 [Test worker] DEBUG o.e.runtime.sandbox.MSecurityManager - Adding privileged thread: "Reference Handler"
09:24:30.473 [Test worker] DEBUG o.e.runtime.sandbox.MSecurityManager - Adding privileged thread: "Finalizer"
09:24:30.473 [Test worker] DEBUG o.e.runtime.sandbox.MSecurityManager - Adding privileged thread: "Signal Dispatcher"
09:24:30.473 [Test worker] DEBUG o.e.runtime.sandbox.MSecurityManager - Adding privileged thread: "Attach Listener"
09:24:30.473 [Test worker] DEBUG o.e.runtime.sandbox.MSecurityManager - Adding privileged thread: "Java2D Disposer"
09:24:30.473 [Test worker] DEBUG o.e.runtime.sandbox.MSecurityManager - Adding privileged thread: "AWT-Shutdown"
09:24:30.473 [Test worker] DEBUG o.e.runtime.sandbox.MSecurityManager - Adding privileged thread: "AWT-Windows"
09:24:30.473 [Test worker] DEBUG o.e.runtime.sandbox.MSecurityManager - Adding privileged thread: "main"
09:24:30.473 [Test worker] DEBUG o.e.runtime.sandbox.MSecurityManager - Adding privileged thread: "Test worker"
09:24:30.473 [Test worker] DEBUG o.e.runtime.sandbox.MSecurityManager - Adding privileged thread: "/127.0.0.1:64007 to /127.0.0.1:64006 workers Thread 2"
09:24:30.473 [Test worker] DEBUG o.e.runtime.sandbox.MSecurityManager - Adding privileged thread: "/127.0.0.1:64007 to /127.0.0.1:64006 workers Thread 3"
09:24:30.589 [Test worker] INFO  o.e.r.instrumentation.EvoClassLoader - Seeing class for first time: org.apache.commons.cli.Option$1
09:24:30.590 [Test worker] INFO  o.e.r.instrumentation.EvoClassLoader - Instrumenting class 'org.apache.commons.cli.Option$1'.
09:24:30.631 [Test worker] INFO  o.e.r.i.MethodCallReplacementClassAdapter - Adding mock interface to class org/apache/commons/cli/Option$1
09:24:30.954 [Test worker] INFO  o.e.r.instrumentation.EvoClassLoader - Keeping class: org.apache.commons.cli.Option$1
09:24:30.956 [Test worker] INFO  o.e.r.instrumentation.EvoClassLoader - Seeing class for first time: org.apache.commons.cli.AlreadySelectedException
09:24:30.956 [Test worker] INFO  o.e.r.instrumentation.EvoClassLoader - Instrumenting class 'org.apache.commons.cli.AlreadySelectedException'.
09:24:30.960 [Test worker] INFO  o.e.r.i.MethodCallReplacementClassAdapter - Adding mock interface to class org/apache/commons/cli/AlreadySelectedException
09:24:30.964 [Test worker] INFO  o.e.r.i.CreateClassResetClassAdapter - Creating brand-new static initializer in class org/apache/commons/cli/AlreadySelectedException
09:24:30.965 [Test worker] INFO  o.e.r.instrumentation.EvoClassLoader - Seeing class for first time: org.apache.commons.cli.ParseException
09:24:30.965 [Test worker] INFO  o.e.r.instrumentation.EvoClassLoader - Instrumenting class 'org.apache.commons.cli.ParseException'.
09:24:30.967 [Test worker] INFO  o.e.r.i.MethodCallReplacementClassAdapter - Adding mock interface to class org/apache/commons/cli/ParseException
09:24:30.968 [Test worker] INFO  o.e.r.i.CreateClassResetClassAdapter - Creating brand-new static initializer in class org/apache/commons/cli/ParseException
09:24:30.968 [Test worker] INFO  o.e.r.instrumentation.EvoClassLoader - Keeping class: org.apache.commons.cli.ParseException
09:24:30.968 [Test worker] INFO  o.e.r.instrumentation.EvoClassLoader - Keeping class: org.apache.commons.cli.AlreadySelectedException
09:24:30.969 [Test worker] INFO  o.e.r.instrumentation.EvoClassLoader - Seeing class for first time: org.apache.commons.cli.OptionValidator
09:24:30.969 [Test worker] INFO  o.e.r.instrumentation.EvoClassLoader - Instrumenting class 'org.apache.commons.cli.OptionValidator'.
09:24:30.973 [Test worker] INFO  o.e.r.i.MethodCallReplacementClassAdapter - Adding mock interface to class org/apache/commons/cli/OptionValidator
09:24:30.982 [Test worker] INFO  o.e.r.i.CreateClassResetClassAdapter - Creating brand-new static initializer in class org/apache/commons/cli/OptionValidator
09:24:30.982 [Test worker] INFO  o.e.r.instrumentation.EvoClassLoader - Keeping class: org.apache.commons.cli.OptionValidator
09:24:30.983 [Test worker] INFO  o.e.r.instrumentation.EvoClassLoader - Seeing class for first time: org.apache.commons.cli.OptionGroup
09:24:30.983 [Test worker] INFO  o.e.r.instrumentation.EvoClassLoader - Instrumenting class 'org.apache.commons.cli.OptionGroup'.
09:24:30.987 [Test worker] INFO  o.e.r.i.MethodCallReplacementClassAdapter - Adding mock interface to class org/apache/commons/cli/OptionGroup
09:24:30.990 [Test worker] INFO  o.e.r.i.CreateClassResetClassAdapter - Creating brand-new static initializer in class org/apache/commons/cli/OptionGroup
09:24:30.993 [Test worker] INFO  o.e.r.instrumentation.EvoClassLoader - Keeping class: org.apache.commons.cli.OptionGroup
09:24:30.994 [Test worker] INFO  o.e.r.instrumentation.EvoClassLoader - Seeing class for first time: org.apache.commons.cli.Option$Builder
09:24:30.994 [Test worker] INFO  o.e.r.instrumentation.EvoClassLoader - Instrumenting class 'org.apache.commons.cli.Option$Builder'.
09:24:30.996 [Test worker] INFO  o.e.r.i.MethodCallReplacementClassAdapter - Adding mock interface to class org/apache/commons/cli/Option$Builder
09:24:31.001 [Test worker] INFO  o.e.r.i.CreateClassResetClassAdapter - Creating brand-new static initializer in class org/apache/commons/cli/Option$Builder
09:24:31.002 [Test worker] INFO  o.e.r.instrumentation.EvoClassLoader - Keeping class: org.apache.commons.cli.Option$Builder
09:24:31.002 [Test worker] INFO  o.e.r.instrumentation.EvoClassLoader - Seeing class for first time: org.apache.commons.cli.Option
09:24:31.003 [Test worker] INFO  o.e.r.instrumentation.EvoClassLoader - Instrumenting class 'org.apache.commons.cli.Option'.
09:24:31.006 [Test worker] INFO  o.e.r.i.MethodCallReplacementClassAdapter - Adding mock interface to class org/apache/commons/cli/Option
09:24:31.017 [Test worker] INFO  o.e.r.i.CreateClassResetClassAdapter - Creating brand-new static initializer in class org/apache/commons/cli/Option
09:24:31.018 [Test worker] INFO  o.e.r.i.CreateClassResetClassAdapter - Adding bytecode for initializing field UNINITIALIZED
09:24:31.018 [Test worker] INFO  o.e.r.i.CreateClassResetClassAdapter - Adding bytecode for initializing field UNLIMITED_VALUES
09:24:31.018 [Test worker] INFO  o.e.r.instrumentation.EvoClassLoader - Keeping class: org.apache.commons.cli.Option
09:24:31.088 [Test worker] INFO  o.e.runtime.thread.ThreadStopper - Found new thread
09:24:31.112 [Test worker] INFO  o.e.runtime.thread.ThreadStopper - Found new thread
]]></system-out>
  <system-err><![CDATA[]]></system-err>
</testsuite>
