<?xml version="1.0" encoding="UTF-8"?>
<testsuite name="examples.Polyupdate_ESTest" tests="11" skipped="0" failures="0" errors="0" timestamp="2022-07-12T17:08:33" hostname="grtx" time="0.021">
  <properties/>
  <testcase name="test09" classname="examples.Polyupdate_ESTest" time="0.008"/>
  <testcase name="test08" classname="examples.Polyupdate_ESTest" time="0.002"/>
  <testcase name="test07" classname="examples.Polyupdate_ESTest" time="0.001"/>
  <testcase name="test06" classname="examples.Polyupdate_ESTest" time="0.003"/>
  <testcase name="test01" classname="examples.Polyupdate_ESTest" time="0.001"/>
  <testcase name="test00" classname="examples.Polyupdate_ESTest" time="0.001"/>
  <testcase name="test10" classname="examples.Polyupdate_ESTest" time="0.001"/>
  <testcase name="test05" classname="examples.Polyupdate_ESTest" time="0.001"/>
  <testcase name="test04" classname="examples.Polyupdate_ESTest" time="0.001"/>
  <testcase name="test03" classname="examples.Polyupdate_ESTest" time="0.0"/>
  <testcase name="test02" classname="examples.Polyupdate_ESTest" time="0.0"/>
  <system-out><![CDATA[19:08:33.181 [Test worker] INFO  o.e.r.instrumentation.EvoClassLoader - Seeing class for first time: examples.Polyupdate_ESTest
19:08:33.183 [Test worker] INFO  o.e.r.instrumentation.EvoClassLoader - Instrumenting class 'examples.Polyupdate_ESTest'.
19:08:33.205 [Test worker] INFO  o.e.r.instrumentation.EvoClassLoader - Seeing class for first time: examples.Polyupdate_ESTest_scaffolding
19:08:33.205 [Test worker] INFO  o.e.r.instrumentation.EvoClassLoader - Instrumenting class 'examples.Polyupdate_ESTest_scaffolding'.
19:08:33.207 [Test worker] INFO  o.e.r.instrumentation.EvoClassLoader - Keeping class: examples.Polyupdate_ESTest_scaffolding
19:08:33.208 [Test worker] INFO  o.e.r.instrumentation.EvoClassLoader - Keeping class: examples.Polyupdate_ESTest
19:08:33.388 [Test worker] DEBUG o.e.runtime.sandbox.MSecurityManager - Adding privileged thread: "Reference Handler"
19:08:33.388 [Test worker] DEBUG o.e.runtime.sandbox.MSecurityManager - Adding privileged thread: "Finalizer"
19:08:33.388 [Test worker] DEBUG o.e.runtime.sandbox.MSecurityManager - Adding privileged thread: "Signal Dispatcher"
19:08:33.388 [Test worker] DEBUG o.e.runtime.sandbox.MSecurityManager - Adding privileged thread: "Attach Listener"
19:08:33.388 [Test worker] DEBUG o.e.runtime.sandbox.MSecurityManager - Adding privileged thread: "Java2D Disposer"
19:08:33.388 [Test worker] DEBUG o.e.runtime.sandbox.MSecurityManager - Adding privileged thread: "AWT-Shutdown"
19:08:33.388 [Test worker] DEBUG o.e.runtime.sandbox.MSecurityManager - Adding privileged thread: "AWT-Windows"
19:08:33.388 [Test worker] DEBUG o.e.runtime.sandbox.MSecurityManager - Adding privileged thread: "main"
19:08:33.388 [Test worker] DEBUG o.e.runtime.sandbox.MSecurityManager - Adding privileged thread: "Test worker"
19:08:33.388 [Test worker] DEBUG o.e.runtime.sandbox.MSecurityManager - Adding privileged thread: "/127.0.0.1:51301 to /127.0.0.1:51300 workers Thread 2"
19:08:33.388 [Test worker] DEBUG o.e.runtime.sandbox.MSecurityManager - Adding privileged thread: "/127.0.0.1:51301 to /127.0.0.1:51300 workers Thread 3"
19:08:33.435 [Test worker] INFO  o.e.r.instrumentation.EvoClassLoader - Seeing class for first time: examples.Polyupdate
19:08:33.435 [Test worker] INFO  o.e.r.instrumentation.EvoClassLoader - Instrumenting class 'examples.Polyupdate'.
19:08:33.450 [Test worker] INFO  o.e.r.i.MethodCallReplacementClassAdapter - Adding mock interface to class examples/Polyupdate
19:08:33.589 [Test worker] INFO  o.e.r.i.CreateClassResetClassAdapter - Creating brand-new static initializer in class examples/Polyupdate
19:08:33.589 [Test worker] INFO  o.e.r.instrumentation.EvoClassLoader - Keeping class: examples.Polyupdate
]]></system-out>
  <system-err><![CDATA[]]></system-err>
</testsuite>
