<?xml version="1.0" encoding="UTF-8"?>
<testsuite name="org.apache.commons.cli.OptionGroup_ESTest" tests="13" skipped="0" failures="4" errors="0" timestamp="2022-08-05T07:21:37" hostname="grtx" time="0.075">
  <properties/>
  <testcase name="test04" classname="org.apache.commons.cli.OptionGroup_ESTest" time="0.027">
    <failure message="java.lang.NullPointerException" type="java.lang.NullPointerException">java.lang.NullPointerException
	at org.apache.commons.cli.OptionGroup.getOptions(OptionGroup.java:76)
	at org.apache.commons.cli.OptionGroup_ESTest.test04(OptionGroup_ESTest.java:67)
	at sun.reflect.NativeMethodAccessorImpl.invoke0(Native Method)
	at sun.reflect.NativeMethodAccessorImpl.invoke(NativeMethodAccessorImpl.java:62)
	at sun.reflect.DelegatingMethodAccessorImpl.invoke(DelegatingMethodAccessorImpl.java:43)
	at java.lang.reflect.Method.invoke(Method.java:498)
	at org.junit.runners.model.FrameworkMethod$1.runReflectiveCall(FrameworkMethod.java:50)
	at org.junit.internal.runners.model.ReflectiveCallable.run(ReflectiveCallable.java:12)
	at org.junit.runners.model.FrameworkMethod.invokeExplosively(FrameworkMethod.java:47)
	at org.junit.internal.runners.statements.InvokeMethod.evaluate(InvokeMethod.java:17)
	at org.junit.internal.runners.statements.FailOnTimeout$CallableStatement.call(FailOnTimeout.java:298)
	at org.junit.internal.runners.statements.FailOnTimeout$CallableStatement.call(FailOnTimeout.java:292)
	at java.util.concurrent.FutureTask.run(FutureTask.java:266)
	at java.lang.Thread.run(Thread.java:748)
</failure>
  </testcase>
  <testcase name="test05" classname="org.apache.commons.cli.OptionGroup_ESTest" time="0.005"/>
  <testcase name="test02" classname="org.apache.commons.cli.OptionGroup_ESTest" time="0.005">
    <failure message="java.lang.NullPointerException" type="java.lang.NullPointerException">java.lang.NullPointerException
	at org.apache.commons.cli.OptionGroup.addOption(OptionGroup.java:55)
	at org.apache.commons.cli.OptionGroup_ESTest.test02(OptionGroup_ESTest.java:44)
	at sun.reflect.NativeMethodAccessorImpl.invoke0(Native Method)
	at sun.reflect.NativeMethodAccessorImpl.invoke(NativeMethodAccessorImpl.java:62)
	at sun.reflect.DelegatingMethodAccessorImpl.invoke(DelegatingMethodAccessorImpl.java:43)
	at java.lang.reflect.Method.invoke(Method.java:498)
	at org.junit.runners.model.FrameworkMethod$1.runReflectiveCall(FrameworkMethod.java:50)
	at org.junit.internal.runners.model.ReflectiveCallable.run(ReflectiveCallable.java:12)
	at org.junit.runners.model.FrameworkMethod.invokeExplosively(FrameworkMethod.java:47)
	at org.junit.internal.runners.statements.InvokeMethod.evaluate(InvokeMethod.java:17)
	at org.junit.internal.runners.statements.FailOnTimeout$CallableStatement.call(FailOnTimeout.java:298)
	at org.junit.internal.runners.statements.FailOnTimeout$CallableStatement.call(FailOnTimeout.java:292)
	at java.util.concurrent.FutureTask.run(FutureTask.java:266)
	at java.lang.Thread.run(Thread.java:748)
</failure>
  </testcase>
  <testcase name="test03" classname="org.apache.commons.cli.OptionGroup_ESTest" time="0.006"/>
  <testcase name="test00" classname="org.apache.commons.cli.OptionGroup_ESTest" time="0.003"/>
  <testcase name="test11" classname="org.apache.commons.cli.OptionGroup_ESTest" time="0.003"/>
  <testcase name="test01" classname="org.apache.commons.cli.OptionGroup_ESTest" time="0.003"/>
  <testcase name="test12" classname="org.apache.commons.cli.OptionGroup_ESTest" time="0.002"/>
  <testcase name="test10" classname="org.apache.commons.cli.OptionGroup_ESTest" time="0.003">
    <failure message="java.lang.NullPointerException" type="java.lang.NullPointerException">java.lang.NullPointerException
	at org.apache.commons.cli.OptionGroup.getNames(OptionGroup.java:67)
	at org.apache.commons.cli.OptionGroup_ESTest.test10(OptionGroup_ESTest.java:126)
	at sun.reflect.NativeMethodAccessorImpl.invoke0(Native Method)
	at sun.reflect.NativeMethodAccessorImpl.invoke(NativeMethodAccessorImpl.java:62)
	at sun.reflect.DelegatingMethodAccessorImpl.invoke(DelegatingMethodAccessorImpl.java:43)
	at java.lang.reflect.Method.invoke(Method.java:498)
	at org.junit.runners.model.FrameworkMethod$1.runReflectiveCall(FrameworkMethod.java:50)
	at org.junit.internal.runners.model.ReflectiveCallable.run(ReflectiveCallable.java:12)
	at org.junit.runners.model.FrameworkMethod.invokeExplosively(FrameworkMethod.java:47)
	at org.junit.internal.runners.statements.InvokeMethod.evaluate(InvokeMethod.java:17)
	at org.junit.internal.runners.statements.FailOnTimeout$CallableStatement.call(FailOnTimeout.java:298)
	at org.junit.internal.runners.statements.FailOnTimeout$CallableStatement.call(FailOnTimeout.java:292)
	at java.util.concurrent.FutureTask.run(FutureTask.java:266)
	at java.lang.Thread.run(Thread.java:748)
</failure>
  </testcase>
  <testcase name="test08" classname="org.apache.commons.cli.OptionGroup_ESTest" time="0.003"/>
  <testcase name="test09" classname="org.apache.commons.cli.OptionGroup_ESTest" time="0.004"/>
  <testcase name="test06" classname="org.apache.commons.cli.OptionGroup_ESTest" time="0.002">
    <failure message="java.lang.NullPointerException" type="java.lang.NullPointerException">java.lang.NullPointerException
	at org.apache.commons.cli.OptionGroup.addOption(OptionGroup.java:55)
	at org.apache.commons.cli.OptionGroup_ESTest.test06(OptionGroup_ESTest.java:83)
	at sun.reflect.NativeMethodAccessorImpl.invoke0(Native Method)
	at sun.reflect.NativeMethodAccessorImpl.invoke(NativeMethodAccessorImpl.java:62)
	at sun.reflect.DelegatingMethodAccessorImpl.invoke(DelegatingMethodAccessorImpl.java:43)
	at java.lang.reflect.Method.invoke(Method.java:498)
	at org.junit.runners.model.FrameworkMethod$1.runReflectiveCall(FrameworkMethod.java:50)
	at org.junit.internal.runners.model.ReflectiveCallable.run(ReflectiveCallable.java:12)
	at org.junit.runners.model.FrameworkMethod.invokeExplosively(FrameworkMethod.java:47)
	at org.junit.internal.runners.statements.InvokeMethod.evaluate(InvokeMethod.java:17)
	at org.junit.internal.runners.statements.FailOnTimeout$CallableStatement.call(FailOnTimeout.java:298)
	at org.junit.internal.runners.statements.FailOnTimeout$CallableStatement.call(FailOnTimeout.java:292)
	at java.util.concurrent.FutureTask.run(FutureTask.java:266)
	at java.lang.Thread.run(Thread.java:748)
</failure>
  </testcase>
  <testcase name="test07" classname="org.apache.commons.cli.OptionGroup_ESTest" time="0.004"/>
  <system-out><![CDATA[09:21:36.065 [Test worker] INFO  o.e.r.instrumentation.EvoClassLoader - Seeing class for first time: org.apache.commons.cli.OptionGroup_ESTest
09:21:36.069 [Test worker] INFO  o.e.r.instrumentation.EvoClassLoader - Instrumenting class 'org.apache.commons.cli.OptionGroup_ESTest'.
09:21:36.125 [Test worker] INFO  o.e.r.instrumentation.EvoClassLoader - Seeing class for first time: org.apache.commons.cli.OptionGroup_ESTest_scaffolding
09:21:36.125 [Test worker] INFO  o.e.r.instrumentation.EvoClassLoader - Instrumenting class 'org.apache.commons.cli.OptionGroup_ESTest_scaffolding'.
09:21:36.131 [Test worker] INFO  o.e.r.instrumentation.EvoClassLoader - Keeping class: org.apache.commons.cli.OptionGroup_ESTest_scaffolding
09:21:36.131 [Test worker] INFO  o.e.r.instrumentation.EvoClassLoader - Keeping class: org.apache.commons.cli.OptionGroup_ESTest
09:21:36.688 [Test worker] DEBUG o.e.runtime.sandbox.MSecurityManager - Adding privileged thread: "Reference Handler"
09:21:36.688 [Test worker] DEBUG o.e.runtime.sandbox.MSecurityManager - Adding privileged thread: "Finalizer"
09:21:36.688 [Test worker] DEBUG o.e.runtime.sandbox.MSecurityManager - Adding privileged thread: "Signal Dispatcher"
09:21:36.688 [Test worker] DEBUG o.e.runtime.sandbox.MSecurityManager - Adding privileged thread: "Attach Listener"
09:21:36.688 [Test worker] DEBUG o.e.runtime.sandbox.MSecurityManager - Adding privileged thread: "Java2D Disposer"
09:21:36.688 [Test worker] DEBUG o.e.runtime.sandbox.MSecurityManager - Adding privileged thread: "AWT-Shutdown"
09:21:36.688 [Test worker] DEBUG o.e.runtime.sandbox.MSecurityManager - Adding privileged thread: "AWT-Windows"
09:21:36.688 [Test worker] DEBUG o.e.runtime.sandbox.MSecurityManager - Adding privileged thread: "main"
09:21:36.688 [Test worker] DEBUG o.e.runtime.sandbox.MSecurityManager - Adding privileged thread: "Test worker"
09:21:36.689 [Test worker] DEBUG o.e.runtime.sandbox.MSecurityManager - Adding privileged thread: "/127.0.0.1:63846 to /127.0.0.1:63845 workers Thread 2"
09:21:36.689 [Test worker] DEBUG o.e.runtime.sandbox.MSecurityManager - Adding privileged thread: "/127.0.0.1:63846 to /127.0.0.1:63845 workers Thread 3"
09:21:36.798 [Test worker] INFO  o.e.r.instrumentation.EvoClassLoader - Seeing class for first time: org.apache.commons.cli.Option$1
09:21:36.799 [Test worker] INFO  o.e.r.instrumentation.EvoClassLoader - Instrumenting class 'org.apache.commons.cli.Option$1'.
09:21:36.835 [Test worker] INFO  o.e.r.i.MethodCallReplacementClassAdapter - Adding mock interface to class org/apache/commons/cli/Option$1
09:21:37.145 [Test worker] INFO  o.e.r.instrumentation.EvoClassLoader - Keeping class: org.apache.commons.cli.Option$1
09:21:37.146 [Test worker] INFO  o.e.r.instrumentation.EvoClassLoader - Seeing class for first time: org.apache.commons.cli.AlreadySelectedException
09:21:37.146 [Test worker] INFO  o.e.r.instrumentation.EvoClassLoader - Instrumenting class 'org.apache.commons.cli.AlreadySelectedException'.
09:21:37.148 [Test worker] INFO  o.e.r.i.MethodCallReplacementClassAdapter - Adding mock interface to class org/apache/commons/cli/AlreadySelectedException
09:21:37.153 [Test worker] INFO  o.e.r.i.CreateClassResetClassAdapter - Creating brand-new static initializer in class org/apache/commons/cli/AlreadySelectedException
09:21:37.153 [Test worker] INFO  o.e.r.instrumentation.EvoClassLoader - Seeing class for first time: org.apache.commons.cli.ParseException
09:21:37.154 [Test worker] INFO  o.e.r.instrumentation.EvoClassLoader - Instrumenting class 'org.apache.commons.cli.ParseException'.
09:21:37.156 [Test worker] INFO  o.e.r.i.MethodCallReplacementClassAdapter - Adding mock interface to class org/apache/commons/cli/ParseException
09:21:37.157 [Test worker] INFO  o.e.r.i.CreateClassResetClassAdapter - Creating brand-new static initializer in class org/apache/commons/cli/ParseException
09:21:37.158 [Test worker] INFO  o.e.r.instrumentation.EvoClassLoader - Keeping class: org.apache.commons.cli.ParseException
09:21:37.158 [Test worker] INFO  o.e.r.instrumentation.EvoClassLoader - Keeping class: org.apache.commons.cli.AlreadySelectedException
09:21:37.160 [Test worker] INFO  o.e.r.instrumentation.EvoClassLoader - Seeing class for first time: org.apache.commons.cli.OptionValidator
09:21:37.160 [Test worker] INFO  o.e.r.instrumentation.EvoClassLoader - Instrumenting class 'org.apache.commons.cli.OptionValidator'.
09:21:37.163 [Test worker] INFO  o.e.r.i.MethodCallReplacementClassAdapter - Adding mock interface to class org/apache/commons/cli/OptionValidator
09:21:37.170 [Test worker] INFO  o.e.r.i.CreateClassResetClassAdapter - Creating brand-new static initializer in class org/apache/commons/cli/OptionValidator
09:21:37.171 [Test worker] INFO  o.e.r.instrumentation.EvoClassLoader - Keeping class: org.apache.commons.cli.OptionValidator
09:21:37.172 [Test worker] INFO  o.e.r.instrumentation.EvoClassLoader - Seeing class for first time: org.apache.commons.cli.OptionGroup
09:21:37.172 [Test worker] INFO  o.e.r.instrumentation.EvoClassLoader - Instrumenting class 'org.apache.commons.cli.OptionGroup'.
09:21:37.175 [Test worker] INFO  o.e.r.i.MethodCallReplacementClassAdapter - Adding mock interface to class org/apache/commons/cli/OptionGroup
09:21:37.178 [Test worker] INFO  o.e.r.i.CreateClassResetClassAdapter - Creating brand-new static initializer in class org/apache/commons/cli/OptionGroup
09:21:37.181 [Test worker] INFO  o.e.r.instrumentation.EvoClassLoader - Keeping class: org.apache.commons.cli.OptionGroup
09:21:37.182 [Test worker] INFO  o.e.r.instrumentation.EvoClassLoader - Seeing class for first time: org.apache.commons.cli.Option$Builder
09:21:37.182 [Test worker] INFO  o.e.r.instrumentation.EvoClassLoader - Instrumenting class 'org.apache.commons.cli.Option$Builder'.
09:21:37.184 [Test worker] INFO  o.e.r.i.MethodCallReplacementClassAdapter - Adding mock interface to class org/apache/commons/cli/Option$Builder
09:21:37.193 [Test worker] INFO  o.e.r.i.CreateClassResetClassAdapter - Creating brand-new static initializer in class org/apache/commons/cli/Option$Builder
09:21:37.193 [Test worker] INFO  o.e.r.instrumentation.EvoClassLoader - Keeping class: org.apache.commons.cli.Option$Builder
09:21:37.194 [Test worker] INFO  o.e.r.instrumentation.EvoClassLoader - Seeing class for first time: org.apache.commons.cli.Option
09:21:37.194 [Test worker] INFO  o.e.r.instrumentation.EvoClassLoader - Instrumenting class 'org.apache.commons.cli.Option'.
09:21:37.197 [Test worker] INFO  o.e.r.i.MethodCallReplacementClassAdapter - Adding mock interface to class org/apache/commons/cli/Option
09:21:37.209 [Test worker] INFO  o.e.r.i.CreateClassResetClassAdapter - Creating brand-new static initializer in class org/apache/commons/cli/Option
09:21:37.209 [Test worker] INFO  o.e.r.i.CreateClassResetClassAdapter - Adding bytecode for initializing field UNINITIALIZED
09:21:37.209 [Test worker] INFO  o.e.r.i.CreateClassResetClassAdapter - Adding bytecode for initializing field UNLIMITED_VALUES
09:21:37.210 [Test worker] INFO  o.e.r.instrumentation.EvoClassLoader - Keeping class: org.apache.commons.cli.Option
]]></system-out>
  <system-err><![CDATA[]]></system-err>
</testsuite>
