<?xml version="1.0" encoding="UTF-8"?>
<testsuite name="DataStructures.StackAr_ESTest" tests="13" skipped="0" failures="0" errors="0" timestamp="2022-05-25T14:13:28" hostname="grtx" time="0.076">
  <properties/>
  <testcase name="test07" classname="DataStructures.StackAr_ESTest" time="0.016"/>
  <testcase name="test06" classname="DataStructures.StackAr_ESTest" time="0.004"/>
  <testcase name="test09" classname="DataStructures.StackAr_ESTest" time="0.004"/>
  <testcase name="test08" classname="DataStructures.StackAr_ESTest" time="0.004"/>
  <testcase name="test10" classname="DataStructures.StackAr_ESTest" time="0.004"/>
  <testcase name="test01" classname="DataStructures.StackAr_ESTest" time="0.02"/>
  <testcase name="test12" classname="DataStructures.StackAr_ESTest" time="0.002"/>
  <testcase name="test00" classname="DataStructures.StackAr_ESTest" time="0.004"/>
  <testcase name="test11" classname="DataStructures.StackAr_ESTest" time="0.004"/>
  <testcase name="test03" classname="DataStructures.StackAr_ESTest" time="0.002"/>
  <testcase name="test02" classname="DataStructures.StackAr_ESTest" time="0.003"/>
  <testcase name="test05" classname="DataStructures.StackAr_ESTest" time="0.004"/>
  <testcase name="test04" classname="DataStructures.StackAr_ESTest" time="0.003"/>
  <system-out><![CDATA[16:13:27.612 [Test worker] INFO  o.e.r.instrumentation.EvoClassLoader - Seeing class for first time: DataStructures.StackAr_ESTest
16:13:27.618 [Test worker] INFO  o.e.r.instrumentation.EvoClassLoader - Instrumenting class 'DataStructures.StackAr_ESTest'.
16:13:27.667 [Test worker] INFO  o.e.r.instrumentation.EvoClassLoader - Seeing class for first time: DataStructures.StackAr_ESTest_scaffolding
16:13:27.667 [Test worker] INFO  o.e.r.instrumentation.EvoClassLoader - Instrumenting class 'DataStructures.StackAr_ESTest_scaffolding'.
16:13:27.670 [Test worker] INFO  o.e.r.instrumentation.EvoClassLoader - Keeping class: DataStructures.StackAr_ESTest_scaffolding
16:13:27.670 [Test worker] INFO  o.e.r.instrumentation.EvoClassLoader - Keeping class: DataStructures.StackAr_ESTest
16:13:28.026 [Test worker] DEBUG o.e.runtime.sandbox.MSecurityManager - Adding privileged thread: "Reference Handler"
16:13:28.027 [Test worker] DEBUG o.e.runtime.sandbox.MSecurityManager - Adding privileged thread: "Finalizer"
16:13:28.027 [Test worker] DEBUG o.e.runtime.sandbox.MSecurityManager - Adding privileged thread: "Signal Dispatcher"
16:13:28.027 [Test worker] DEBUG o.e.runtime.sandbox.MSecurityManager - Adding privileged thread: "Attach Listener"
16:13:28.027 [Test worker] DEBUG o.e.runtime.sandbox.MSecurityManager - Adding privileged thread: "Java2D Disposer"
16:13:28.027 [Test worker] DEBUG o.e.runtime.sandbox.MSecurityManager - Adding privileged thread: "AWT-Shutdown"
16:13:28.027 [Test worker] DEBUG o.e.runtime.sandbox.MSecurityManager - Adding privileged thread: "AWT-Windows"
16:13:28.027 [Test worker] DEBUG o.e.runtime.sandbox.MSecurityManager - Adding privileged thread: "main"
16:13:28.027 [Test worker] DEBUG o.e.runtime.sandbox.MSecurityManager - Adding privileged thread: "Test worker"
16:13:28.027 [Test worker] DEBUG o.e.runtime.sandbox.MSecurityManager - Adding privileged thread: "/127.0.0.1:58489 to /127.0.0.1:58488 workers Thread 2"
16:13:28.027 [Test worker] DEBUG o.e.runtime.sandbox.MSecurityManager - Adding privileged thread: "/127.0.0.1:58489 to /127.0.0.1:58488 workers Thread 3"
16:13:28.101 [Test worker] INFO  o.e.r.instrumentation.EvoClassLoader - Seeing class for first time: DataStructures.StackAr
16:13:28.101 [Test worker] INFO  o.e.r.instrumentation.EvoClassLoader - Instrumenting class 'DataStructures.StackAr'.
16:13:28.119 [Test worker] INFO  o.e.r.i.MethodCallReplacementClassAdapter - Adding mock interface to class DataStructures/StackAr
16:13:28.387 [Test worker] INFO  o.e.r.i.CreateClassResetClassAdapter - Creating brand-new static initializer in class DataStructures/StackAr
16:13:28.388 [Test worker] INFO  o.e.r.instrumentation.EvoClassLoader - Keeping class: DataStructures.StackAr
16:13:28.388 [Test worker] INFO  o.e.r.instrumentation.EvoClassLoader - Seeing class for first time: DataStructures.Underflow
16:13:28.388 [Test worker] INFO  o.e.r.instrumentation.EvoClassLoader - Instrumenting class 'DataStructures.Underflow'.
16:13:28.390 [Test worker] INFO  o.e.r.i.MethodCallReplacementClassAdapter - Adding mock interface to class DataStructures/Underflow
16:13:28.391 [Test worker] INFO  o.e.r.i.CreateClassResetClassAdapter - Creating brand-new static initializer in class DataStructures/Underflow
16:13:28.391 [Test worker] INFO  o.e.r.instrumentation.EvoClassLoader - Keeping class: DataStructures.Underflow
16:13:28.391 [Test worker] INFO  o.e.r.instrumentation.EvoClassLoader - Seeing class for first time: DataStructures.Overflow
16:13:28.391 [Test worker] INFO  o.e.r.instrumentation.EvoClassLoader - Instrumenting class 'DataStructures.Overflow'.
16:13:28.392 [Test worker] INFO  o.e.r.i.MethodCallReplacementClassAdapter - Adding mock interface to class DataStructures/Overflow
16:13:28.393 [Test worker] INFO  o.e.r.i.CreateClassResetClassAdapter - Creating brand-new static initializer in class DataStructures/Overflow
16:13:28.393 [Test worker] INFO  o.e.r.instrumentation.EvoClassLoader - Keeping class: DataStructures.Overflow
16:13:28.415 [Test worker] INFO  o.e.runtime.thread.ThreadStopper - Found new thread
16:13:28.463 [Test worker] INFO  o.e.runtime.thread.ThreadStopper - Found new thread
]]></system-out>
  <system-err><![CDATA[]]></system-err>
</testsuite>
