<?xml version="1.0" encoding="UTF-8"?>
<testsuite name="jts.Envelope_ESTest" tests="10" skipped="0" failures="2" errors="0" timestamp="2022-07-12T22:49:17" hostname="grtx" time="0.04">
  <properties/>
  <testcase name="test3" classname="jts.Envelope_ESTest" time="0.013"/>
  <testcase name="test2" classname="jts.Envelope_ESTest" time="0.006"/>
  <testcase name="test5" classname="jts.Envelope_ESTest" time="0.002"/>
  <testcase name="test4" classname="jts.Envelope_ESTest" time="0.001"/>
  <testcase name="test7" classname="jts.Envelope_ESTest" time="0.005">
    <failure message="java.lang.AssertionError: expected:&lt;1.0&gt; but was:&lt;0.0&gt;" type="java.lang.AssertionError">java.lang.AssertionError: expected:&lt;1.0&gt; but was:&lt;0.0&gt;
	at org.junit.Assert.fail(Assert.java:88)
	at org.junit.Assert.failNotEquals(Assert.java:834)
	at org.junit.Assert.assertEquals(Assert.java:553)
	at org.junit.Assert.assertEquals(Assert.java:683)
	at jts.Envelope_ESTest.test7(Envelope_ESTest.java:82)
	at sun.reflect.NativeMethodAccessorImpl.invoke0(Native Method)
	at sun.reflect.NativeMethodAccessorImpl.invoke(NativeMethodAccessorImpl.java:62)
	at sun.reflect.DelegatingMethodAccessorImpl.invoke(DelegatingMethodAccessorImpl.java:43)
	at java.lang.reflect.Method.invoke(Method.java:498)
	at org.junit.runners.model.FrameworkMethod$1.runReflectiveCall(FrameworkMethod.java:50)
	at org.junit.internal.runners.model.ReflectiveCallable.run(ReflectiveCallable.java:12)
	at org.junit.runners.model.FrameworkMethod.invokeExplosively(FrameworkMethod.java:47)
	at org.junit.internal.runners.statements.InvokeMethod.evaluate(InvokeMethod.java:17)
	at org.junit.internal.runners.statements.FailOnTimeout$CallableStatement.call(FailOnTimeout.java:298)
	at org.junit.internal.runners.statements.FailOnTimeout$CallableStatement.call(FailOnTimeout.java:292)
	at java.util.concurrent.FutureTask.run(FutureTask.java:266)
	at java.lang.Thread.run(Thread.java:748)
</failure>
  </testcase>
  <testcase name="test6" classname="jts.Envelope_ESTest" time="0.001"/>
  <testcase name="test9" classname="jts.Envelope_ESTest" time="0.002">
    <failure message="java.lang.AssertionError: expected:&lt;1492.8563744435291&gt; but was:&lt;131.60793141617387&gt;" type="java.lang.AssertionError">java.lang.AssertionError: expected:&lt;1492.8563744435291&gt; but was:&lt;131.60793141617387&gt;
	at org.junit.Assert.fail(Assert.java:88)
	at org.junit.Assert.failNotEquals(Assert.java:834)
	at org.junit.Assert.assertEquals(Assert.java:553)
	at org.junit.Assert.assertEquals(Assert.java:683)
	at jts.Envelope_ESTest.test9(Envelope_ESTest.java:101)
	at sun.reflect.NativeMethodAccessorImpl.invoke0(Native Method)
	at sun.reflect.NativeMethodAccessorImpl.invoke(NativeMethodAccessorImpl.java:62)
	at sun.reflect.DelegatingMethodAccessorImpl.invoke(DelegatingMethodAccessorImpl.java:43)
	at java.lang.reflect.Method.invoke(Method.java:498)
	at org.junit.runners.model.FrameworkMethod$1.runReflectiveCall(FrameworkMethod.java:50)
	at org.junit.internal.runners.model.ReflectiveCallable.run(ReflectiveCallable.java:12)
	at org.junit.runners.model.FrameworkMethod.invokeExplosively(FrameworkMethod.java:47)
	at org.junit.internal.runners.statements.InvokeMethod.evaluate(InvokeMethod.java:17)
	at org.junit.internal.runners.statements.FailOnTimeout$CallableStatement.call(FailOnTimeout.java:298)
	at org.junit.internal.runners.statements.FailOnTimeout$CallableStatement.call(FailOnTimeout.java:292)
	at java.util.concurrent.FutureTask.run(FutureTask.java:266)
	at java.lang.Thread.run(Thread.java:748)
</failure>
  </testcase>
  <testcase name="test8" classname="jts.Envelope_ESTest" time="0.003"/>
  <testcase name="test1" classname="jts.Envelope_ESTest" time="0.002"/>
  <testcase name="test0" classname="jts.Envelope_ESTest" time="0.002"/>
  <system-out><![CDATA[00:49:17.047 [Test worker] INFO  o.e.r.instrumentation.EvoClassLoader - Seeing class for first time: jts.Envelope_ESTest
00:49:17.050 [Test worker] INFO  o.e.r.instrumentation.EvoClassLoader - Instrumenting class 'jts.Envelope_ESTest'.
00:49:17.096 [Test worker] INFO  o.e.r.instrumentation.EvoClassLoader - Seeing class for first time: jts.Envelope_ESTest_scaffolding
00:49:17.096 [Test worker] INFO  o.e.r.instrumentation.EvoClassLoader - Instrumenting class 'jts.Envelope_ESTest_scaffolding'.
00:49:17.099 [Test worker] INFO  o.e.r.instrumentation.EvoClassLoader - Keeping class: jts.Envelope_ESTest_scaffolding
00:49:17.099 [Test worker] INFO  o.e.r.instrumentation.EvoClassLoader - Keeping class: jts.Envelope_ESTest
00:49:17.392 [Test worker] DEBUG o.e.runtime.sandbox.MSecurityManager - Adding privileged thread: "Reference Handler"
00:49:17.393 [Test worker] DEBUG o.e.runtime.sandbox.MSecurityManager - Adding privileged thread: "Finalizer"
00:49:17.393 [Test worker] DEBUG o.e.runtime.sandbox.MSecurityManager - Adding privileged thread: "Signal Dispatcher"
00:49:17.393 [Test worker] DEBUG o.e.runtime.sandbox.MSecurityManager - Adding privileged thread: "Attach Listener"
00:49:17.393 [Test worker] DEBUG o.e.runtime.sandbox.MSecurityManager - Adding privileged thread: "Java2D Disposer"
00:49:17.393 [Test worker] DEBUG o.e.runtime.sandbox.MSecurityManager - Adding privileged thread: "AWT-Shutdown"
00:49:17.393 [Test worker] DEBUG o.e.runtime.sandbox.MSecurityManager - Adding privileged thread: "AWT-Windows"
00:49:17.393 [Test worker] DEBUG o.e.runtime.sandbox.MSecurityManager - Adding privileged thread: "main"
00:49:17.393 [Test worker] DEBUG o.e.runtime.sandbox.MSecurityManager - Adding privileged thread: "Test worker"
00:49:17.393 [Test worker] DEBUG o.e.runtime.sandbox.MSecurityManager - Adding privileged thread: "/127.0.0.1:58721 to /127.0.0.1:58720 workers Thread 2"
00:49:17.393 [Test worker] DEBUG o.e.runtime.sandbox.MSecurityManager - Adding privileged thread: "/127.0.0.1:58721 to /127.0.0.1:58720 workers Thread 3"
00:49:17.472 [Test worker] INFO  o.e.r.instrumentation.EvoClassLoader - Seeing class for first time: jts.Envelope
00:49:17.472 [Test worker] INFO  o.e.r.instrumentation.EvoClassLoader - Instrumenting class 'jts.Envelope'.
00:49:17.498 [Test worker] INFO  o.e.r.i.MethodCallReplacementClassAdapter - Adding mock interface to class jts/Envelope
00:49:17.705 [Test worker] INFO  o.e.r.i.CreateClassResetClassAdapter - Creating brand-new static initializer in class jts/Envelope
00:49:17.706 [Test worker] INFO  o.e.r.instrumentation.EvoClassLoader - Keeping class: jts.Envelope
]]></system-out>
  <system-err><![CDATA[]]></system-err>
</testsuite>
