<?xml version="1.0" encoding="UTF-8"?>
<testsuite name="DataStructures.QueueAr_ESTest" tests="12" skipped="0" failures="1" errors="0" timestamp="2022-05-26T21:26:44" hostname="grtx" time="0.023">
  <properties/>
  <testcase name="test06" classname="DataStructures.QueueAr_ESTest" time="0.007"/>
  <testcase name="test07" classname="DataStructures.QueueAr_ESTest" time="0.001"/>
  <testcase name="test08" classname="DataStructures.QueueAr_ESTest" time="0.001"/>
  <testcase name="test09" classname="DataStructures.QueueAr_ESTest" time="0.002"/>
  <testcase name="test10" classname="DataStructures.QueueAr_ESTest" time="0.001"/>
  <testcase name="test00" classname="DataStructures.QueueAr_ESTest" time="0.001"/>
  <testcase name="test11" classname="DataStructures.QueueAr_ESTest" time="0.001"/>
  <testcase name="test01" classname="DataStructures.QueueAr_ESTest" time="0.004">
    <failure message="java.lang.AssertionError" type="java.lang.AssertionError">java.lang.AssertionError
	at DataStructures.QueueAr.makeEmpty(QueueAr.java:66)
	at DataStructures.QueueAr_ESTest.test01(QueueAr_ESTest.java:34)
	at sun.reflect.NativeMethodAccessorImpl.invoke0(Native Method)
	at sun.reflect.NativeMethodAccessorImpl.invoke(NativeMethodAccessorImpl.java:62)
	at sun.reflect.DelegatingMethodAccessorImpl.invoke(DelegatingMethodAccessorImpl.java:43)
	at java.lang.reflect.Method.invoke(Method.java:498)
	at org.junit.runners.model.FrameworkMethod$1.runReflectiveCall(FrameworkMethod.java:50)
	at org.junit.internal.runners.model.ReflectiveCallable.run(ReflectiveCallable.java:12)
	at org.junit.runners.model.FrameworkMethod.invokeExplosively(FrameworkMethod.java:47)
	at org.junit.internal.runners.statements.InvokeMethod.evaluate(InvokeMethod.java:17)
	at org.junit.internal.runners.statements.FailOnTimeout$CallableStatement.call(FailOnTimeout.java:298)
	at org.junit.internal.runners.statements.FailOnTimeout$CallableStatement.call(FailOnTimeout.java:292)
	at java.util.concurrent.FutureTask.run(FutureTask.java:266)
	at java.lang.Thread.run(Thread.java:748)
</failure>
  </testcase>
  <testcase name="test02" classname="DataStructures.QueueAr_ESTest" time="0.001"/>
  <testcase name="test03" classname="DataStructures.QueueAr_ESTest" time="0.001"/>
  <testcase name="test04" classname="DataStructures.QueueAr_ESTest" time="0.001"/>
  <testcase name="test05" classname="DataStructures.QueueAr_ESTest" time="0.0"/>
  <system-out><![CDATA[23:26:44.067 [Test worker] INFO  o.e.r.instrumentation.EvoClassLoader - Seeing class for first time: DataStructures.QueueAr_ESTest
23:26:44.070 [Test worker] INFO  o.e.r.instrumentation.EvoClassLoader - Instrumenting class 'DataStructures.QueueAr_ESTest'.
23:26:44.091 [Test worker] INFO  o.e.r.instrumentation.EvoClassLoader - Seeing class for first time: DataStructures.QueueAr_ESTest_scaffolding
23:26:44.091 [Test worker] INFO  o.e.r.instrumentation.EvoClassLoader - Instrumenting class 'DataStructures.QueueAr_ESTest_scaffolding'.
23:26:44.093 [Test worker] INFO  o.e.r.instrumentation.EvoClassLoader - Keeping class: DataStructures.QueueAr_ESTest_scaffolding
23:26:44.093 [Test worker] INFO  o.e.r.instrumentation.EvoClassLoader - Keeping class: DataStructures.QueueAr_ESTest
23:26:44.253 [Test worker] DEBUG o.e.runtime.sandbox.MSecurityManager - Adding privileged thread: "Reference Handler"
23:26:44.253 [Test worker] DEBUG o.e.runtime.sandbox.MSecurityManager - Adding privileged thread: "Finalizer"
23:26:44.254 [Test worker] DEBUG o.e.runtime.sandbox.MSecurityManager - Adding privileged thread: "Signal Dispatcher"
23:26:44.254 [Test worker] DEBUG o.e.runtime.sandbox.MSecurityManager - Adding privileged thread: "Attach Listener"
23:26:44.254 [Test worker] DEBUG o.e.runtime.sandbox.MSecurityManager - Adding privileged thread: "Java2D Disposer"
23:26:44.254 [Test worker] DEBUG o.e.runtime.sandbox.MSecurityManager - Adding privileged thread: "AWT-Shutdown"
23:26:44.254 [Test worker] DEBUG o.e.runtime.sandbox.MSecurityManager - Adding privileged thread: "AWT-Windows"
23:26:44.254 [Test worker] DEBUG o.e.runtime.sandbox.MSecurityManager - Adding privileged thread: "main"
23:26:44.254 [Test worker] DEBUG o.e.runtime.sandbox.MSecurityManager - Adding privileged thread: "Test worker"
23:26:44.254 [Test worker] DEBUG o.e.runtime.sandbox.MSecurityManager - Adding privileged thread: "/127.0.0.1:59900 to /127.0.0.1:59899 workers Thread 2"
23:26:44.254 [Test worker] DEBUG o.e.runtime.sandbox.MSecurityManager - Adding privileged thread: "/127.0.0.1:59900 to /127.0.0.1:59899 workers Thread 3"
23:26:44.291 [Test worker] INFO  o.e.r.instrumentation.EvoClassLoader - Seeing class for first time: DataStructures.QueueAr
23:26:44.291 [Test worker] INFO  o.e.r.instrumentation.EvoClassLoader - Instrumenting class 'DataStructures.QueueAr'.
23:26:44.303 [Test worker] INFO  o.e.r.i.MethodCallReplacementClassAdapter - Adding mock interface to class DataStructures/QueueAr
23:26:44.423 [Test worker] INFO  o.e.r.i.CreateClassResetClassAdapter - Found static initializer in class DataStructures/QueueAr
23:26:44.425 [Test worker] INFO  o.e.r.instrumentation.EvoClassLoader - Keeping class: DataStructures.QueueAr
23:26:44.425 [Test worker] INFO  o.e.r.instrumentation.EvoClassLoader - Seeing class for first time: DataStructures.Overflow
23:26:44.425 [Test worker] INFO  o.e.r.instrumentation.EvoClassLoader - Instrumenting class 'DataStructures.Overflow'.
23:26:44.426 [Test worker] INFO  o.e.r.i.MethodCallReplacementClassAdapter - Adding mock interface to class DataStructures/Overflow
23:26:44.427 [Test worker] INFO  o.e.r.i.CreateClassResetClassAdapter - Creating brand-new static initializer in class DataStructures/Overflow
23:26:44.427 [Test worker] INFO  o.e.r.instrumentation.EvoClassLoader - Keeping class: DataStructures.Overflow
]]></system-out>
  <system-err><![CDATA[]]></system-err>
</testsuite>
