<?xml version="1.0" encoding="UTF-8"?>
<testsuite name="RegressionTest0" tests="18" skipped="0" failures="0" errors="0" timestamp="2022-07-12T23:02:13" hostname="grtx" time="0.009">
  <properties/>
  <testcase name="test1" classname="RegressionTest0" time="0.001"/>
  <testcase name="test2" classname="RegressionTest0" time="0.003"/>
  <testcase name="test3" classname="RegressionTest0" time="0.0"/>
  <testcase name="test4" classname="RegressionTest0" time="0.0"/>
  <testcase name="test5" classname="RegressionTest0" time="0.0"/>
  <testcase name="test6" classname="RegressionTest0" time="0.001"/>
  <testcase name="test7" classname="RegressionTest0" time="0.001"/>
  <testcase name="test8" classname="RegressionTest0" time="0.0"/>
  <testcase name="test9" classname="RegressionTest0" time="0.0"/>
  <testcase name="test1" classname="RegressionTest0" time="0.0"/>
  <testcase name="test2" classname="RegressionTest0" time="0.0"/>
  <testcase name="test3" classname="RegressionTest0" time="0.0"/>
  <testcase name="test4" classname="RegressionTest0" time="0.0"/>
  <testcase name="test5" classname="RegressionTest0" time="0.0"/>
  <testcase name="test6" classname="RegressionTest0" time="0.0"/>
  <testcase name="test7" classname="RegressionTest0" time="0.0"/>
  <testcase name="test8" classname="RegressionTest0" time="0.0"/>
  <testcase name="test9" classname="RegressionTest0" time="0.0"/>
  <system-out><![CDATA[]]></system-out>
  <system-err><![CDATA[]]></system-err>
</testsuite>
