<?xml version="1.0" encoding="UTF-8"?>
<testsuite name="examples.ListComp02_ESTest" tests="9" skipped="0" failures="4" errors="0" timestamp="2022-07-12T23:02:12" hostname="grtx" time="0.051">
  <properties/>
  <testcase name="test1" classname="examples.ListComp02_ESTest" time="0.021">
    <failure message="java.lang.NullPointerException" type="java.lang.NullPointerException">java.lang.NullPointerException
	at examples.ListComp02.q(ListComp02.java:25)
	at examples.ListComp02_ESTest.test1(ListComp02_ESTest.java:48)
	at sun.reflect.NativeMethodAccessorImpl.invoke0(Native Method)
	at sun.reflect.NativeMethodAccessorImpl.invoke(NativeMethodAccessorImpl.java:62)
	at sun.reflect.DelegatingMethodAccessorImpl.invoke(DelegatingMethodAccessorImpl.java:43)
	at java.lang.reflect.Method.invoke(Method.java:498)
	at org.junit.runners.model.FrameworkMethod$1.runReflectiveCall(FrameworkMethod.java:50)
	at org.junit.internal.runners.model.ReflectiveCallable.run(ReflectiveCallable.java:12)
	at org.junit.runners.model.FrameworkMethod.invokeExplosively(FrameworkMethod.java:47)
	at org.junit.internal.runners.statements.InvokeMethod.evaluate(InvokeMethod.java:17)
	at org.junit.internal.runners.statements.FailOnTimeout$CallableStatement.call(FailOnTimeout.java:298)
	at org.junit.internal.runners.statements.FailOnTimeout$CallableStatement.call(FailOnTimeout.java:292)
	at java.util.concurrent.FutureTask.run(FutureTask.java:266)
	at java.lang.Thread.run(Thread.java:748)
</failure>
  </testcase>
  <testcase name="test0" classname="examples.ListComp02_ESTest" time="0.003">
    <failure message="java.lang.NullPointerException" type="java.lang.NullPointerException">java.lang.NullPointerException
	at examples.ListComp02.insert_s(ListComp02.java:43)
	at examples.ListComp02_ESTest.test0(ListComp02_ESTest.java:31)
	at sun.reflect.NativeMethodAccessorImpl.invoke0(Native Method)
	at sun.reflect.NativeMethodAccessorImpl.invoke(NativeMethodAccessorImpl.java:62)
	at sun.reflect.DelegatingMethodAccessorImpl.invoke(DelegatingMethodAccessorImpl.java:43)
	at java.lang.reflect.Method.invoke(Method.java:498)
	at org.junit.runners.model.FrameworkMethod$1.runReflectiveCall(FrameworkMethod.java:50)
	at org.junit.internal.runners.model.ReflectiveCallable.run(ReflectiveCallable.java:12)
	at org.junit.runners.model.FrameworkMethod.invokeExplosively(FrameworkMethod.java:47)
	at org.junit.internal.runners.statements.InvokeMethod.evaluate(InvokeMethod.java:17)
	at org.junit.internal.runners.statements.FailOnTimeout$CallableStatement.call(FailOnTimeout.java:298)
	at org.junit.internal.runners.statements.FailOnTimeout$CallableStatement.call(FailOnTimeout.java:292)
	at java.util.concurrent.FutureTask.run(FutureTask.java:266)
	at java.lang.Thread.run(Thread.java:748)
</failure>
  </testcase>
  <testcase name="test8" classname="examples.ListComp02_ESTest" time="0.002"/>
  <testcase name="test7" classname="examples.ListComp02_ESTest" time="0.003">
    <failure message="java.lang.NullPointerException" type="java.lang.NullPointerException">java.lang.NullPointerException
	at examples.ListComp02.insert_s(ListComp02.java:43)
	at examples.ListComp02_ESTest.test7(ListComp02_ESTest.java:145)
	at sun.reflect.NativeMethodAccessorImpl.invoke0(Native Method)
	at sun.reflect.NativeMethodAccessorImpl.invoke(NativeMethodAccessorImpl.java:62)
	at sun.reflect.DelegatingMethodAccessorImpl.invoke(DelegatingMethodAccessorImpl.java:43)
	at java.lang.reflect.Method.invoke(Method.java:498)
	at org.junit.runners.model.FrameworkMethod$1.runReflectiveCall(FrameworkMethod.java:50)
	at org.junit.internal.runners.model.ReflectiveCallable.run(ReflectiveCallable.java:12)
	at org.junit.runners.model.FrameworkMethod.invokeExplosively(FrameworkMethod.java:47)
	at org.junit.internal.runners.statements.InvokeMethod.evaluate(InvokeMethod.java:17)
	at org.junit.internal.runners.statements.FailOnTimeout$CallableStatement.call(FailOnTimeout.java:298)
	at org.junit.internal.runners.statements.FailOnTimeout$CallableStatement.call(FailOnTimeout.java:292)
	at java.util.concurrent.FutureTask.run(FutureTask.java:266)
	at java.lang.Thread.run(Thread.java:748)
</failure>
  </testcase>
  <testcase name="test6" classname="examples.ListComp02_ESTest" time="0.002"/>
  <testcase name="test5" classname="examples.ListComp02_ESTest" time="0.005"/>
  <testcase name="test4" classname="examples.ListComp02_ESTest" time="0.003"/>
  <testcase name="test3" classname="examples.ListComp02_ESTest" time="0.005"/>
  <testcase name="test2" classname="examples.ListComp02_ESTest" time="0.003">
    <failure message="java.lang.NullPointerException" type="java.lang.NullPointerException">java.lang.NullPointerException
	at examples.ListComp02.insert_s(ListComp02.java:43)
	at examples.ListComp02_ESTest.test2(ListComp02_ESTest.java:60)
	at sun.reflect.NativeMethodAccessorImpl.invoke0(Native Method)
	at sun.reflect.NativeMethodAccessorImpl.invoke(NativeMethodAccessorImpl.java:62)
	at sun.reflect.DelegatingMethodAccessorImpl.invoke(DelegatingMethodAccessorImpl.java:43)
	at java.lang.reflect.Method.invoke(Method.java:498)
	at org.junit.runners.model.FrameworkMethod$1.runReflectiveCall(FrameworkMethod.java:50)
	at org.junit.internal.runners.model.ReflectiveCallable.run(ReflectiveCallable.java:12)
	at org.junit.runners.model.FrameworkMethod.invokeExplosively(FrameworkMethod.java:47)
	at org.junit.internal.runners.statements.InvokeMethod.evaluate(InvokeMethod.java:17)
	at org.junit.internal.runners.statements.FailOnTimeout$CallableStatement.call(FailOnTimeout.java:298)
	at org.junit.internal.runners.statements.FailOnTimeout$CallableStatement.call(FailOnTimeout.java:292)
	at java.util.concurrent.FutureTask.run(FutureTask.java:266)
	at java.lang.Thread.run(Thread.java:748)
</failure>
  </testcase>
  <system-out><![CDATA[01:02:12.211 [Test worker] INFO  o.e.r.instrumentation.EvoClassLoader - Seeing class for first time: examples.ListComp02_ESTest
01:02:12.221 [Test worker] INFO  o.e.r.instrumentation.EvoClassLoader - Instrumenting class 'examples.ListComp02_ESTest'.
01:02:12.255 [Test worker] INFO  o.e.r.instrumentation.EvoClassLoader - Seeing class for first time: examples.ListComp02_ESTest_scaffolding
01:02:12.255 [Test worker] INFO  o.e.r.instrumentation.EvoClassLoader - Instrumenting class 'examples.ListComp02_ESTest_scaffolding'.
01:02:12.258 [Test worker] INFO  o.e.r.instrumentation.EvoClassLoader - Keeping class: examples.ListComp02_ESTest_scaffolding
01:02:12.258 [Test worker] INFO  o.e.r.instrumentation.EvoClassLoader - Keeping class: examples.ListComp02_ESTest
01:02:12.603 [Test worker] DEBUG o.e.runtime.sandbox.MSecurityManager - Adding privileged thread: "Reference Handler"
01:02:12.603 [Test worker] DEBUG o.e.runtime.sandbox.MSecurityManager - Adding privileged thread: "Finalizer"
01:02:12.603 [Test worker] DEBUG o.e.runtime.sandbox.MSecurityManager - Adding privileged thread: "Signal Dispatcher"
01:02:12.603 [Test worker] DEBUG o.e.runtime.sandbox.MSecurityManager - Adding privileged thread: "Attach Listener"
01:02:12.603 [Test worker] DEBUG o.e.runtime.sandbox.MSecurityManager - Adding privileged thread: "Java2D Disposer"
01:02:12.604 [Test worker] DEBUG o.e.runtime.sandbox.MSecurityManager - Adding privileged thread: "AWT-Shutdown"
01:02:12.604 [Test worker] DEBUG o.e.runtime.sandbox.MSecurityManager - Adding privileged thread: "AWT-Windows"
01:02:12.604 [Test worker] DEBUG o.e.runtime.sandbox.MSecurityManager - Adding privileged thread: "main"
01:02:12.604 [Test worker] DEBUG o.e.runtime.sandbox.MSecurityManager - Adding privileged thread: "Test worker"
01:02:12.604 [Test worker] DEBUG o.e.runtime.sandbox.MSecurityManager - Adding privileged thread: "/127.0.0.1:59544 to /127.0.0.1:59543 workers Thread 2"
01:02:12.605 [Test worker] DEBUG o.e.runtime.sandbox.MSecurityManager - Adding privileged thread: "/127.0.0.1:59544 to /127.0.0.1:59543 workers Thread 3"
01:02:12.682 [Test worker] INFO  o.e.r.instrumentation.EvoClassLoader - Seeing class for first time: examples.ListComp02
01:02:12.683 [Test worker] INFO  o.e.r.instrumentation.EvoClassLoader - Instrumenting class 'examples.ListComp02'.
01:02:12.707 [Test worker] INFO  o.e.r.i.MethodCallReplacementClassAdapter - Adding mock interface to class examples/ListComp02
01:02:12.952 [Test worker] INFO  o.e.r.i.CreateClassResetClassAdapter - Creating brand-new static initializer in class examples/ListComp02
01:02:12.953 [Test worker] INFO  o.e.r.instrumentation.EvoClassLoader - Keeping class: examples.ListComp02
01:02:12.955 [Test worker] INFO  o.e.r.instrumentation.EvoClassLoader - Seeing class for first time: examples.S
01:02:12.955 [Test worker] INFO  o.e.r.instrumentation.EvoClassLoader - Instrumenting class 'examples.S'.
01:02:12.958 [Test worker] INFO  o.e.r.i.MethodCallReplacementClassAdapter - Adding mock interface to class examples/S
01:02:12.959 [Test worker] INFO  o.e.r.i.CreateClassResetClassAdapter - Creating brand-new static initializer in class examples/S
01:02:12.959 [Test worker] INFO  o.e.r.instrumentation.EvoClassLoader - Keeping class: examples.S
01:02:12.960 [Test worker] INFO  o.e.r.instrumentation.EvoClassLoader - Seeing class for first time: examples.R
01:02:12.960 [Test worker] INFO  o.e.r.instrumentation.EvoClassLoader - Instrumenting class 'examples.R'.
01:02:12.961 [Test worker] INFO  o.e.r.i.MethodCallReplacementClassAdapter - Adding mock interface to class examples/R
01:02:12.962 [Test worker] INFO  o.e.r.i.CreateClassResetClassAdapter - Creating brand-new static initializer in class examples/R
01:02:12.963 [Test worker] INFO  o.e.r.instrumentation.EvoClassLoader - Keeping class: examples.R
]]></system-out>
  <system-err><![CDATA[]]></system-err>
</testsuite>
