<?xml version="1.0" encoding="UTF-8"?>
<testsuite name="DataStructures.StackAr_ESTest" tests="12" skipped="0" failures="2" errors="0" timestamp="2022-05-25T11:21:37" hostname="grtx" time="0.036">
  <properties/>
  <testcase name="test07" classname="DataStructures.StackAr_ESTest" time="0.01"/>
  <testcase name="test06" classname="DataStructures.StackAr_ESTest" time="0.002"/>
  <testcase name="test09" classname="DataStructures.StackAr_ESTest" time="0.004"/>
  <testcase name="test08" classname="DataStructures.StackAr_ESTest" time="0.002"/>
  <testcase name="test10" classname="DataStructures.StackAr_ESTest" time="0.002"/>
  <testcase name="test01" classname="DataStructures.StackAr_ESTest" time="0.001"/>
  <testcase name="test00" classname="DataStructures.StackAr_ESTest" time="0.005">
    <failure message="java.lang.AssertionError" type="java.lang.AssertionError">java.lang.AssertionError
	at DataStructures.StackAr.pop(StackAr.java:106)
	at DataStructures.StackAr_ESTest.test00(StackAr_ESTest.java:25)
	at sun.reflect.NativeMethodAccessorImpl.invoke0(Native Method)
	at sun.reflect.NativeMethodAccessorImpl.invoke(NativeMethodAccessorImpl.java:62)
	at sun.reflect.DelegatingMethodAccessorImpl.invoke(DelegatingMethodAccessorImpl.java:43)
	at java.lang.reflect.Method.invoke(Method.java:498)
	at org.junit.runners.model.FrameworkMethod$1.runReflectiveCall(FrameworkMethod.java:50)
	at org.junit.internal.runners.model.ReflectiveCallable.run(ReflectiveCallable.java:12)
	at org.junit.runners.model.FrameworkMethod.invokeExplosively(FrameworkMethod.java:47)
	at org.junit.internal.runners.statements.InvokeMethod.evaluate(InvokeMethod.java:17)
	at org.junit.internal.runners.statements.FailOnTimeout$CallableStatement.call(FailOnTimeout.java:298)
	at org.junit.internal.runners.statements.FailOnTimeout$CallableStatement.call(FailOnTimeout.java:292)
	at java.util.concurrent.FutureTask.run(FutureTask.java:266)
	at java.lang.Thread.run(Thread.java:748)
</failure>
  </testcase>
  <testcase name="test11" classname="DataStructures.StackAr_ESTest" time="0.002">
    <failure message="java.lang.AssertionError" type="java.lang.AssertionError">java.lang.AssertionError
	at DataStructures.StackAr.pop(StackAr.java:106)
	at DataStructures.StackAr_ESTest.test11(StackAr_ESTest.java:136)
	at sun.reflect.NativeMethodAccessorImpl.invoke0(Native Method)
	at sun.reflect.NativeMethodAccessorImpl.invoke(NativeMethodAccessorImpl.java:62)
	at sun.reflect.DelegatingMethodAccessorImpl.invoke(DelegatingMethodAccessorImpl.java:43)
	at java.lang.reflect.Method.invoke(Method.java:498)
	at org.junit.runners.model.FrameworkMethod$1.runReflectiveCall(FrameworkMethod.java:50)
	at org.junit.internal.runners.model.ReflectiveCallable.run(ReflectiveCallable.java:12)
	at org.junit.runners.model.FrameworkMethod.invokeExplosively(FrameworkMethod.java:47)
	at org.junit.internal.runners.statements.InvokeMethod.evaluate(InvokeMethod.java:17)
	at org.junit.internal.runners.statements.FailOnTimeout$CallableStatement.call(FailOnTimeout.java:298)
	at org.junit.internal.runners.statements.FailOnTimeout$CallableStatement.call(FailOnTimeout.java:292)
	at java.util.concurrent.FutureTask.run(FutureTask.java:266)
	at java.lang.Thread.run(Thread.java:748)
</failure>
  </testcase>
  <testcase name="test03" classname="DataStructures.StackAr_ESTest" time="0.002"/>
  <testcase name="test02" classname="DataStructures.StackAr_ESTest" time="0.002"/>
  <testcase name="test05" classname="DataStructures.StackAr_ESTest" time="0.002"/>
  <testcase name="test04" classname="DataStructures.StackAr_ESTest" time="0.001"/>
  <system-out><![CDATA[13:21:36.878 [Test worker] INFO  o.e.r.instrumentation.EvoClassLoader - Seeing class for first time: DataStructures.StackAr_ESTest
13:21:36.882 [Test worker] INFO  o.e.r.instrumentation.EvoClassLoader - Instrumenting class 'DataStructures.StackAr_ESTest'.
13:21:36.926 [Test worker] INFO  o.e.r.instrumentation.EvoClassLoader - Seeing class for first time: DataStructures.StackAr_ESTest_scaffolding
13:21:36.926 [Test worker] INFO  o.e.r.instrumentation.EvoClassLoader - Instrumenting class 'DataStructures.StackAr_ESTest_scaffolding'.
13:21:36.938 [Test worker] INFO  o.e.r.instrumentation.EvoClassLoader - Keeping class: DataStructures.StackAr_ESTest_scaffolding
13:21:36.939 [Test worker] INFO  o.e.r.instrumentation.EvoClassLoader - Keeping class: DataStructures.StackAr_ESTest
13:21:37.309 [Test worker] DEBUG o.e.runtime.sandbox.MSecurityManager - Adding privileged thread: "Reference Handler"
13:21:37.309 [Test worker] DEBUG o.e.runtime.sandbox.MSecurityManager - Adding privileged thread: "Finalizer"
13:21:37.310 [Test worker] DEBUG o.e.runtime.sandbox.MSecurityManager - Adding privileged thread: "Signal Dispatcher"
13:21:37.310 [Test worker] DEBUG o.e.runtime.sandbox.MSecurityManager - Adding privileged thread: "Attach Listener"
13:21:37.310 [Test worker] DEBUG o.e.runtime.sandbox.MSecurityManager - Adding privileged thread: "Java2D Disposer"
13:21:37.311 [Test worker] DEBUG o.e.runtime.sandbox.MSecurityManager - Adding privileged thread: "AWT-Shutdown"
13:21:37.311 [Test worker] DEBUG o.e.runtime.sandbox.MSecurityManager - Adding privileged thread: "AWT-Windows"
13:21:37.311 [Test worker] DEBUG o.e.runtime.sandbox.MSecurityManager - Adding privileged thread: "main"
13:21:37.312 [Test worker] DEBUG o.e.runtime.sandbox.MSecurityManager - Adding privileged thread: "Test worker"
13:21:37.312 [Test worker] DEBUG o.e.runtime.sandbox.MSecurityManager - Adding privileged thread: "/127.0.0.1:56101 to /127.0.0.1:56100 workers Thread 2"
13:21:37.312 [Test worker] DEBUG o.e.runtime.sandbox.MSecurityManager - Adding privileged thread: "/127.0.0.1:56101 to /127.0.0.1:56100 workers Thread 3"
13:21:37.370 [Test worker] INFO  o.e.r.instrumentation.EvoClassLoader - Seeing class for first time: DataStructures.UnderflowException
13:21:37.370 [Test worker] INFO  o.e.r.instrumentation.EvoClassLoader - Instrumenting class 'DataStructures.UnderflowException'.
13:21:37.402 [Test worker] INFO  o.e.r.i.MethodCallReplacementClassAdapter - Adding mock interface to class DataStructures/UnderflowException
13:21:37.613 [Test worker] INFO  o.e.r.i.CreateClassResetClassAdapter - Creating brand-new static initializer in class DataStructures/UnderflowException
13:21:37.613 [Test worker] INFO  o.e.r.instrumentation.EvoClassLoader - Keeping class: DataStructures.UnderflowException
13:21:37.614 [Test worker] INFO  o.e.r.instrumentation.EvoClassLoader - Seeing class for first time: DataStructures.StackAr
13:21:37.614 [Test worker] INFO  o.e.r.instrumentation.EvoClassLoader - Instrumenting class 'DataStructures.StackAr'.
13:21:37.616 [Test worker] INFO  o.e.r.i.MethodCallReplacementClassAdapter - Adding mock interface to class DataStructures/StackAr
13:21:37.619 [Test worker] INFO  o.e.r.i.CreateClassResetClassAdapter - Found static initializer in class DataStructures/StackAr
13:21:37.622 [Test worker] INFO  o.e.r.instrumentation.EvoClassLoader - Keeping class: DataStructures.StackAr
13:21:37.623 [Test worker] INFO  o.e.r.instrumentation.EvoClassLoader - Seeing class for first time: DataStructures.OverflowException
13:21:37.623 [Test worker] INFO  o.e.r.instrumentation.EvoClassLoader - Instrumenting class 'DataStructures.OverflowException'.
13:21:37.625 [Test worker] INFO  o.e.r.i.MethodCallReplacementClassAdapter - Adding mock interface to class DataStructures/OverflowException
13:21:37.626 [Test worker] INFO  o.e.r.i.CreateClassResetClassAdapter - Creating brand-new static initializer in class DataStructures/OverflowException
13:21:37.626 [Test worker] INFO  o.e.r.instrumentation.EvoClassLoader - Keeping class: DataStructures.OverflowException
]]></system-out>
  <system-err><![CDATA[]]></system-err>
</testsuite>
