<?xml version="1.0" encoding="UTF-8"?>
<testsuite name="examples.Map_ESTest" tests="15" skipped="0" failures="1" errors="0" timestamp="2022-05-25T00:08:35" hostname="grtx" time="0.063">
  <properties/>
  <testcase name="test03" classname="examples.Map_ESTest" time="0.016"/>
  <testcase name="test14" classname="examples.Map_ESTest" time="0.006"/>
  <testcase name="test02" classname="examples.Map_ESTest" time="0.003"/>
  <testcase name="test13" classname="examples.Map_ESTest" time="0.002"/>
  <testcase name="test05" classname="examples.Map_ESTest" time="0.002"/>
  <testcase name="test04" classname="examples.Map_ESTest" time="0.002"/>
  <testcase name="test10" classname="examples.Map_ESTest" time="0.002"/>
  <testcase name="test01" classname="examples.Map_ESTest" time="0.002"/>
  <testcase name="test12" classname="examples.Map_ESTest" time="0.004"/>
  <testcase name="test00" classname="examples.Map_ESTest" time="0.003"/>
  <testcase name="test11" classname="examples.Map_ESTest" time="0.002"/>
  <testcase name="test07" classname="examples.Map_ESTest" time="0.002"/>
  <testcase name="test06" classname="examples.Map_ESTest" time="0.002"/>
  <testcase name="test09" classname="examples.Map_ESTest" time="0.007">
    <failure message="java.lang.AssertionError: expected:&lt;1&gt; but was:&lt;2&gt;" type="java.lang.AssertionError">java.lang.AssertionError: expected:&lt;1&gt; but was:&lt;2&gt;
	at org.junit.Assert.fail(Assert.java:88)
	at org.junit.Assert.failNotEquals(Assert.java:834)
	at org.junit.Assert.assertEquals(Assert.java:645)
	at org.junit.Assert.assertEquals(Assert.java:631)
	at examples.Map_ESTest.test09(Map_ESTest.java:115)
	at sun.reflect.NativeMethodAccessorImpl.invoke0(Native Method)
	at sun.reflect.NativeMethodAccessorImpl.invoke(NativeMethodAccessorImpl.java:62)
	at sun.reflect.DelegatingMethodAccessorImpl.invoke(DelegatingMethodAccessorImpl.java:43)
	at java.lang.reflect.Method.invoke(Method.java:498)
	at org.junit.runners.model.FrameworkMethod$1.runReflectiveCall(FrameworkMethod.java:50)
	at org.junit.internal.runners.model.ReflectiveCallable.run(ReflectiveCallable.java:12)
	at org.junit.runners.model.FrameworkMethod.invokeExplosively(FrameworkMethod.java:47)
	at org.junit.internal.runners.statements.InvokeMethod.evaluate(InvokeMethod.java:17)
	at org.junit.internal.runners.statements.FailOnTimeout$CallableStatement.call(FailOnTimeout.java:298)
	at org.junit.internal.runners.statements.FailOnTimeout$CallableStatement.call(FailOnTimeout.java:292)
	at java.util.concurrent.FutureTask.run(FutureTask.java:266)
	at java.lang.Thread.run(Thread.java:748)
</failure>
  </testcase>
  <testcase name="test08" classname="examples.Map_ESTest" time="0.001"/>
  <system-out><![CDATA[02:08:35.155 [Test worker] INFO  o.e.r.instrumentation.EvoClassLoader - Seeing class for first time: examples.Map_ESTest
02:08:35.158 [Test worker] INFO  o.e.r.instrumentation.EvoClassLoader - Instrumenting class 'examples.Map_ESTest'.
02:08:35.211 [Test worker] INFO  o.e.r.instrumentation.EvoClassLoader - Seeing class for first time: examples.Map_ESTest_scaffolding
02:08:35.212 [Test worker] INFO  o.e.r.instrumentation.EvoClassLoader - Instrumenting class 'examples.Map_ESTest_scaffolding'.
02:08:35.217 [Test worker] INFO  o.e.r.instrumentation.EvoClassLoader - Keeping class: examples.Map_ESTest_scaffolding
02:08:35.218 [Test worker] INFO  o.e.r.instrumentation.EvoClassLoader - Keeping class: examples.Map_ESTest
02:08:35.595 [Test worker] DEBUG o.e.runtime.sandbox.MSecurityManager - Adding privileged thread: "Reference Handler"
02:08:35.595 [Test worker] DEBUG o.e.runtime.sandbox.MSecurityManager - Adding privileged thread: "Finalizer"
02:08:35.595 [Test worker] DEBUG o.e.runtime.sandbox.MSecurityManager - Adding privileged thread: "Signal Dispatcher"
02:08:35.596 [Test worker] DEBUG o.e.runtime.sandbox.MSecurityManager - Adding privileged thread: "Attach Listener"
02:08:35.596 [Test worker] DEBUG o.e.runtime.sandbox.MSecurityManager - Adding privileged thread: "Java2D Disposer"
02:08:35.596 [Test worker] DEBUG o.e.runtime.sandbox.MSecurityManager - Adding privileged thread: "AWT-Shutdown"
02:08:35.596 [Test worker] DEBUG o.e.runtime.sandbox.MSecurityManager - Adding privileged thread: "AWT-Windows"
02:08:35.596 [Test worker] DEBUG o.e.runtime.sandbox.MSecurityManager - Adding privileged thread: "main"
02:08:35.596 [Test worker] DEBUG o.e.runtime.sandbox.MSecurityManager - Adding privileged thread: "Test worker"
02:08:35.596 [Test worker] DEBUG o.e.runtime.sandbox.MSecurityManager - Adding privileged thread: "/127.0.0.1:64489 to /127.0.0.1:64488 workers Thread 2"
02:08:35.596 [Test worker] DEBUG o.e.runtime.sandbox.MSecurityManager - Adding privileged thread: "/127.0.0.1:64489 to /127.0.0.1:64488 workers Thread 3"
02:08:35.678 [Test worker] INFO  o.e.r.instrumentation.EvoClassLoader - Seeing class for first time: examples.Map
02:08:35.678 [Test worker] INFO  o.e.r.instrumentation.EvoClassLoader - Instrumenting class 'examples.Map'.
02:08:35.708 [Test worker] INFO  o.e.r.i.MethodCallReplacementClassAdapter - Adding mock interface to class examples/Map
02:08:35.977 [Test worker] INFO  o.e.r.i.CreateClassResetClassAdapter - Creating brand-new static initializer in class examples/Map
02:08:35.978 [Test worker] INFO  o.e.r.instrumentation.EvoClassLoader - Keeping class: examples.Map
02:08:36.028 [Test worker] INFO  o.e.runtime.thread.ThreadStopper - Found new thread
02:08:36.039 [Test worker] INFO  o.e.runtime.thread.ThreadStopper - Found new thread
]]></system-out>
  <system-err><![CDATA[]]></system-err>
</testsuite>
